<?xml version="1.0" encoding="UTF-8"?>
<!-- Generated by org.testng.reporters.JUnitXMLReporter -->
<testsuite hostname="travis-job-f5517938-b6f9-4a3b-84ba-8eacbeecf05a" name="Command line test 98831c6c-396c-49f3-9066-77e4465958d9" tests="1" failures="0" timestamp="28 Jun 2019 20:46:58 GMT" time="0.035" errors="0">
  <testcase name="testGetTotalLoss on testGetTotalLoss(quickml.supervised.crossValidation.crossValLossFunctions.MSECrossValLossFunctionTest)" time="0.002" classname="quickml.supervised.crossValidation.crossValLossFunctions.MSECrossValLossFunctionTest"/>
</testsuite> <!-- Command line test 98831c6c-396c-49f3-9066-77e4465958d9 -->
