<?xml version="1.0" encoding="UTF-8"?>
<testsuite name="TestSuite" time="30.104" tests="42" errors="0" skipped="0" failures="0">
  <properties>
[...]
</properties>
  <testcase name="simpleTest" classname="quickml.supervised.predictiveModelOptimizer.fieldValueRecommenders.FixedOrderRecommenderTest" time="0.022"/>
  <testcase name="irisTest" classname="quickml.supervised.predictiveModelOptimizer.PredictiveModelOptimizerTest" time="9.543"/>
  <testcase name="simpleBmiTest" classname="quickml.supervised.classifier.splitOnAttributePredictiveModel.SplitOnAttributePMBuilderTest" time="4.412"/>
  <testcase name="simpleBmiTestNoSplit" classname="quickml.supervised.classifier.splitOnAttributePredictiveModel.SplitOnAttributePMBuilderTest" time="0.666"/>
  <testcase name="simpleBmiTestSplit" classname="quickml.supervised.classifier.splitOnAttributePredictiveModel.SplitOnAttributePMBuilderTest" time="1.146"/>
  <testcase name="simpleTest" classname="quickml.supervised.classifier.downsamplingPredictiveModel.DownsamplingPredictiveModelTest" time="0.138"/>
  <testcase name="simpleBmiTest" classname="quickml.supervised.classifier.downsamplingPredictiveModel.DownsamplingPredictiveModelBuilderTest" time="0.497"/>
  <testcase name="simpleTest" classname="quickml.supervised.classifier.downsamplingPredictiveModel.DownsamplingPredictiveModelBuilderTest" time="0.013"/>
  <testcase name="simpleBmiTest" classname="quickml.supervised.classifier.temporallyWeightPredictiveModel.TemporallyReweightedPMBuilderTest" time="0.318"/>
  <testcase name="testError3ClassificationsInDataSet" classname="quickml.supervised.classifier.temporallyWeightPredictiveModel.TemporallyReweightedPMBuilderTest" time="0"/>
  <testcase name="simpleBmiTest" classname="quickml.supervised.classifier.decisionTree.TreeBuilderTest" time="0.118"/>
  <testcase name="simpleBmiTestNoSplit" classname="quickml.supervised.classifier.decisionTree.TreeBuilderTest" time="0.238"/>
  <testcase name="simpleBmiTestRebuild" classname="quickml.supervised.classifier.decisionTree.TreeBuilderTest" time="0.312"/>
  <testcase name="simpleBmiTestSplit" classname="quickml.supervised.classifier.decisionTree.TreeBuilderTest" time="0.202"/>
  <testcase name="twoDeterministicDecisionTreesAreEqual" classname="quickml.supervised.classifier.decisionTree.TreeBuilderTest" time="0.232"/>
  <testcase name="diffClassificationTest" classname="quickml.supervised.classifier.decisionTree.scorers.InformationGainScorerTest" time="0.001"/>
  <testcase name="sameClassificationTest" classname="quickml.supervised.classifier.decisionTree.scorers.InformationGainScorerTest" time="0"/>
  <testcase name="simpleTest" classname="quickml.supervised.classifier.decisionTree.scorers.MSEScorerTest" time="0.001"/>
  <testcase name="diffClassificationTest" classname="quickml.supervised.classifier.decisionTree.scorers.GiniImpurityScorerTest" time="0.001"/>
  <testcase name="sameClassificationTest" classname="quickml.supervised.classifier.decisionTree.scorers.GiniImpurityScorerTest" time="0"/>
  <testcase name="testAdd" classname="quickml.supervised.classifier.decisionTree.ClassificationCounterTest" time="0.005"/>
  <testcase name="testMerge" classname="quickml.supervised.classifier.decisionTree.ClassificationCounterTest" time="0"/>
  <testcase name="testSubtract" classname="quickml.supervised.classifier.decisionTree.ClassificationCounterTest" time="0"/>
  <testcase name="simpleBmiTest" classname="quickml.supervised.classifier.randomForest.RandomForestBuilderTest" time="1.492"/>
  <testcase name="simpleBmiTestNoSplit" classname="quickml.supervised.classifier.randomForest.RandomForestBuilderTest" time="2.309"/>
  <testcase name="simpleBmiTestSplit" classname="quickml.supervised.classifier.randomForest.RandomForestBuilderTest" time="3.255"/>
  <testcase name="twoDeterministicRandomForestsAreEqual" classname="quickml.supervised.classifier.randomForest.RandomForestBuilderTest" time="5.037"/>
  <testcase name="simpleTest" classname="quickml.supervised.featureEngineering.FeatureEngineeringPredictiveModelBuilderTest" time="0.003"/>
  <testcase name="simpleTest" classname="quickml.supervised.featureEngineering.enrichStrategies.attributeCombiner.AttributeCombiningEnricherTest" time="0.001"/>
  <testcase name="testCreateAttributesEnricher" classname="quickml.supervised.featureEngineering.enrichStrategies.probabilityInjector.ProbabilityEnrichStrategyTest" time="0.001"/>
  <testcase name="simpleTest" classname="quickml.supervised.featureEngineering.enrichStrategies.probabilityInjector.ProbabilityInjectingEnricherTest" time="0.001"/>
  <testcase name="testGetEntryWithLowestValue" classname="quickml.MapUtilsTest" time="0.001"/>
  <testcase name="simpleTest" classname="quickml.collections.ValueSummingMapTest" time="0.001"/>
  <testcase name="testGetTotalLoss on testGetTotalLoss(quickml.supervised.crossValidation.crossValLossFunctions.MSECrossValLossFunctionTest)" classname="quickml.supervised.crossValidation.crossValLossFunctions.MSECrossValLossFunctionTest" time="0.001"/>
  <testcase name="testSortDataByProbability on testSortDataByProbability(quickml.supervised.crossValidation.crossValLossFunctions.WeightedAUCCrossValLossFunctionTest)" classname="quickml.supervised.crossValidation.crossValLossFunctions.WeightedAUCCrossValLossFunctionTest" time="0.002"/>
  <testcase name="testGetAUCPoint on testGetAUCPoint(quickml.supervised.crossValidation.crossValLossFunctions.WeightedAUCCrossValLossFunctionTest)" classname="quickml.supervised.crossValidation.crossValLossFunctions.WeightedAUCCrossValLossFunctionTest" time="0.001"/>
  <testcase name="testGetAucPointsFromData on testGetAucPointsFromData(quickml.supervised.crossValidation.crossValLossFunctions.WeightedAUCCrossValLossFunctionTest)" classname="quickml.supervised.crossValidation.crossValLossFunctions.WeightedAUCCrossValLossFunctionTest" time="0.001"/>
  <testcase name="testTotalLossNoData on testTotalLossNoData(quickml.supervised.crossValidation.crossValLossFunctions.WeightedAUCCrossValLossFunctionTest)" classname="quickml.supervised.crossValidation.crossValLossFunctions.WeightedAUCCrossValLossFunctionTest" time="0"/>
  <testcase name="testAgainstMahout on testAgainstMahout(quickml.supervised.crossValidation.crossValLossFunctions.WeightedAUCCrossValLossFunctionTest)" classname="quickml.supervised.crossValidation.crossValLossFunctions.WeightedAUCCrossValLossFunctionTest" time="0.068"/>
  <testcase name="testGetTotalLoss on testGetTotalLoss(quickml.supervised.crossValidation.crossValLossFunctions.WeightedAUCCrossValLossFunctionTest)" classname="quickml.supervised.crossValidation.crossValLossFunctions.WeightedAUCCrossValLossFunctionTest" time="0"/>
  <testcase name="testOnlySupportBinaryClassifications on testOnlySupportBinaryClassifications(quickml.supervised.crossValidation.crossValLossFunctions.WeightedAUCCrossValLossFunctionTest)" classname="quickml.supervised.crossValidation.crossValLossFunctions.WeightedAUCCrossValLossFunctionTest" time="0.02"/>
  <testcase name="testCrossValidator on testCrossValidator(quickml.supervised.crossValidation.CrossValidatorTest)" classname="quickml.supervised.crossValidation.CrossValidatorTest" time="0.045"/>
</testsuite>