<?xml version="1.0" encoding="UTF-8"?>
<!-- Generated by org.testng.reporters.JUnitXMLReporter -->
<testsuite hostname="travis-job-6e7ff1af-1c83-4685-b9db-85af37f7b13e" name="Command line test 0fbf2141-2858-44c7-a060-0a9af8f70fc8" tests="4" failures="0" timestamp="28 Jun 2019 20:48:58 GMT" time="0.768" errors="0">
  <testcase name="simpleBmiTest" time="0.129" classname="quickdt.predictiveModels.decisionTree.TreeBuilderTest"/>
  <testcase name="simpleBmiTestNoSplit" time="0.129" classname="quickdt.predictiveModels.decisionTree.TreeBuilderTest"/>
  <testcase name="simpleBmiTestRebuild" time="0.367" classname="quickdt.predictiveModels.decisionTree.TreeBuilderTest"/>
  <testcase name="simpleBmiTestSplit" time="0.139" classname="quickdt.predictiveModels.decisionTree.TreeBuilderTest"/>
</testsuite> <!-- Command line test 0fbf2141-2858-44c7-a060-0a9af8f70fc8 -->
