<?xml version="1.0" encoding="UTF-8"?>
<!-- Generated by org.testng.reporters.JUnitXMLReporter -->
<testsuite hostname="travis-job-042c8728-ff1b-4eb4-b0a4-16941c0c4450" name="Command line test 49ea5dd6-2b39-41ea-ae2d-d1d02c9e095b" tests="7" failures="0" timestamp="28 Jun 2019 20:46:43 GMT" time="0.213" errors="0">
  <testcase name="testGetTotalLoss on testGetTotalLoss(quickdt.crossValidation.WeightedAUCCrossValLossTest)" time="0.016" classname="quickdt.crossValidation.WeightedAUCCrossValLossTest"/>
  <testcase name="testOnlySupportBinaryClassifications on testOnlySupportBinaryClassifications(quickdt.crossValidation.WeightedAUCCrossValLossTest)" time="0.005" classname="quickdt.crossValidation.WeightedAUCCrossValLossTest"/>
  <testcase name="testSortDataByProbability on testSortDataByProbability(quickdt.crossValidation.WeightedAUCCrossValLossTest)" time="0.001" classname="quickdt.crossValidation.WeightedAUCCrossValLossTest"/>
  <testcase name="testGetAUCPoint on testGetAUCPoint(quickdt.crossValidation.WeightedAUCCrossValLossTest)" time="0.0" classname="quickdt.crossValidation.WeightedAUCCrossValLossTest"/>
  <testcase name="testGetAucPointsFromData on testGetAucPointsFromData(quickdt.crossValidation.WeightedAUCCrossValLossTest)" time="0.0" classname="quickdt.crossValidation.WeightedAUCCrossValLossTest"/>
  <testcase name="testTotalLossNoData on testTotalLossNoData(quickdt.crossValidation.WeightedAUCCrossValLossTest)" time="0.001" classname="quickdt.crossValidation.WeightedAUCCrossValLossTest"/>
  <testcase name="testAgainstMahout on testAgainstMahout(quickdt.crossValidation.WeightedAUCCrossValLossTest)" time="0.181" classname="quickdt.crossValidation.WeightedAUCCrossValLossTest"/>
</testsuite> <!-- Command line test 49ea5dd6-2b39-41ea-ae2d-d1d02c9e095b -->
