<?xml version="1.0" encoding="UTF-8"?>
<!-- Generated by org.testng.reporters.JUnitXMLReporter -->
<testsuite hostname="travis-job-f5517938-b6f9-4a3b-84ba-8eacbeecf05a" name="Command line test e17c97d7-7b4c-49b7-acc9-051cc8bb58a2" tests="2" failures="0" timestamp="28 Jun 2019 20:46:44 GMT" time="0.319" errors="0">
  <testcase name="simpleBmiTest" time="0.318" classname="quickml.supervised.classifier.temporallyWeightPredictiveModel.TemporallyReweightedPMBuilderTest"/>
  <testcase name="testError3ClassificationsInDataSet" time="0.0" classname="quickml.supervised.classifier.temporallyWeightPredictiveModel.TemporallyReweightedPMBuilderTest"/>
</testsuite> <!-- Command line test e17c97d7-7b4c-49b7-acc9-051cc8bb58a2 -->
