<?xml version="1.0" encoding="UTF-8" ?>
<testsuite tests="11" failures="0" name="com.github.javafaker.AddressTest" time="0.786" errors="0" skipped="0">
  <properties>
[...]
</properties>
  <testcase classname="com.github.javafaker.AddressTest" name="testCountryCode" time="0.081"/>
  <testcase classname="com.github.javafaker.AddressTest" name="testTimeZone" time="0.073"/>
  <testcase classname="com.github.javafaker.AddressTest" name="testState" time="0.069"/>
  <testcase classname="com.github.javafaker.AddressTest" name="testCity" time="0.098"/>
  <testcase classname="com.github.javafaker.AddressTest" name="testLatitude" time="0.095"/>
  <testcase classname="com.github.javafaker.AddressTest" name="testCityName" time="0.071"/>
  <testcase classname="com.github.javafaker.AddressTest" name="testCityWithLocaleFranceAndSeed" time="0.123"/>
  <testcase classname="com.github.javafaker.AddressTest" name="testStreetAddressIsANumber" time="0.044"/>
  <testcase classname="com.github.javafaker.AddressTest" name="testStreetAddressIncludeSecondary" time="0.038"/>
  <testcase classname="com.github.javafaker.AddressTest" name="testCountry" time="0.054"/>
  <testcase classname="com.github.javafaker.AddressTest" name="testLongitude" time="0.04"/>
</testsuite>