<?xml version="1.0" encoding="UTF-8"?>
<!-- Generated by org.testng.reporters.JUnitXMLReporter -->
<testsuite hostname="travis-job-29e4e04f-b922-420b-a989-87fd7dcacef0" name="Command line test 3ef54ad5-f6a4-4702-99db-29f180f00823" tests="2" failures="0" timestamp="28 Jun 2019 20:42:21 GMT" time="0.536" errors="0">
  <testcase name="simpleBmiTest" time="0.507" classname="quickdt.predictiveModels.downsamplingPredictiveModel.DownsamplingPredictiveModelBuilderTest"/>
  <testcase name="simpleTest" time="0.029" classname="quickdt.predictiveModels.downsamplingPredictiveModel.DownsamplingPredictiveModelBuilderTest"/>
</testsuite> <!-- Command line test 3ef54ad5-f6a4-4702-99db-29f180f00823 -->
