<?xml version="1.0" encoding="UTF-8"?>
<!-- Generated by org.testng.reporters.JUnitXMLReporter -->
<testsuite hostname="travis-job-3afffb0c-585b-47c0-9e4d-a216860e9e5e" name="Command line test 72b12949-eff2-4592-a63f-a2408bd2ec2d" tests="7" failures="0" timestamp="28 Jun 2019 20:51:11 GMT" time="0.086" errors="0">
  <testcase name="testGetTotalLoss on testGetTotalLoss(quickdt.crossValidation.WeightedAUCCrossValLossTest)" time="0.008" classname="quickdt.crossValidation.WeightedAUCCrossValLossTest"/>
  <testcase name="testOnlySupportBinaryClassifications on testOnlySupportBinaryClassifications(quickdt.crossValidation.WeightedAUCCrossValLossTest)" time="0.004" classname="quickdt.crossValidation.WeightedAUCCrossValLossTest"/>
  <testcase name="testSortDataByProbability on testSortDataByProbability(quickdt.crossValidation.WeightedAUCCrossValLossTest)" time="0.001" classname="quickdt.crossValidation.WeightedAUCCrossValLossTest"/>
  <testcase name="testGetAUCPoint on testGetAUCPoint(quickdt.crossValidation.WeightedAUCCrossValLossTest)" time="0.0" classname="quickdt.crossValidation.WeightedAUCCrossValLossTest"/>
  <testcase name="testGetAucPointsFromData on testGetAucPointsFromData(quickdt.crossValidation.WeightedAUCCrossValLossTest)" time="0.0" classname="quickdt.crossValidation.WeightedAUCCrossValLossTest"/>
  <testcase name="testTotalLossNoData on testTotalLossNoData(quickdt.crossValidation.WeightedAUCCrossValLossTest)" time="0.0" classname="quickdt.crossValidation.WeightedAUCCrossValLossTest"/>
  <testcase name="testAgainstMahout on testAgainstMahout(quickdt.crossValidation.WeightedAUCCrossValLossTest)" time="0.065" classname="quickdt.crossValidation.WeightedAUCCrossValLossTest"/>
</testsuite> <!-- Command line test 72b12949-eff2-4592-a63f-a2408bd2ec2d -->
