<?xml version="1.0" encoding="UTF-8"?>
<!-- Generated by org.testng.reporters.JUnitXMLReporter -->
<testsuite hostname="travis-job-29e4e04f-b922-420b-a989-87fd7dcacef0" name="Command line test 1dbca8de-ca3e-4e68-bf10-6f0c987a1458" tests="3" failures="0" timestamp="28 Jun 2019 20:42:25 GMT" time="3.387" errors="0">
  <testcase name="simpleBmiTest" time="2.493" classname="quickdt.predictiveModels.calibratedPredictiveModel.PAVCalibratedPredictiveModelBuilderTest"/>
  <testcase name="simpleBmiTestNoSplit" time="0.319" classname="quickdt.predictiveModels.calibratedPredictiveModel.PAVCalibratedPredictiveModelBuilderTest"/>
  <testcase name="simpleBmiTestSplit" time="0.574" classname="quickdt.predictiveModels.calibratedPredictiveModel.PAVCalibratedPredictiveModelBuilderTest"/>
</testsuite> <!-- Command line test 1dbca8de-ca3e-4e68-bf10-6f0c987a1458 -->
