<?xml version="1.0" encoding="UTF-8"?>
<!-- Generated by org.testng.reporters.JUnitXMLReporter -->
<testsuite hostname="travis-job-6e7ff1af-1c83-4685-b9db-85af37f7b13e" name="Command line test fcd3bc1b-4022-49b4-89de-81065c151789" tests="2" failures="0" timestamp="28 Jun 2019 20:48:53 GMT" time="0.525" errors="0">
  <testcase name="simpleBmiTest" time="0.51" classname="quickdt.predictiveModels.downsamplingPredictiveModel.DownsamplingPredictiveModelBuilderTest"/>
  <testcase name="simpleTest" time="0.014" classname="quickdt.predictiveModels.downsamplingPredictiveModel.DownsamplingPredictiveModelBuilderTest"/>
</testsuite> <!-- Command line test fcd3bc1b-4022-49b4-89de-81065c151789 -->
