<?xml version="1.0" encoding="UTF-8"?>
<!-- Generated by org.testng.reporters.JUnitXMLReporter -->
<testsuite hostname="travis-job-6e7ff1af-1c83-4685-b9db-85af37f7b13e" name="Command line test cc86525f-6b46-4f4f-af71-7cbfc3a54291" tests="1" failures="0" timestamp="28 Jun 2019 20:48:58 GMT" time="0.004" errors="0">
  <testcase name="simpleTest" time="0.003" classname="quickdt.predictiveModels.featureEngineering.FeatureEngineeringPredictiveModelBuilderTest"/>
</testsuite> <!-- Command line test cc86525f-6b46-4f4f-af71-7cbfc3a54291 -->
