<?xml version="1.0" encoding="UTF-8" ?>
<testsuite tests="81" failures="0" name="javaslang.control.OptionTest" time="0.028" errors="0" skipped="0">
  <properties>
[...]
</properties>
  <testcase classname="javaslang.control.OptionTest" name="shouldGetValueOnOrElseGetWhenValueIsPresent" time="0"/>
  <testcase classname="javaslang.control.OptionTest" name="shouldConvertListOfMixedOptionsToOptionOfList" time="0"/>
  <testcase classname="javaslang.control.OptionTest" name="shouldBeAwareOfPropertyThatNotHoldsForAllOfSome" time="0.002"/>
  <testcase classname="javaslang.control.OptionTest" name="shouldReduceRightNonNil" time="0.001"/>
  <testcase classname="javaslang.control.OptionTest" name="shouldWrapSomeOptional" time="0"/>
  <testcase classname="javaslang.control.OptionTest" name="shouldConsumePresentValueOnPeekWhenValueIsPresent" time="0.001"/>
  <testcase classname="javaslang.control.OptionTest" name="shouldThrowExceptionOnNull" time="0"/>
  <testcase classname="javaslang.control.OptionTest" name="shouldCreateNothing" time="0"/>
  <testcase classname="javaslang.control.OptionTest" name="shouldGetValueOnOrElseThrowWhenValueIsPresent" time="0.001"/>
  <testcase classname="javaslang.control.OptionTest" name="shouldBeEmptyOnIsEmptyWhenValueIsEmpty" time="0"/>
  <testcase classname="javaslang.control.OptionTest" name="shouldReduceRightOptionNonNil" time="0"/>
  <testcase classname="javaslang.control.OptionTest" name="shouldNotConsumeAnythingOnForEachWhenValueIsNotPresent" time="0.001"/>
  <testcase classname="javaslang.control.OptionTest" name="shouldConsumePresentValueOnIsPresentWhenValueIsPresent" time="0"/>
  <testcase classname="javaslang.control.OptionTest" name="shouldNotConsumeAnythingOnIsPresentWhenValueIsNotPresent" time="0.001"/>
  <testcase classname="javaslang.control.OptionTest" name="shouldBeAwareOfPropertyThatHoldsExistsOfSome" time="0"/>
  <testcase classname="javaslang.control.OptionTest" name="shouldNotEqualNoneIfObjectIsOfDifferentType" time="0"/>
  <testcase classname="javaslang.control.OptionTest" name="shouldConvertSomeToJavaOptional" time="0"/>
  <testcase classname="javaslang.control.OptionTest" name="shouldBePresentOnIsPresentWhenValueIsPresent" time="0"/>
  <testcase classname="javaslang.control.OptionTest" name="shouldHashNone" time="0"/>
  <testcase classname="javaslang.control.OptionTest" name="shouldHashSome" time="0"/>
  <testcase classname="javaslang.control.OptionTest" name="shouldBeAwareOfPropertyThatNotHoldsExistsOfSome" time="0.003"/>
  <testcase classname="javaslang.control.OptionTest" name="shouldConvertNoneToJavaOptional" time="0.001"/>
  <testcase classname="javaslang.control.OptionTest" name="shouldThrowWhenReduceNullOperator" time="0.001"/>
  <testcase classname="javaslang.control.OptionTest" name="shouldWrapNullInSome" time="0"/>
  <testcase classname="javaslang.control.OptionTest" name="shouldNotExecuteIfFalse" time="0.001"/>
  <testcase classname="javaslang.control.OptionTest" name="shouldReduceLeftOptionNil" time="0"/>
  <testcase classname="javaslang.control.OptionTest" name="shouldThrowWhenReduceLeftNullOperator" time="0"/>
  <testcase classname="javaslang.control.OptionTest" name="shouldNotEqualSomeIfObjectIsNull" time="0"/>
  <testcase classname="javaslang.control.OptionTest" name="shouldThrowWhenReduceOptionNil" time="0.001"/>
  <testcase classname="javaslang.control.OptionTest" name="shouldNotEqualNoneIfObjectIsNull" time="0"/>
  <testcase classname="javaslang.control.OptionTest" name="shouldThrowOnGetWhenValueIsNotPresent" time="0"/>
  <testcase classname="javaslang.control.OptionTest" name="shouldEqualSome" time="0"/>
  <testcase classname="javaslang.control.OptionTest" name="shouldConvertNoneToString" time="0"/>
  <testcase classname="javaslang.control.OptionTest" name="shouldNotHoldPropertyForAllOfNone" time="0.001"/>
  <testcase classname="javaslang.control.OptionTest" name="shouldConvertListOfNonEmptyOptionsToOptionOfList" time="0"/>
  <testcase classname="javaslang.control.OptionTest" name="shouldFlatMapEmptyIterable" time="0.001"/>
  <testcase classname="javaslang.control.OptionTest" name="shouldThrowWhenReduceNil" time="0"/>
  <testcase classname="javaslang.control.OptionTest" name="shouldReduceLeftNonNil" time="0.001"/>
  <testcase classname="javaslang.control.OptionTest" name="shouldThrowWhenReduceRightNullOperator" time="0"/>
  <testcase classname="javaslang.control.OptionTest" name="shouldMapNonNullToSome" time="0"/>
  <testcase classname="javaslang.control.OptionTest" name="shouldConvertListOfEmptyOptionsToOptionOfList" time="0"/>
  <testcase classname="javaslang.control.OptionTest" name="shouldReturnNoneOnFilterWhenValueIsPresentAndPredicateNotMatches" time="0"/>
  <testcase classname="javaslang.control.OptionTest" name="shouldWrapEmptyOptional" time="0"/>
  <testcase classname="javaslang.control.OptionTest" name="shouldConsumePresentValueOnForEachWhenValueIsPresent" time="0"/>
  <testcase classname="javaslang.control.OptionTest" name="shouldThrowOnOrElseThrowWhenValueIsNotPresent" time="0"/>
  <testcase classname="javaslang.control.OptionTest" name="shouldPreserveSingletonWhenDeserializingNone" time="0.001"/>
  <testcase classname="javaslang.control.OptionTest" name="shouldMapNullToNone" time="0"/>
  <testcase classname="javaslang.control.OptionTest" name="shouldConvertSomeToString" time="0"/>
  <testcase classname="javaslang.control.OptionTest" name="shouldReduceLeftOptionNonNil" time="0.001"/>
  <testcase classname="javaslang.control.OptionTest" name="shouldThrowWhenReduceOptionNullOperator" time="0"/>
  <testcase classname="javaslang.control.OptionTest" name="shouldMapNone" time="0"/>
  <testcase classname="javaslang.control.OptionTest" name="shouldMapSome" time="0.001"/>
  <testcase classname="javaslang.control.OptionTest" name="shouldGetValueOnOrElseWhenValueIsPresent" time="0"/>
  <testcase classname="javaslang.control.OptionTest" name="shouldFlatMapNonEmptyIterable" time="0"/>
  <testcase classname="javaslang.control.OptionTest" name="shouldThrowWhenReduceLeftOptionNullOperator" time="0.001"/>
  <testcase classname="javaslang.control.OptionTest" name="shouldWrapIfTrue" time="0"/>
  <testcase classname="javaslang.control.OptionTest" name="shouldReduceOptionNonNil" time="0"/>
  <testcase classname="javaslang.control.OptionTest" name="shouldNotHoldPropertyExistsOfNone" time="0.001"/>
  <testcase classname="javaslang.control.OptionTest" name="shouldThrowExceptionOnNullOptional" time="0"/>
  <testcase classname="javaslang.control.OptionTest" name="shouldThrowWhenReduceRightNil" time="0"/>
  <testcase classname="javaslang.control.OptionTest" name="shouldNotConsumeAnythingOnPeekWhenValueIsNotPresent" time="0.001"/>
  <testcase classname="javaslang.control.OptionTest" name="shouldEqualSomeIfObjectIsSame" time="0"/>
  <testcase classname="javaslang.control.OptionTest" name="shouldFlatMapNone" time="0.001"/>
  <testcase classname="javaslang.control.OptionTest" name="shouldFlatMapSome" time="0"/>
  <testcase classname="javaslang.control.OptionTest" name="shouldGetAlternativeOnOrElseWhenValueIsNotPresent" time="0"/>
  <testcase classname="javaslang.control.OptionTest" name="shouldGetAlternativeOnOrElseGetWhenValueIsNotPresent" time="0"/>
  <testcase classname="javaslang.control.OptionTest" name="shouldEqualNoneIfObjectIsSame" time="0"/>
  <testcase classname="javaslang.control.OptionTest" name="shouldNotEqualSomeIfObjectIsOfDifferentType" time="0"/>
  <testcase classname="javaslang.control.OptionTest" name="shouldReturnNoneOnFilterWhenValueIsNotPresentAndPredicateNotMatches" time="0"/>
  <testcase classname="javaslang.control.OptionTest" name="shouldReduceNonNil" time="0.001"/>
  <testcase classname="javaslang.control.OptionTest" name="shouldReduceRightOptionNil" time="0"/>
  <testcase classname="javaslang.control.OptionTest" name="shouldNotBePresentOnIsPresentWhenValueIsNotPresent" time="0"/>
  <testcase classname="javaslang.control.OptionTest" name="shouldReturnIteratorOfNone" time="0"/>
  <testcase classname="javaslang.control.OptionTest" name="shouldReturnIteratorOfSome" time="0"/>
  <testcase classname="javaslang.control.OptionTest" name="shouldThrowWhenReduceRightOptionNullOperator" time="0.001"/>
  <testcase classname="javaslang.control.OptionTest" name="shouldBeAwareOfPropertyThatHoldsForAllOfSome" time="0"/>
  <testcase classname="javaslang.control.OptionTest" name="shouldThrowWhenReduceLeftNil" time="0.001"/>
  <testcase classname="javaslang.control.OptionTest" name="shouldReturnSomeOnFilterWhenValueIsPresentAndPredicateMatches" time="0"/>
  <testcase classname="javaslang.control.OptionTest" name="shouldBePresentOnIsEmptyWhenValueIsPresent" time="0"/>
  <testcase classname="javaslang.control.OptionTest" name="shouldNotWrapIfFalse" time="0.001"/>
  <testcase classname="javaslang.control.OptionTest" name="shouldSucceedOnGetWhenValueIsPresent" time="0"/>
</testsuite>