<?xml version="1.0" encoding="UTF-8" ?>
<testsuite tests="658" failures="0" name="javaslang.collection.ListTest" time="0.047" errors="0" skipped="0">
  <properties>
[...]
</properties>
  <testcase classname="javaslang.collection.ListTest" name="shouldPeekOfNonNil" time="0"/>
  <testcase classname="javaslang.collection.ListTest" name="shouldFailPop2OfNil" time="0"/>
  <testcase classname="javaslang.collection.ListTest" name="shouldStringifyNil" time="0"/>
  <testcase classname="javaslang.collection.ListTest" name="shouldFailPeekOfNil" time="0"/>
  <testcase classname="javaslang.collection.ListTest" name="shouldPeekOption" time="0.001"/>
  <testcase classname="javaslang.collection.ListTest" name="shouldNotDeserializeListWithSizeLessThanOne" time="0"/>
  <testcase classname="javaslang.collection.ListTest" name="shouldPopOfNonNil" time="0"/>
  <testcase classname="javaslang.collection.ListTest" name="shouldStringifyNonNil" time="0"/>
  <testcase classname="javaslang.collection.ListTest" name="shouldFailPopOfNil" time="0.001"/>
  <testcase classname="javaslang.collection.ListTest" name="shouldPushElements" time="0"/>
  <testcase classname="javaslang.collection.ListTest" name="shouldAcceptNavigableSet" time="0.004"/>
  <testcase classname="javaslang.collection.ListTest" name="shouldPop2OfNonNil" time="0"/>
  <testcase classname="javaslang.collection.ListTest" name="shouldPop2Option" time="0"/>
  <testcase classname="javaslang.collection.ListTest" name="shouldNotSerializeEnclosingClass" time="0.001"/>
  <testcase classname="javaslang.collection.ListTest" name="shouldPopOption" time="0"/>
  <testcase classname="javaslang.collection.ListTest" name="shouldRemoveFirstElementByPredicateBegin" time="0"/>
  <testcase classname="javaslang.collection.ListTest" name="shouldThrowOnAppendAllOfNull" time="0"/>
  <testcase classname="javaslang.collection.ListTest" name="shouldRemoveFirstElementByPredicateInner" time="0"/>
  <testcase classname="javaslang.collection.ListTest" name="shouldTestIdexedSeqStartsWithNonIndexedSeq" time="0"/>
  <testcase classname="javaslang.collection.ListTest" name="shouldFindIndexOfFirstSlice" time="0"/>
  <testcase classname="javaslang.collection.ListTest" name="shouldSortNil" time="0"/>
  <testcase classname="javaslang.collection.ListTest" name="shouldComputeSliceOnNonNilWhenBeginIndexExceedsLowerBound" time="0"/>
  <testcase classname="javaslang.collection.ListTest" name="shouldStartsNilOfNonNilCalculate" time="0"/>
  <testcase classname="javaslang.collection.ListTest" name="shouldSplitAtInclusivePredicateBegin" time="0"/>
  <testcase classname="javaslang.collection.ListTest" name="shouldFailIndexWhereNullPredicateFrom" time="0"/>
  <testcase classname="javaslang.collection.ListTest" name="shouldThrowWhenSlice2OnNil" time="0"/>
  <testcase classname="javaslang.collection.ListTest" name="shouldFailLastIndexWhereNullPredicateFrom" time="0"/>
  <testcase classname="javaslang.collection.ListTest" name="shouldRemoveAllElementsFromNil" time="0"/>
  <testcase classname="javaslang.collection.ListTest" name="shouldSplitAtEnd" time="0"/>
  <testcase classname="javaslang.collection.ListTest" name="shouldSplitAtNil" time="0.001"/>
  <testcase classname="javaslang.collection.ListTest" name="shouldSplitAtPredicateNotFound" time="0"/>
  <testcase classname="javaslang.collection.ListTest" name="shouldInsertAllBehindOfElement" time="0"/>
  <testcase classname="javaslang.collection.ListTest" name="shouldIntersperseNil" time="0"/>
  <testcase classname="javaslang.collection.ListTest" name="shouldPatchEmptyByEmpty" time="0"/>
  <testcase classname="javaslang.collection.ListTest" name="shouldThrowWhenSetWithNegativeIndexOnNil" time="0"/>
  <testcase classname="javaslang.collection.ListTest" name="shouldReturnNilOnSliceWhenIndicesBothAreUpperBound" time="0"/>
  <testcase classname="javaslang.collection.ListTest" name="shouldPatchEmptyByNonEmpty" time="0"/>
  <testcase classname="javaslang.collection.ListTest" name="shouldReturnSubSequenceWhenIndicesAreWithinRange" time="0"/>
  <testcase classname="javaslang.collection.ListTest" name="shouldRemoveFirstElementByPredicateBeginM" time="0"/>
  <testcase classname="javaslang.collection.ListTest" name="shouldThrowWhenInsertOnNonNilAllWithNegativeIndex" time="0.001"/>
  <testcase classname="javaslang.collection.ListTest" name="shouldGetLastElement" time="0"/>
  <testcase classname="javaslang.collection.ListTest" name="shouldRecognizeNonNilDoesContainSlice" time="0"/>
  <testcase classname="javaslang.collection.ListTest" name="shouldRemoveFirstElementByPredicateInnerM" time="0"/>
  <testcase classname="javaslang.collection.ListTest" name="shouldGetFirstElement" time="0"/>
  <testcase classname="javaslang.collection.ListTest" name="shouldPrependElementToNonNil" time="0"/>
  <testcase classname="javaslang.collection.ListTest" name="shouldInserAlltIntoNil" time="0"/>
  <testcase classname="javaslang.collection.ListTest" name="shouldStartsNonNilOfNonNilWithOffsetCalculate1" time="0"/>
  <testcase classname="javaslang.collection.ListTest" name="shouldStartsNonNilOfNonNilWithOffsetCalculate2" time="0"/>
  <testcase classname="javaslang.collection.ListTest" name="shouldStartsNonNilOfNonNilWithOffsetCalculate3" time="0"/>
  <testcase classname="javaslang.collection.ListTest" name="shouldRemoveIndxOutOfBoundsLeft" time="0"/>
  <testcase classname="javaslang.collection.ListTest" name="shouldSortByNilUsingComparatorAndFunction" time="0"/>
  <testcase classname="javaslang.collection.ListTest" name="shouldThrowWhenSubSequenceOnNil" time="0"/>
  <testcase classname="javaslang.collection.ListTest" name="shouldReturnNilWhenSubSequenceFrom0OnNil" time="0"/>
  <testcase classname="javaslang.collection.ListTest" name="shouldComputeSliceOnNilWhenBeginIndexIsGreaterThanEndIndex" time="0"/>
  <testcase classname="javaslang.collection.ListTest" name="shouldThrowWhenSetWithNegativeIndexOnNonNil" time="0"/>
  <testcase classname="javaslang.collection.ListTest" name="shouldRemoveFirstElementByPredicateFromNil" time="0"/>
  <testcase classname="javaslang.collection.ListTest" name="shouldSplitPredicateAtNil" time="0"/>
  <testcase classname="javaslang.collection.ListTest" name="shouldCalculateCrossProductOfNonNilAndNonNil" time="0"/>
  <testcase classname="javaslang.collection.ListTest" name="shouldThrowWhenCalculatingCrossProductAndThatIsNull" time="0"/>
  <testcase classname="javaslang.collection.ListTest" name="shouldAppendNullElementToNil" time="0"/>
  <testcase classname="javaslang.collection.ListTest" name="shouldCalculateLastIndexWhere" time="0"/>
  <testcase classname="javaslang.collection.ListTest" name="shouldThrowWhenSetWithIndexExceedingByTwoOnNonNil" time="0"/>
  <testcase classname="javaslang.collection.ListTest" name="shouldInsertAllInFrontOfElement" time="0"/>
  <testcase classname="javaslang.collection.ListTest" name="shouldStartsNonNilOfNilWithOffsetCalculate" time="0"/>
  <testcase classname="javaslang.collection.ListTest" name="shouldSplitAtPredicateBegin" time="0"/>
  <testcase classname="javaslang.collection.ListTest" name="shouldFindIndexOfInnerSlice" time="0"/>
  <testcase classname="javaslang.collection.ListTest" name="shouldSortByNilUsingFunction" time="0"/>
  <testcase classname="javaslang.collection.ListTest" name="shouldThrowOnInsertAllWithNil" time="0"/>
  <testcase classname="javaslang.collection.ListTest" name="shouldFindIndexOfFirstElement" time="0"/>
  <testcase classname="javaslang.collection.ListTest" name="shouldCreateReverseIteratorOfSingle" time="0"/>
  <testcase classname="javaslang.collection.ListTest" name="shouldThrowOnSubSequenceOnNonNilWhenBeginIndexExceedsLowerBound" time="0"/>
  <testcase classname="javaslang.collection.ListTest" name="shouldSplitAtInclusivePredicateNotFound" time="0"/>
  <testcase classname="javaslang.collection.ListTest" name="shouldReturnNilWhenSubSequenceBeginningWithSize" time="0"/>
  <testcase classname="javaslang.collection.ListTest" name="shouldReturnNilWhenSubSequenceFrom0To0OnNil" time="0"/>
  <testcase classname="javaslang.collection.ListTest" name="shouldNotFindIndexOfSliceWhenStartIsGreater" time="0.001"/>
  <testcase classname="javaslang.collection.ListTest" name="shouldReturnSeqWithFirstElementWhenSliceFrom0To1OnNonNil" time="0"/>
  <testcase classname="javaslang.collection.ListTest" name="shouldReturnSeqWithFirstElementWhenSubSequenceFrom0To1OnNonNil" time="0"/>
  <testcase classname="javaslang.collection.ListTest" name="shouldPrependAllNonNilToNonNil" time="0"/>
  <testcase classname="javaslang.collection.ListTest" name="shouldPrependAllNilToNonNil" time="0"/>
  <testcase classname="javaslang.collection.ListTest" name="shouldRemoveFirstElementByPredicateNonExisting" time="0"/>
  <testcase classname="javaslang.collection.ListTest" name="shouldAppendAllNonNilToNonNil" time="0"/>
  <testcase classname="javaslang.collection.ListTest" name="shouldReturnNilWhenOnSubSequenceIndicesBothAreUpperBound" time="0"/>
  <testcase classname="javaslang.collection.ListTest" name="shouldThrowWhenSubSequenceWithOutOfUpperBound" time="0"/>
  <testcase classname="javaslang.collection.ListTest" name="shouldComputeSliceOnNilWhenBeginIndexExceedsLowerBound" time="0"/>
  <testcase classname="javaslang.collection.ListTest" name="shouldReturnSubSequenceWhenIndexIsWithinRange" time="0"/>
  <testcase classname="javaslang.collection.ListTest" name="shouldReturnNilWhenSubSequenceFrom0To0OnNonNil" time="0"/>
  <testcase classname="javaslang.collection.ListTest" name="shouldSplitInclusivePredicateAtNil" time="0"/>
  <testcase classname="javaslang.collection.ListTest" name="shouldRemoveLastElementByPredicateNonExisting" time="0"/>
  <testcase classname="javaslang.collection.ListTest" name="shouldRemoveLastElementByPredicateInnerM" time="0"/>
  <testcase classname="javaslang.collection.ListTest" name="shouldComputePermutationsOfNonEmptyList" time="0"/>
  <testcase classname="javaslang.collection.ListTest" name="shouldSetFirstElement" time="0.001"/>
  <testcase classname="javaslang.collection.ListTest" name="shouldThrowWhenInsertOnNilAllWithNegativeIndex" time="0"/>
  <testcase classname="javaslang.collection.ListTest" name="shouldSplitPredicateAtNonNil" time="0"/>
  <testcase classname="javaslang.collection.ListTest" name="shouldRemoveIndxOutOfBoundsRight" time="0"/>
  <testcase classname="javaslang.collection.ListTest" name="shouldCalculateCrossProductOfNilAndNonNil" time="0"/>
  <testcase classname="javaslang.collection.ListTest" name="shouldFullyIterateNonNilStartingAtIndex" time="0"/>
  <testcase classname="javaslang.collection.ListTest" name="shouldThrowOnSubSequenceOnNilWhenBeginIndexExceedsLowerBound" time="0"/>
  <testcase classname="javaslang.collection.ListTest" name="shouldInsertBehindOfElement" time="0"/>
  <testcase classname="javaslang.collection.ListTest" name="shouldReturnNilWhenSliceFrom1To1OnNonNil" time="0"/>
  <testcase classname="javaslang.collection.ListTest" name="shouldAppendAllNilToNonNil" time="0"/>
  <testcase classname="javaslang.collection.ListTest" name="shouldThrowWhenSubSequence2OnNil" time="0.001"/>
  <testcase classname="javaslang.collection.ListTest" name="shouldNotRemoveAllNonObjectsElementsFromNonNil" time="0"/>
  <testcase classname="javaslang.collection.ListTest" name="shouldAppendElementToNil" time="0"/>
  <testcase classname="javaslang.collection.ListTest" name="shouldInsertIntoNil" time="0"/>
  <testcase classname="javaslang.collection.ListTest" name="shouldInsertIntoSeq" time="0"/>
  <testcase classname="javaslang.collection.ListTest" name="shouldPadEmptyToNonEmpty" time="0"/>
  <testcase classname="javaslang.collection.ListTest" name="shouldReturnIdentityWhenSubSequenceFrom0OnNonNil" time="0"/>
  <testcase classname="javaslang.collection.ListTest" name="shouldReturnNilWhenSliceFrom0To0OnNil" time="0"/>
  <testcase classname="javaslang.collection.ListTest" name="shouldComputePermutationsOfEmptyList" time="0"/>
  <testcase classname="javaslang.collection.ListTest" name="shouldRemoveLastElementByPredicateBegin" time="0"/>
  <testcase classname="javaslang.collection.ListTest" name="shouldThrowOnPrependAllOfNull" time="0"/>
  <testcase classname="javaslang.collection.ListTest" name="shouldRemoveLastElementByPredicateInner" time="0"/>
  <testcase classname="javaslang.collection.ListTest" name="shouldReverseNonNil" time="0"/>
  <testcase classname="javaslang.collection.ListTest" name="shouldNotStartsNonNilOfNonNilWithOffsetEndCalculate" time="0.001"/>
  <testcase classname="javaslang.collection.ListTest" name="shouldFindLastIndexOfSliceWithEnd" time="0"/>
  <testcase classname="javaslang.collection.ListTest" name="shouldTestEndsWith" time="0"/>
  <testcase classname="javaslang.collection.ListTest" name="shouldFindIndexOfInnerElement" time="0"/>
  <testcase classname="javaslang.collection.ListTest" name="shouldAppendElementToNonNil" time="0"/>
  <testcase classname="javaslang.collection.ListTest" name="shouldUseSeqAsPartialFunction" time="0"/>
  <testcase classname="javaslang.collection.ListTest" name="shouldComputeCombinationsOfEmptyList" time="0"/>
  <testcase classname="javaslang.collection.ListTest" name="shouldRemoveLastElementByPredicateEndM" time="0"/>
  <testcase classname="javaslang.collection.ListTest" name="shouldReturnSliceWhenIndicesAreWithinRange" time="0"/>
  <testcase classname="javaslang.collection.ListTest" name="shouldPadNonEmpty" time="0"/>
  <testcase classname="javaslang.collection.ListTest" name="shouldInsertAllIntoSeq" time="0.001"/>
  <testcase classname="javaslang.collection.ListTest" name="shouldSortNonNilUsingComparator" time="0"/>
  <testcase classname="javaslang.collection.ListTest" name="shouldFindIndexOfLastElement" time="0"/>
  <testcase classname="javaslang.collection.ListTest" name="shouldFindLastIndexOfElement" time="0"/>
  <testcase classname="javaslang.collection.ListTest" name="shouldStartsNonNilOfNilCalculate" time="0"/>
  <testcase classname="javaslang.collection.ListTest" name="shouldNotStartsNonNilOfNonNilWithNegativeOffsetCalculate" time="0"/>
  <testcase classname="javaslang.collection.ListTest" name="shouldComputeSliceWhenEndIndexExceedsUpperBound" time="0"/>
  <testcase classname="javaslang.collection.ListTest" name="shouldTestIdexedSeqEndsWithNonIndexedSeq" time="0"/>
  <testcase classname="javaslang.collection.ListTest" name="shouldPatchNonEmptyByNonEmpty" time="0"/>
  <testcase classname="javaslang.collection.ListTest" name="shouldRemoveLastElementByPredicateFromNil" time="0"/>
  <testcase classname="javaslang.collection.ListTest" name="shouldRemoveAllExistingObjectsFromNonNil" time="0"/>
  <testcase classname="javaslang.collection.ListTest" name="shouldInsertInFrontOfElement" time="0.001"/>
  <testcase classname="javaslang.collection.ListTest" name="shouldRemoveNonExistingElement" time="0"/>
  <testcase classname="javaslang.collection.ListTest" name="shouldStartsNilOfNilWithOffsetCalculate" time="0"/>
  <testcase classname="javaslang.collection.ListTest" name="shouldRemoveFirstElementByPredicateEnd" time="0"/>
  <testcase classname="javaslang.collection.ListTest" name="shouldPrependElementToNil" time="0"/>
  <testcase classname="javaslang.collection.ListTest" name="shouldStartsNilOfNilCalculate" time="0"/>
  <testcase classname="javaslang.collection.ListTest" name="shouldComputeKCombinationsOfNegativeK" time="0"/>
  <testcase classname="javaslang.collection.ListTest" name="shouldRemoveIndxAtEnd" time="0"/>
  <testcase classname="javaslang.collection.ListTest" name="shouldRemoveIndxAtNil" time="0"/>
  <testcase classname="javaslang.collection.ListTest" name="shouldRemoveIndxAtBegin" time="0"/>
  <testcase classname="javaslang.collection.ListTest" name="shouldCalculateCrossProductOfNil" time="0"/>
  <testcase classname="javaslang.collection.ListTest" name="shouldCalculateCrossProductPower" time="0.001"/>
  <testcase classname="javaslang.collection.ListTest" name="shouldCalculateCrossProductOfNonNil" time="0"/>
  <testcase classname="javaslang.collection.ListTest" name="shouldNotFindLastIndexOfElementWhenEndIdLess" time="0"/>
  <testcase classname="javaslang.collection.ListTest" name="shouldComputeKCombinationsOfEmptyList" time="0"/>
  <testcase classname="javaslang.collection.ListTest" name="shouldRemoveFirstElement" time="0"/>
  <testcase classname="javaslang.collection.ListTest" name="shouldFindIndexOfLastSlice" time="0"/>
  <testcase classname="javaslang.collection.ListTest" name="shouldRemoveLastElementByPredicateEnd" time="0"/>
  <testcase classname="javaslang.collection.ListTest" name="shouldComputeSliceWhenBeginIndexAndEndIndexAreBothOutOfBounds" time="0"/>
  <testcase classname="javaslang.collection.ListTest" name="shouldSortNilUsingComparator" time="0"/>
  <testcase classname="javaslang.collection.ListTest" name="shouldRemoveElementFromNil" time="0"/>
  <testcase classname="javaslang.collection.ListTest" name="shouldThrowOnSubSequenceOnNonNilWhenBeginIndexIsGreaterThanEndIndex" time="0"/>
  <testcase classname="javaslang.collection.ListTest" name="shouldThrowOnSubSequenceOnNilWhenBeginIndexIsGreaterThanEndIndex" time="0"/>
  <testcase classname="javaslang.collection.ListTest" name="shouldNotFindIndexOfElementWhenStartIsGreater" time="0"/>
  <testcase classname="javaslang.collection.ListTest" name="shouldSplitAtBegin" time="0"/>
  <testcase classname="javaslang.collection.ListTest" name="shouldNotFindLastIndexOfElementWhenSeqIsEmpty" time="0"/>
  <testcase classname="javaslang.collection.ListTest" name="shouldPrependAllNonNilToNil" time="0"/>
  <testcase classname="javaslang.collection.ListTest" name="shouldFailIndexWhereNullPredicate" time="0"/>
  <testcase classname="javaslang.collection.ListTest" name="shouldThrowWhenInsertOnNilWithNegativeIndex" time="0"/>
  <testcase classname="javaslang.collection.ListTest" name="shouldSetLastElement" time="0"/>
  <testcase classname="javaslang.collection.ListTest" name="shouldComputeCombinationsOfNonEmptyList" time="0"/>
  <testcase classname="javaslang.collection.ListTest" name="shouldRecognizeNonNilDoesNotContainSlice" time="0"/>
  <testcase classname="javaslang.collection.ListTest" name="shouldSplitAtNonNil" time="0.001"/>
  <testcase classname="javaslang.collection.ListTest" name="shouldIntersperseSingleton" time="0"/>
  <testcase classname="javaslang.collection.ListTest" name="shouldPrependAllNilToNil" time="0"/>
  <testcase classname="javaslang.collection.ListTest" name="shouldFailLastIndexWhereNullPredicate" time="0"/>
  <testcase classname="javaslang.collection.ListTest" name="shouldThrowWhenGetWithTooBigIndexOnNonNil" time="0"/>
  <testcase classname="javaslang.collection.ListTest" name="shouldThrowOnSubSequenceWhenBeginIndexIsGreaterThanEndIndex" time="0"/>
  <testcase classname="javaslang.collection.ListTest" name="shouldThrowOnInsertAllWhenExceedingUpperBound" time="0"/>
  <testcase classname="javaslang.collection.ListTest" name="shouldThrowOnInsertWhenExceedingUpperBound" time="0"/>
  <testcase classname="javaslang.collection.ListTest" name="shouldThrowOnSubSequenceWhenEndIndexExceedsUpperBound" time="0.001"/>
  <testcase classname="javaslang.collection.ListTest" name="shouldCalculateSegmentLength" time="0"/>
  <testcase classname="javaslang.collection.ListTest" name="shouldRemoveLastElement" time="0"/>
  <testcase classname="javaslang.collection.ListTest" name="shouldSplitAtOutOfBounds" time="0"/>
  <testcase classname="javaslang.collection.ListTest" name="shouldCalculatePrefixLength" time="0"/>
  <testcase classname="javaslang.collection.ListTest" name="shouldNotFindIndexOfElementWhenSeqIsEmpty" time="0"/>
  <testcase classname="javaslang.collection.ListTest" name="shouldReturnNilWhenSliceFrom0To0OnNonNil" time="0"/>
  <testcase classname="javaslang.collection.ListTest" name="shouldThrowWhenSetOnNil" time="0"/>
  <testcase classname="javaslang.collection.ListTest" name="shouldRecognizeNilNotContainsSlice" time="0"/>
  <testcase classname="javaslang.collection.ListTest" name="shouldSplitAtPredicateEnd" time="0"/>
  <testcase classname="javaslang.collection.ListTest" name="shouldNotFindLastIndexOfSliceWhenEndIdLess" time="0"/>
  <testcase classname="javaslang.collection.ListTest" name="shouldPadNonEmptyZeroLen" time="0"/>
  <testcase classname="javaslang.collection.ListTest" name="shouldAppendAllNonNilToNil" time="0.001"/>
  <testcase classname="javaslang.collection.ListTest" name="shouldSplitAtInclusivePredicateEnd" time="0"/>
  <testcase classname="javaslang.collection.ListTest" name="shouldSplitInclusivePredicateAtNonNil" time="0"/>
  <testcase classname="javaslang.collection.ListTest" name="shouldRemoveAllObjectsFromNil" time="0"/>
  <testcase classname="javaslang.collection.ListTest" name="shouldCreateReverseIteratorOfEmpty" time="0"/>
  <testcase classname="javaslang.collection.ListTest" name="shouldNotFindLastIndexOfSliceWhenSeqIsEmpty" time="0"/>
  <testcase classname="javaslang.collection.ListTest" name="shouldNotFindIndexOfSliceWhenSeqIsEmpty" time="0"/>
  <testcase classname="javaslang.collection.ListTest" name="shouldReturnNilWhenSubSequenceFrom1OnSeqOf1" time="0"/>
  <testcase classname="javaslang.collection.ListTest" name="shouldThrowWhenNilIteratorStartingAtIndex" time="0"/>
  <testcase classname="javaslang.collection.ListTest" name="shouldCalculateCrossProductOfNonNilAndNil" time="0"/>
  <testcase classname="javaslang.collection.ListTest" name="shouldThrowSegmentLengthNullPredicate" time="0"/>
  <testcase classname="javaslang.collection.ListTest" name="shouldCalculateIndexWhere" time="0"/>
  <testcase classname="javaslang.collection.ListTest" name="shouldStartsNonNilOfNonNilWithOffsetAtStartCalculate" time="0"/>
  <testcase classname="javaslang.collection.ListTest" name="shouldFindLastIndexOfElementWithEnd" time="0"/>
  <testcase classname="javaslang.collection.ListTest" name="shouldRemoveInnerElement" time="0"/>
  <testcase classname="javaslang.collection.ListTest" name="shouldThrowWhenGetWithNegativeIndexOnNil" time="0"/>
  <testcase classname="javaslang.collection.ListTest" name="shouldComputeKCombinationsOfNonEmptyList" time="0"/>
  <testcase classname="javaslang.collection.ListTest" name="shouldThrowWhenGetWithNegativeIndexOnNonNil" time="0"/>
  <testcase classname="javaslang.collection.ListTest" name="shouldFindLastIndexOfSlice" time="0"/>
  <testcase classname="javaslang.collection.ListTest" name="shouldStartsNilOfNonNilWithOffsetCalculate" time="0"/>
  <testcase classname="javaslang.collection.ListTest" name="shouldIntersperseMultipleElements" time="0"/>
  <testcase classname="javaslang.collection.ListTest" name="shouldCalculateCrossProductOfNilAndNil" time="0"/>
  <testcase classname="javaslang.collection.ListTest" name="shouldComputeSliceOnNonNilWhenBeginIndexIsGreaterThanEndIndex" time="0"/>
  <testcase classname="javaslang.collection.ListTest" name="shouldThrowWhenSetWithIndexExceedingByOneOnNonNil" time="0"/>
  <testcase classname="javaslang.collection.ListTest" name="shouldNotRemoveAllNonExistingElementsFromNonNil" time="0"/>
  <testcase classname="javaslang.collection.ListTest" name="shouldAppendAllNilToNil" time="0"/>
  <testcase classname="javaslang.collection.ListTest" name="shouldThrowWhenGetOnNil" time="0"/>
  <testcase classname="javaslang.collection.ListTest" name="shouldCreateReverseIteratorOfNonEmpty" time="0.001"/>
  <testcase classname="javaslang.collection.ListTest" name="shouldSortNonNil" time="0"/>
  <testcase classname="javaslang.collection.ListTest" name="shouldSortByNonNilUsingComparatorAndFunction" time="0"/>
  <testcase classname="javaslang.collection.ListTest" name="shouldThrowPrefixLengthNullPredicate" time="0"/>
  <testcase classname="javaslang.collection.ListTest" name="shouldReturnNilWhenSubSequenceFrom1To1OnNonNil" time="0"/>
  <testcase classname="javaslang.collection.ListTest" name="shouldReverseNil" time="0"/>
  <testcase classname="javaslang.collection.ListTest" name="shouldComputeSliceWhenBeginIndexIsGreaterThanEndIndex" time="0"/>
  <testcase classname="javaslang.collection.ListTest" name="shouldRemoveAllExistingElementsFromNonNil" time="0"/>
  <testcase classname="javaslang.collection.ListTest" name="shouldThrowWhenInsertOnNonNilWithNegativeIndex" time="0"/>
  <testcase classname="javaslang.collection.ListTest" name="shouldRemoveIndxAtNonNil" time="0"/>
  <testcase classname="javaslang.collection.ListTest" name="shouldPatchNonEmptyByEmpty" time="0"/>
  <testcase classname="javaslang.collection.ListTest" name="shouldNotStartsNonNilOfNonNilWithOffsetEqualLengthCalculate" time="0"/>
  <testcase classname="javaslang.collection.ListTest" name="shouldIterateFirstElementOfNonNilStartingAtIndex" time="0"/>
  <testcase classname="javaslang.collection.ListTest" name="shouldPadEmptyToEmpty" time="0"/>
  <testcase classname="javaslang.collection.ListTest" name="shouldStartsNonNilOfNonNilCalculate" time="0"/>
  <testcase classname="javaslang.collection.ListTest" name="shouldThrowWhenSubSequenceWithOutOfLowerBound" time="0"/>
  <testcase classname="javaslang.collection.ListTest" name="shouldSortByNonNilUsingFunction" time="0.001"/>
  <testcase classname="javaslang.collection.ListTest" name="shouldCreateRangeClosedByWhereFromAndToEqualMAX_VALUE" time="0"/>
  <testcase classname="javaslang.collection.ListTest" name="shouldProhibitDoubleRangeByStepEqualNaN" time="0"/>
  <testcase classname="javaslang.collection.ListTest" name="shouldCreateRangeClosedByWhereFromIsLessThanToAndStepCorrectDirection" time="0"/>
  <testcase classname="javaslang.collection.ListTest" name="shouldCreateRangeClosedWhereFromIsLessThanTo" time="0"/>
  <testcase classname="javaslang.collection.ListTest" name="shouldCreateRangeClosedByWhereFromEqualsTo" time="0"/>
  <testcase classname="javaslang.collection.ListTest" name="shouldCreateRangeClosedWhereFromIsGreaterThanTo" time="0"/>
  <testcase classname="javaslang.collection.ListTest" name="shouldCreateRangeClosedByWhereFromAndToEqualMIN_VALUE" time="0"/>
  <testcase classname="javaslang.collection.ListTest" name="shouldCreateRangeWhereFromIsLessThanTo" time="0"/>
  <testcase classname="javaslang.collection.ListTest" name="shouldCreateRangeByWhereFromEqualsTo" time="0"/>
  <testcase classname="javaslang.collection.ListTest" name="shouldProhibitDoubleRangeClosedByFromEqualNaN" time="0"/>
  <testcase classname="javaslang.collection.ListTest" name="shouldProhibitLongRangeClosedByStepZero" time="0"/>
  <testcase classname="javaslang.collection.ListTest" name="shouldProhibitIntRangeClosedByStepZero" time="0"/>
  <testcase classname="javaslang.collection.ListTest" name="shouldProhibitDoubleRangeClosedByToEqualsNaN" time="0"/>
  <testcase classname="javaslang.collection.ListTest" name="shouldProhibitDoubleRangeByFromEqualNaN" time="0.001"/>
  <testcase classname="javaslang.collection.ListTest" name="shouldCreateRangeByWhereFromAndToEqualMAX_VALUE" time="0"/>
  <testcase classname="javaslang.collection.ListTest" name="shouldCreateRangeClosedWhereFromAndToEqualMAX_VALUE" time="0"/>
  <testcase classname="javaslang.collection.ListTest" name="shouldProhibitDoubleRangeByStepZero" time="0"/>
  <testcase classname="javaslang.collection.ListTest" name="shouldProhibitIntRangeByStepZero" time="0"/>
  <testcase classname="javaslang.collection.ListTest" name="shouldCreateRangeWhereFromEqualsTo" time="0"/>
  <testcase classname="javaslang.collection.ListTest" name="shouldProhibitDoubleRangeByToEqualsNaN" time="0"/>
  <testcase classname="javaslang.collection.ListTest" name="shouldCreateRangeWhereFromIsGreaterThanTo" time="0"/>
  <testcase classname="javaslang.collection.ListTest" name="shouldProhibitCharRangeByStepZero" time="0"/>
  <testcase classname="javaslang.collection.ListTest" name="shouldProhibitLongRangeByStepZero" time="0.001"/>
  <testcase classname="javaslang.collection.ListTest" name="shouldCreateRangeByWhereFromIsGreaterThanToAndStepWrongDirection" time="0"/>
  <testcase classname="javaslang.collection.ListTest" name="shouldProhibitDoubleRangeClosedByStepZero" time="0"/>
  <testcase classname="javaslang.collection.ListTest" name="shouldCreateDoubleRangeClosedByFromInfinity" time="0"/>
  <testcase classname="javaslang.collection.ListTest" name="shouldCreateRangeByWhereFromAndToEqualMIN_VALUE" time="0"/>
  <testcase classname="javaslang.collection.ListTest" name="shouldCreateRangeClosedWhereFromAndToEqualMIN_VALUE" time="0"/>
  <testcase classname="javaslang.collection.ListTest" name="shouldCreateDoubleRangeByFromInfinity" time="0"/>
  <testcase classname="javaslang.collection.ListTest" name="shouldCreateRangeClosedByWhereFromIsGreaterThanToAndStepWrongDirection" time="0"/>
  <testcase classname="javaslang.collection.ListTest" name="shouldCreateRangeClosedWhereFromEqualsTo" time="0"/>
  <testcase classname="javaslang.collection.ListTest" name="shouldProhibitCharRangeClosedByStepZero" time="0"/>
  <testcase classname="javaslang.collection.ListTest" name="shouldCreateRangeByWhereFromIsLessThanToAndStepCorrectDirection" time="0"/>
  <testcase classname="javaslang.collection.ListTest" name="shouldCreateRangeWhereFromAndToEqualMAX_VALUE" time="0"/>
  <testcase classname="javaslang.collection.ListTest" name="shouldCreateDoubleRangeClosedByFromMaxToInfinity" time="0"/>
  <testcase classname="javaslang.collection.ListTest" name="shouldCreateRangeByWithBigStep" time="0"/>
  <testcase classname="javaslang.collection.ListTest" name="shouldCreateDoubleRangeByFromMaxToInfinity" time="0"/>
  <testcase classname="javaslang.collection.ListTest" name="shouldCreateRangeWhereFromAndToEqualMIN_VALUE" time="0"/>
  <testcase classname="javaslang.collection.ListTest" name="shouldProhibitDoubleRangeClosedByStepEqualNaN" time="0"/>
  <testcase classname="javaslang.collection.ListTest" name="shouldThrowWhenTailOnNil" time="0"/>
  <testcase classname="javaslang.collection.ListTest" name="shouldZipAllNils" time="0"/>
  <testcase classname="javaslang.collection.ListTest" name="shouldDropUntilNoneIfPredicateIsTrue" time="0"/>
  <testcase classname="javaslang.collection.ListTest" name="shouldThrowWhenMaxByFunctionOfNil" time="0"/>
  <testcase classname="javaslang.collection.ListTest" name="shouldSplitNonNil" time="0"/>
  <testcase classname="javaslang.collection.ListTest" name="shouldComputeAverageOfFloat" time="0"/>
  <testcase classname="javaslang.collection.ListTest" name="shouldComputeAverageOfShort" time="0"/>
  <testcase classname="javaslang.collection.ListTest" name="shouldCreateListOfPrimitiveIntArray" time="0"/>
  <testcase classname="javaslang.collection.ListTest" name="shouldThrowWhenMaxByOfNil" time="0"/>
  <testcase classname="javaslang.collection.ListTest" name="shouldSpanNil" time="0"/>
  <testcase classname="javaslang.collection.ListTest" name="shouldReplaceAllElementsOfNonNilUsingCurrNonExistingNew" time="0"/>
  <testcase classname="javaslang.collection.ListTest" name="shouldReduceRightNonNil" time="0"/>
  <testcase classname="javaslang.collection.ListTest" name="shouldSlide4ElementsBySize5AndStep3" time="0"/>
  <testcase classname="javaslang.collection.ListTest" name="shouldFindFirstOfNonNil" time="0"/>
  <testcase classname="javaslang.collection.ListTest" name="shouldScanWithNonComparable" time="0"/>
  <testcase classname="javaslang.collection.ListTest" name="shouldScanRightNonEmpty" time="0"/>
  <testcase classname="javaslang.collection.ListTest" name="shouldSerializeDeserializeNonNil" time="0.002"/>
  <testcase classname="javaslang.collection.ListTest" name="shouldTabulateTheSeqWith0Elements" time="0"/>
  <testcase classname="javaslang.collection.ListTest" name="shouldScanLeftWithNonComparable" time="0"/>
  <testcase classname="javaslang.collection.ListTest" name="shouldCreateListOfPrimitiveCharArray" time="0"/>
  <testcase classname="javaslang.collection.ListTest" name="shouldDropWhileAllIfPredicateIsTrue" time="0"/>
  <testcase classname="javaslang.collection.ListTest" name="shouldComputeSumOfBigDecimal" time="0"/>
  <testcase classname="javaslang.collection.ListTest" name="shouldCreateListOfPrimitiveDoubleArray" time="0"/>
  <testcase classname="javaslang.collection.ListTest" name="shouldComputeMaxOfByte" time="0"/>
  <testcase classname="javaslang.collection.ListTest" name="shouldComputeMaxOfChar" time="0"/>
  <testcase classname="javaslang.collection.ListTest" name="shouldComputeMaxOfLong" time="0"/>
  <testcase classname="javaslang.collection.ListTest" name="shouldComputeMaxOfBoolean" time="0"/>
  <testcase classname="javaslang.collection.ListTest" name="shouldHaveSizedSpliterator" time="0"/>
  <testcase classname="javaslang.collection.ListTest" name="shouldDropRightAllIfCountExceedsSize" time="0"/>
  <testcase classname="javaslang.collection.ListTest" name="shouldCountWhenSomeSatisfyThePredicate" time="0"/>
  <testcase classname="javaslang.collection.ListTest" name="shouldMkStringNonNil" time="0"/>
  <testcase classname="javaslang.collection.ListTest" name="shouldHaveImmutableSpliterator" time="0"/>
  <testcase classname="javaslang.collection.ListTest" name="shouldThrowWhenGroupedWithSizeZero" time="0"/>
  <testcase classname="javaslang.collection.ListTest" name="shouldRecognizeNil" time="0"/>
  <testcase classname="javaslang.collection.ListTest" name="shouldFullyIterateNonNil" time="0"/>
  <testcase classname="javaslang.collection.ListTest" name="shouldComputeMaxOfInt" time="0"/>
  <testcase classname="javaslang.collection.ListTest" name="shouldThrowWhenSlidingNonNilByNegativeSize" time="0"/>
  <testcase classname="javaslang.collection.ListTest" name="shouldComputeLengthOfNonNil" time="0"/>
  <testcase classname="javaslang.collection.ListTest" name="shouldZipNilWithIndex" time="0"/>
  <testcase classname="javaslang.collection.ListTest" name="shouldThrowWhenFoldRightNullOperator" time="0"/>
  <testcase classname="javaslang.collection.ListTest" name="shouldThrowWhenMinByWithNullComparator" time="0"/>
  <testcase classname="javaslang.collection.ListTest" name="shouldScanRightWithNonComparable" time="0"/>
  <testcase classname="javaslang.collection.ListTest" name="shouldCalculateDifferentHashCodesForDifferentTraversables" time="0"/>
  <testcase classname="javaslang.collection.ListTest" name="shouldCountWhenAllSatisfyThePredicate" time="0"/>
  <testcase classname="javaslang.collection.ListTest" name="shouldReturnSomeHeadWhenCallingHeadOptionOnNonNil" time="0"/>
  <testcase classname="javaslang.collection.ListTest" name="shouldTabulateTheSeqCallingTheFunctionInTheRightOrder" time="0"/>
  <testcase classname="javaslang.collection.ListTest" name="shouldNonNilNotEqualsNull" time="0"/>
  <testcase classname="javaslang.collection.ListTest" name="shouldClearNonNil" time="0"/>
  <testcase classname="javaslang.collection.ListTest" name="shouldComputeSumOfBigInteger" time="0"/>
  <testcase classname="javaslang.collection.ListTest" name="shouldTakeRightAllIfCountExceedsSize" time="0"/>
  <testcase classname="javaslang.collection.ListTest" name="shouldReduceRightOptionNonNil" time="0.001"/>
  <testcase classname="javaslang.collection.ListTest" name="shouldTakeRightAsExpectedIfCountIsLessThanSize" time="0"/>
  <testcase classname="javaslang.collection.ListTest" name="shouldConvertNonNilToArrayList" time="0"/>
  <testcase classname="javaslang.collection.ListTest" name="shouldReturnHeadOfNonNil" time="0"/>
  <testcase classname="javaslang.collection.ListTest" name="shouldThrowWhenFoldLeftNullOperator" time="0"/>
  <testcase classname="javaslang.collection.ListTest" name="shouldCreateListOfPrimitiveBooleanArray" time="0"/>
  <testcase classname="javaslang.collection.ListTest" name="shouldGroupedTraversableWithRemainder" time="0"/>
  <testcase classname="javaslang.collection.ListTest" name="shouldUnzip3NonNil" time="0"/>
  <testcase classname="javaslang.collection.ListTest" name="shouldDropNoneIfCountIsNegative" time="0"/>
  <testcase classname="javaslang.collection.ListTest" name="shouldCalculateHashCodeOfNil" time="0.001"/>
  <testcase classname="javaslang.collection.ListTest" name="shouldGroupedWhenTraversableLengthIsSmallerThanBlockSize" time="0"/>
  <testcase classname="javaslang.collection.ListTest" name="shouldReturnNoneWhenComputingMaxOfNil" time="0"/>
  <testcase classname="javaslang.collection.ListTest" name="shouldComputeMinOfBoolean" time="0"/>
  <testcase classname="javaslang.collection.ListTest" name="shouldNilGroupBy" time="0"/>
  <testcase classname="javaslang.collection.ListTest" name="shouldNotHasNextWhenNilIterator" time="0"/>
  <testcase classname="javaslang.collection.ListTest" name="shouldBeAwareOfExistingUniqueElement" time="0"/>
  <testcase classname="javaslang.collection.ListTest" name="shouldConvertNilToHashMap" time="0"/>
  <testcase classname="javaslang.collection.ListTest" name="shouldConvertNilToHashSet" time="0"/>
  <testcase classname="javaslang.collection.ListTest" name="shouldRecognizeNonEqualityOfTraversablesOfSameSize" time="0"/>
  <testcase classname="javaslang.collection.ListTest" name="shouldFoldRightNil" time="0"/>
  <testcase classname="javaslang.collection.ListTest" name="shouldCreateListOfPrimitiveByteArray" time="0.001"/>
  <testcase classname="javaslang.collection.ListTest" name="shouldReplaceAllElementsOfNilUsingCurrNew" time="0"/>
  <testcase classname="javaslang.collection.ListTest" name="shouldPartitionIntsInOddAndEvenHavingOddAndEvenNumbers" time="0"/>
  <testcase classname="javaslang.collection.ListTest" name="shouldDropAsExpectedIfCountIsLessThanSize" time="0"/>
  <testcase classname="javaslang.collection.ListTest" name="shouldCalculateMinByOfInts" time="0"/>
  <testcase classname="javaslang.collection.ListTest" name="shouldPartitionIntsInOddAndEvenHavingOnlyEvenNumbers" time="0"/>
  <testcase classname="javaslang.collection.ListTest" name="shouldComputeMinOfByte" time="0"/>
  <testcase classname="javaslang.collection.ListTest" name="shouldComputeMinOfChar" time="0"/>
  <testcase classname="javaslang.collection.ListTest" name="shouldComputeMinOfLong" time="0"/>
  <testcase classname="javaslang.collection.ListTest" name="shouldUnzipNil" time="0"/>
  <testcase classname="javaslang.collection.ListTest" name="shouldReplaceElementOfNilUsingCurrNew" time="0"/>
  <testcase classname="javaslang.collection.ListTest" name="shouldThrowWhenGroupedWithNegativeSize" time="0.001"/>
  <testcase classname="javaslang.collection.ListTest" name="shouldWriteToStderr" time="0"/>
  <testcase classname="javaslang.collection.ListTest" name="shouldWriteToStdout" time="0"/>
  <testcase classname="javaslang.collection.ListTest" name="shouldSlide5ElementsBySize2AndStep3" time="0.001"/>
  <testcase classname="javaslang.collection.ListTest" name="shouldSlide5ElementsBySize2AndStep4" time="0"/>
  <testcase classname="javaslang.collection.ListTest" name="shouldSlide5ElementsBySize2AndStep5" time="0"/>
  <testcase classname="javaslang.collection.ListTest" name="shouldMkStringWithDelimiterNil" time="0"/>
  <testcase classname="javaslang.collection.ListTest" name="shouldZipAllNonEmptyAndNil" time="0"/>
  <testcase classname="javaslang.collection.ListTest" name="shouldDropRightNoneIfCountIsNegative" time="0"/>
  <testcase classname="javaslang.collection.ListTest" name="shouldConvertNonNilToJavaArray" time="0"/>
  <testcase classname="javaslang.collection.ListTest" name="shouldThrowWhenReduceNullOperator" time="0"/>
  <testcase classname="javaslang.collection.ListTest" name="shouldComputeMinOfBigDecimal" time="0.001"/>
  <testcase classname="javaslang.collection.ListTest" name="shouldThrowOnNextWhenNilIterator" time="0"/>
  <testcase classname="javaslang.collection.ListTest" name="shouldThrowWhenMaxByWithNullFunction" time="0"/>
  <testcase classname="javaslang.collection.ListTest" name="shouldComputeDistinctByOfNonEmptyTraversableUsingKeyExtractor" time="0"/>
  <testcase classname="javaslang.collection.ListTest" name="shouldDropRightNoneOnNil" time="0"/>
  <testcase classname="javaslang.collection.ListTest" name="shouldPreserveSingletonInstanceOnDeserialization" time="0.001"/>
  <testcase classname="javaslang.collection.ListTest" name="shouldFoldLeftNil" time="0"/>
  <testcase classname="javaslang.collection.ListTest" name="shouldThrowWhenReduceLeftNullOperator" time="0"/>
  <testcase classname="javaslang.collection.ListTest" name="shouldThrowWhenSlidingNilByPositiveStepAndNegativeSize" time="0"/>
  <testcase classname="javaslang.collection.ListTest" name="shouldReplaceAllElementsOfNonNilUsingCurrNew" time="0"/>
  <testcase classname="javaslang.collection.ListTest" name="shouldThrowWhenComputingSumOfStrings" time="0"/>
  <testcase classname="javaslang.collection.ListTest" name="shouldZipNonNilsOfSameSize" time="0"/>
  <testcase classname="javaslang.collection.ListTest" name="shouldTakeNoneOnNil" time="0"/>
  <testcase classname="javaslang.collection.ListTest" name="shouldTakeRightNoneIfCountIsNegative" time="0"/>
  <testcase classname="javaslang.collection.ListTest" name="shouldReturnSomethingOnHasDefiniteSize" time="0"/>
  <testcase classname="javaslang.collection.ListTest" name="shouldFoldMapNonNil" time="0"/>
  <testcase classname="javaslang.collection.ListTest" name="shouldSpanNonNil" time="0.001"/>
  <testcase classname="javaslang.collection.ListTest" name="shouldReturnNoneWhenCallingHeadOptionOnNil" time="0"/>
  <testcase classname="javaslang.collection.ListTest" name="shouldHandleStdoutIOException" time="0"/>
  <testcase classname="javaslang.collection.ListTest" name="shouldGroupedTraversableWithEqualSizedBlocks" time="0"/>
  <testcase classname="javaslang.collection.ListTest" name="shouldComputeAverageOfDouble" time="0"/>
  <testcase classname="javaslang.collection.ListTest" name="shouldCreateNil" time="0"/>
  <testcase classname="javaslang.collection.ListTest" name="shouldReturnSomeInitWhenCallingInitOptionOnNonNil" time="0"/>
  <testcase classname="javaslang.collection.ListTest" name="shouldSlideNilBySizeAndStep" time="0"/>
  <testcase classname="javaslang.collection.ListTest" name="shouldComputeMinOfDouble" time="0"/>
  <testcase classname="javaslang.collection.ListTest" name="shouldComputeSumOfByte" time="0"/>
  <testcase classname="javaslang.collection.ListTest" name="shouldComputeSumOfLong" time="0"/>
  <testcase classname="javaslang.collection.ListTest" name="shouldReturnSomeTailWhenCallingTailOptionOnNonNil" time="0"/>
  <testcase classname="javaslang.collection.ListTest" name="shouldCalculateInverseMinByFunctionOfInts" time="0"/>
  <testcase classname="javaslang.collection.ListTest" name="shouldComputeMinOfBigInteger" time="0"/>
  <testcase classname="javaslang.collection.ListTest" name="shouldThrowWhenReduceOptionNil" time="0"/>
  <testcase classname="javaslang.collection.ListTest" name="shouldClearNil" time="0"/>
  <testcase classname="javaslang.collection.ListTest" name="shouldEmptyNotEqualsDifferentType" time="0"/>
  <testcase classname="javaslang.collection.ListTest" name="shouldReturnLastOfNonNil" time="0"/>
  <testcase classname="javaslang.collection.ListTest" name="shouldCalculateInverseMaxByFunctionOfInts" time="0"/>
  <testcase classname="javaslang.collection.ListTest" name="shouldCreateListOfIterable" time="0.001"/>
  <testcase classname="javaslang.collection.ListTest" name="shouldZipNils" time="0"/>
  <testcase classname="javaslang.collection.ListTest" name="shouldTakeWhileNoneOnNil" time="0"/>
  <testcase classname="javaslang.collection.ListTest" name="shouldCalculateMaxByOfInts" time="0"/>
  <testcase classname="javaslang.collection.ListTest" name="shouldThrowIfZipWithThatIsNull" time="0"/>
  <testcase classname="javaslang.collection.ListTest" name="shouldThrowWhenMaxByWithNullComparator" time="0"/>
  <testcase classname="javaslang.collection.ListTest" name="shouldComputeDistinctByOfEmptyTraversableUsingKeyExtractor" time="0"/>
  <testcase classname="javaslang.collection.ListTest" name="shouldMkStringWithDelimiterNonNil" time="0"/>
  <testcase classname="javaslang.collection.ListTest" name="shouldZipAllEmptyAndNonNil" time="0"/>
  <testcase classname="javaslang.collection.ListTest" name="shouldBeAwareOfExistingNonUniqueElement" time="0"/>
  <testcase classname="javaslang.collection.ListTest" name="shouldGroupedNil" time="0"/>
  <testcase classname="javaslang.collection.ListTest" name="shouldDropRightAsExpectedIfCountIsLessThanSize" time="0"/>
  <testcase classname="javaslang.collection.ListTest" name="shouldNonNilGroupByEqual" time="0"/>
  <testcase classname="javaslang.collection.ListTest" name="shouldTabulateTheSeqWith0ElementsWhenNIsNegative" time="0"/>
  <testcase classname="javaslang.collection.ListTest" name="shouldHandlePrintStreamIOException" time="0"/>
  <testcase classname="javaslang.collection.ListTest" name="shouldReturnSizeWhenSpliterator" time="0"/>
  <testcase classname="javaslang.collection.ListTest" name="shouldMkStringWithDelimiterAndPrefixAndSuffixNonNil" time="0"/>
  <testcase classname="javaslang.collection.ListTest" name="shouldFillTheSeqWith0Elements" time="0.001"/>
  <testcase classname="javaslang.collection.ListTest" name="shouldTakeUntilAllOnFalseCondition" time="0"/>
  <testcase classname="javaslang.collection.ListTest" name="shouldReplaceElementOfNonNilUsingCurrNewWhenOneOccurrenceExists" time="0"/>
  <testcase classname="javaslang.collection.ListTest" name="shouldThrowWhenLastOnNil" time="0"/>
  <testcase classname="javaslang.collection.ListTest" name="shouldRecognizeNonNil" time="0"/>
  <testcase classname="javaslang.collection.ListTest" name="shouldReturnTailOfNonNil" time="0"/>
  <testcase classname="javaslang.collection.ListTest" name="shouldThrowWhenReduceNil" time="0"/>
  <testcase classname="javaslang.collection.ListTest" name="shouldReduceLeftNonNil" time="0"/>
  <testcase classname="javaslang.collection.ListTest" name="shouldMkStringNil" time="0"/>
  <testcase classname="javaslang.collection.ListTest" name="shouldRecognizeEqualityOfNonNils" time="0"/>
  <testcase classname="javaslang.collection.ListTest" name="shouldRetainAllElementsFromNil" time="0"/>
  <testcase classname="javaslang.collection.ListTest" name="shouldScanLeftEmpty" time="0.001"/>
  <testcase classname="javaslang.collection.ListTest" name="shouldTakeUntilAsExpected" time="0"/>
  <testcase classname="javaslang.collection.ListTest" name="shouldThrowWhenReduceRightNullOperator" time="0"/>
  <testcase classname="javaslang.collection.ListTest" name="shouldReturnNoneWhenCallingLastOptionOnNil" time="0"/>
  <testcase classname="javaslang.collection.ListTest" name="shouldTakeUntilNoneOnNil" time="0"/>
  <testcase classname="javaslang.collection.ListTest" name="shouldComputeMinOfFloat" time="0"/>
  <testcase classname="javaslang.collection.ListTest" name="shouldComputeProductOfDouble" time="0"/>
  <testcase classname="javaslang.collection.ListTest" name="shouldComputeMinOfShort" time="0"/>
  <testcase classname="javaslang.collection.ListTest" name="shouldComputeProductOfFloat" time="0"/>
  <testcase classname="javaslang.collection.ListTest" name="shouldRecognizeNonNilDoesContainElement" time="0"/>
  <testcase classname="javaslang.collection.ListTest" name="shouldCreateListOfPrimitiveShortArray" time="0"/>
  <testcase classname="javaslang.collection.ListTest" name="shouldThrowWhenMinByWithNullFunction" time="0"/>
  <testcase classname="javaslang.collection.ListTest" name="shouldComputeProductOfShort" time="0"/>
  <testcase classname="javaslang.collection.ListTest" name="shouldCalculateMinByFunctionOfInts" time="0"/>
  <testcase classname="javaslang.collection.ListTest" name="shouldUnzipNonNil" time="0"/>
  <testcase classname="javaslang.collection.ListTest" name="shouldZipAllNonNilsIfThisIsSmaller" time="0"/>
  <testcase classname="javaslang.collection.ListTest" name="shouldCalculateMaxByFunctionOfInts" time="0"/>
  <testcase classname="javaslang.collection.ListTest" name="ofAllShouldReturnTheSingletonEmpty" time="0"/>
  <testcase classname="javaslang.collection.ListTest" name="shouldCreateSeqOfSeqUsingCons" time="0"/>
  <testcase classname="javaslang.collection.ListTest" name="shouldRecognizeNonEqualityOfTraversablesOfDifferentSize" time="0"/>
  <testcase classname="javaslang.collection.ListTest" name="ofShouldReturnTheSingletonEmpty" time="0"/>
  <testcase classname="javaslang.collection.ListTest" name="shouldReturnSomethingOnIsTraversableAgain" time="0"/>
  <testcase classname="javaslang.collection.ListTest" name="shouldComputeMaxOfDouble" time="0.001"/>
  <testcase classname="javaslang.collection.ListTest" name="shouldComputeDistinctOfNonEmptyTraversable" time="0"/>
  <testcase classname="javaslang.collection.ListTest" name="shouldTakeWhileAllOnTrueCondition" time="0"/>
  <testcase classname="javaslang.collection.ListTest" name="shouldDropWhileCorrect" time="0"/>
  <testcase classname="javaslang.collection.ListTest" name="shouldCreateInstanceOfElements" time="0"/>
  <testcase classname="javaslang.collection.ListTest" name="shouldSlideNilBySize" time="0"/>
  <testcase classname="javaslang.collection.ListTest" name="shouldComputeMaxOfBigDecimal" time="0"/>
  <testcase classname="javaslang.collection.ListTest" name="shouldComputeProductOfInt" time="0"/>
  <testcase classname="javaslang.collection.ListTest" name="shouldComputeProductOfNil" time="0"/>
  <testcase classname="javaslang.collection.ListTest" name="shouldScanNonEmpty" time="0"/>
  <testcase classname="javaslang.collection.ListTest" name="shouldTakeAllIfCountExceedsSize" time="0"/>
  <testcase classname="javaslang.collection.ListTest" name="shouldTakeUntilAllOnTrueCondition" time="0"/>
  <testcase classname="javaslang.collection.ListTest" name="shouldUnzip3Nil" time="0"/>
  <testcase classname="javaslang.collection.ListTest" name="shouldThrowWhenMinByOfNil" time="0.001"/>
  <testcase classname="javaslang.collection.ListTest" name="shouldComputeDistinctByOfNonEmptyTraversableUsingComparator" time="0"/>
  <testcase classname="javaslang.collection.ListTest" name="shouldDropUntilCorrect" time="0"/>
  <testcase classname="javaslang.collection.ListTest" name="shouldParallelStreamAndCollectNonNil" time="0"/>
  <testcase classname="javaslang.collection.ListTest" name="shouldCalculateInverseMinByOfInts" time="0"/>
  <testcase classname="javaslang.collection.ListTest" name="shouldComputeAverageOfByte" time="0"/>
  <testcase classname="javaslang.collection.ListTest" name="shouldComputeAverageOfLong" time="0"/>
  <testcase classname="javaslang.collection.ListTest" name="shouldReturnNoneWhenCallingInitOptionOnNil" time="0"/>
  <testcase classname="javaslang.collection.ListTest" name="shouldZipNonNilsIfThisIsSmaller" time="0"/>
  <testcase classname="javaslang.collection.ListTest" name="shouldComputeAverageOfBigDecimal" time="0"/>
  <testcase classname="javaslang.collection.ListTest" name="shouldCallMinFunctionOncePerElement" time="0"/>
  <testcase classname="javaslang.collection.ListTest" name="shouldComputeSumOfInt" time="0"/>
  <testcase classname="javaslang.collection.ListTest" name="shouldComputeSumOfNil" time="0"/>
  <testcase classname="javaslang.collection.ListTest" name="shouldZipNonEmptyAndNil" time="0"/>
  <testcase classname="javaslang.collection.ListTest" name="shouldReturnNoneWhenComputingAverageOfNil" time="0"/>
  <testcase classname="javaslang.collection.ListTest" name="shouldComputeAverageOfInt" time="0"/>
  <testcase classname="javaslang.collection.ListTest" name="shouldComputeMaxOfStrings" time="0"/>
  <testcase classname="javaslang.collection.ListTest" name="shouldCallMaxFunctionOncePerElement" time="0"/>
  <testcase classname="javaslang.collection.ListTest" name="shouldThrowWhenPartitionNilAndPredicateIsNull" time="0"/>
  <testcase classname="javaslang.collection.ListTest" name="shouldFindLastOfNil" time="0"/>
  <testcase classname="javaslang.collection.ListTest" name="shouldConvertNonNilToHashMap" time="0"/>
  <testcase classname="javaslang.collection.ListTest" name="shouldConvertNonNilToHashSet" time="0"/>
  <testcase classname="javaslang.collection.ListTest" name="shouldStreamAndCollectNil" time="0"/>
  <testcase classname="javaslang.collection.ListTest" name="shouldComputeMaxOfBigInteger" time="0"/>
  <testcase classname="javaslang.collection.ListTest" name="shouldReduceLeftOptionNonNil" time="0"/>
  <testcase classname="javaslang.collection.ListTest" name="shouldComputeDistinctOfEmptyTraversable" time="0"/>
  <testcase classname="javaslang.collection.ListTest" name="shouldThrowWhenReduceOptionNullOperator" time="0"/>
  <testcase classname="javaslang.collection.ListTest" name="shouldEqualSameTraversableInstance" time="0"/>
  <testcase classname="javaslang.collection.ListTest" name="shouldTakeWhileAsExpected" time="0"/>
  <testcase classname="javaslang.collection.ListTest" name="shouldThrowWhenReduceLeftOptionNullOperator" time="0"/>
  <testcase classname="javaslang.collection.ListTest" name="shouldTabulateTheSeq" time="0"/>
  <testcase classname="javaslang.collection.ListTest" name="shouldThrowWhenReduceLeftOptionNil" time="0"/>
  <testcase classname="javaslang.collection.ListTest" name="shouldHandleStderrIOException" time="0"/>
  <testcase classname="javaslang.collection.ListTest" name="shouldComputeMinOfInt" time="0.001"/>
  <testcase classname="javaslang.collection.ListTest" name="shouldComputeAverageOfBigInteger" time="0"/>
  <testcase classname="javaslang.collection.ListTest" name="shouldThrowWhenMinByFunctionOfNil" time="0"/>
  <testcase classname="javaslang.collection.ListTest" name="shouldReplaceElementOfNonNilUsingCurrNewWhenNoOccurrenceExists" time="0"/>
  <testcase classname="javaslang.collection.ListTest" name="shouldSerializeDeserializeNil" time="0"/>
  <testcase classname="javaslang.collection.ListTest" name="shouldThrowWhenSlidingNilByNegativeStepAndPositiveSize" time="0"/>
  <testcase classname="javaslang.collection.ListTest" name="shouldThrowWhenSlidingNilByZeroSize" time="0"/>
  <testcase classname="javaslang.collection.ListTest" name="shouldComputeDistinctByOfEmptyTraversableUsingComparator" time="0"/>
  <testcase classname="javaslang.collection.ListTest" name="shouldCreateListOfPrimitiveLongArray" time="0"/>
  <testcase classname="javaslang.collection.ListTest" name="shouldTakeWhileAllOnFalseCondition" time="0"/>
  <testcase classname="javaslang.collection.ListTest" name="shouldNonNilGroupByIdentity" time="0"/>
  <testcase classname="javaslang.collection.ListTest" name="shouldReduceOptionNonNil" time="0"/>
  <testcase classname="javaslang.collection.ListTest" name="shouldScanLeftNonEmpty" time="0"/>
  <testcase classname="javaslang.collection.ListTest" name="shouldComputeMinOfStrings" time="0"/>
  <testcase classname="javaslang.collection.ListTest" name="shouldGetInitOfNonNil" time="0"/>
  <testcase classname="javaslang.collection.ListTest" name="shouldThrowWhenReduceRightNil" time="0"/>
  <testcase classname="javaslang.collection.ListTest" name="shouldRecognizeNonNilDoesNotContainElement" time="0"/>
  <testcase classname="javaslang.collection.ListTest" name="shouldZipEmptyAndNonNil" time="0.001"/>
  <testcase classname="javaslang.collection.ListTest" name="shouldRecognizeNonNilNotContainsAllOverlappingElements" time="0"/>
  <testcase classname="javaslang.collection.ListTest" name="shouldCalculateInverseMaxByOfInts" time="0"/>
  <testcase classname="javaslang.collection.ListTest" name="shouldReturnNoneWhenCallingTailOptionOnNil" time="0"/>
  <testcase classname="javaslang.collection.ListTest" name="shouldCalculateHashCodeOfNonNil" time="0"/>
  <testcase classname="javaslang.collection.ListTest" name="shouldComputeSumOfDouble" time="0"/>
  <testcase classname="javaslang.collection.ListTest" name="shouldRecognizeEqualityOfNils" time="0"/>
  <testcase classname="javaslang.collection.ListTest" name="shouldFillTheSeqWith0ElementsWhenNIsNegative" time="0"/>
  <testcase classname="javaslang.collection.ListTest" name="shouldThrowWhenSlidingNilByNegativeStepAndNegativeSize" time="0"/>
  <testcase classname="javaslang.collection.ListTest" name="shouldZipAllNonNilsOfSameSize" time="0"/>
  <testcase classname="javaslang.collection.ListTest" name="shouldThrowWhenComputingAverageOfStrings" time="0"/>
  <testcase classname="javaslang.collection.ListTest" name="shouldFoldMapFailNullMapper" time="0"/>
  <testcase classname="javaslang.collection.ListTest" name="shouldSplitNil" time="0"/>
  <testcase classname="javaslang.collection.ListTest" name="shouldRetainAllElementsFromNonNil" time="0"/>
  <testcase classname="javaslang.collection.ListTest" name="shouldFoldMapFailNullMonoid" time="0"/>
  <testcase classname="javaslang.collection.ListTest" name="shouldTakeNoneIfCountIsNegative" time="0"/>
  <testcase classname="javaslang.collection.ListTest" name="shouldReturnNoneWhenComputingMinOfNil" time="0"/>
  <testcase classname="javaslang.collection.ListTest" name="shouldFoldMapNil" time="0"/>
  <testcase classname="javaslang.collection.ListTest" name="shouldReturnSomeLastWhenCallingLastOptionOnNonNil" time="0"/>
  <testcase classname="javaslang.collection.ListTest" name="shouldComputeSumOfFloat" time="0"/>
  <testcase classname="javaslang.collection.ListTest" name="shouldHaveOrderedSpliterator" time="0"/>
  <testcase classname="javaslang.collection.ListTest" name="shouldComputeSumOfShort" time="0"/>
  <testcase classname="javaslang.collection.ListTest" name="shouldDropNoneOnNil" time="0"/>
  <testcase classname="javaslang.collection.ListTest" name="shouldRecognizeNilContainsNoElement" time="0"/>
  <testcase classname="javaslang.collection.ListTest" name="shouldFoldRightNonNil" time="0"/>
  <testcase classname="javaslang.collection.ListTest" name="shouldNotRetainAllNonExistingElementsFromNonNil" time="0"/>
  <testcase classname="javaslang.collection.ListTest" name="shouldZipNonNilWithIndex" time="0"/>
  <testcase classname="javaslang.collection.ListTest" name="shouldTakeAsExpectedIfCountIsLessThanSize" time="0"/>
  <testcase classname="javaslang.collection.ListTest" name="shouldNilNotEqualsNull" time="0"/>
  <testcase classname="javaslang.collection.ListTest" name="shouldRecognizeNilNotContainsAllElements" time="0"/>
  <testcase classname="javaslang.collection.ListTest" name="shouldScanEmpty" time="0"/>
  <testcase classname="javaslang.collection.ListTest" name="shouldConvertNilToArrayList" time="0"/>
  <testcase classname="javaslang.collection.ListTest" name="shouldStreamAndCollectNonNil" time="0.001"/>
  <testcase classname="javaslang.collection.ListTest" name="shouldZipAllNonNilsIfThatIsSmaller" time="0"/>
  <testcase classname="javaslang.collection.ListTest" name="shouldReplaceFirstOccurrenceOfNonNilUsingCurrNewWhenMultipleOccurrencesExist" time="0"/>
  <testcase classname="javaslang.collection.ListTest" name="shouldThrowWhenReduceRightOptionNil" time="0"/>
  <testcase classname="javaslang.collection.ListTest" name="shouldComputeLengthOfNil" time="0"/>
  <testcase classname="javaslang.collection.ListTest" name="shouldTakeRightNoneOnNil" time="0"/>
  <testcase classname="javaslang.collection.ListTest" name="shouldBeAwareOfNonExistingUniqueElement" time="0"/>
  <testcase classname="javaslang.collection.ListTest" name="shouldComputeProductOfBigDecimal" time="0"/>
  <testcase classname="javaslang.collection.ListTest" name="shouldReduceNonNil" time="0.001"/>
  <testcase classname="javaslang.collection.ListTest" name="shouldDropWhileNoneOnNil" time="0"/>
  <testcase classname="javaslang.collection.ListTest" name="shouldParallelStreamAndCollectNil" time="0"/>
  <testcase classname="javaslang.collection.ListTest" name="shouldThrowWhenSlidingNonNilByZeroSize" time="0"/>
  <testcase classname="javaslang.collection.ListTest" name="shouldHandlePrintWriterIOException" time="0"/>
  <testcase classname="javaslang.collection.ListTest" name="shouldZipNonNilsIfThatIsSmaller" time="0"/>
  <testcase classname="javaslang.collection.ListTest" name="shouldThrowIfZipAllWithThatIsNull" time="0"/>
  <testcase classname="javaslang.collection.ListTest" name="shouldThrowWhenReduceRightOptionNullOperator" time="0"/>
  <testcase classname="javaslang.collection.ListTest" name="shouldNonEmptyNotEqualsDifferentType" time="0"/>
  <testcase classname="javaslang.collection.ListTest" name="shouldRetainAllExistingElementsFromNonNil" time="0.001"/>
  <testcase classname="javaslang.collection.ListTest" name="shouldCreateListOfPrimitiveFloatArray" time="0"/>
  <testcase classname="javaslang.collection.ListTest" name="shouldFindFirstOfNil" time="0"/>
  <testcase classname="javaslang.collection.ListTest" name="shouldPartitionIntsInOddAndEvenHavingOnlyOddNumbers" time="0"/>
  <testcase classname="javaslang.collection.ListTest" name="shouldThrowWhenReduceLeftNil" time="0"/>
  <testcase classname="javaslang.collection.ListTest" name="shouldIterateFirstElementOfNonNil" time="0"/>
  <testcase classname="javaslang.collection.ListTest" name="shouldCountWhenIsEmpty" time="0"/>
  <testcase classname="javaslang.collection.ListTest" name="shouldComputeMaxOfFloat" time="0"/>
  <testcase classname="javaslang.collection.ListTest" name="shouldComputeMaxOfShort" time="0"/>
  <testcase classname="javaslang.collection.ListTest" name="shouldThrowWhenInitOfNil" time="0"/>
  <testcase classname="javaslang.collection.ListTest" name="shouldScanRightEmpty" time="0"/>
  <testcase classname="javaslang.collection.ListTest" name="shouldDropWhileNoneIfPredicateIsFalse" time="0"/>
  <testcase classname="javaslang.collection.ListTest" name="shouldRecognizeNonNilContainsAllOnSelf" time="0"/>
  <testcase classname="javaslang.collection.ListTest" name="shouldThrowWhenComputingProductOfStrings" time="0"/>
  <testcase classname="javaslang.collection.ListTest" name="shouldThrowWhenHeadOnNil" time="0"/>
  <testcase classname="javaslang.collection.ListTest" name="shouldWriteToPrintStream" time="0"/>
  <testcase classname="javaslang.collection.ListTest" name="shouldConvertNilToJavaArray" time="0.001"/>
  <testcase classname="javaslang.collection.ListTest" name="shouldFindLastOfNonNil" time="0"/>
  <testcase classname="javaslang.collection.ListTest" name="shouldFoldLeftNonNil" time="0"/>
  <testcase classname="javaslang.collection.ListTest" name="shouldFoldMultipleElements" time="0"/>
  <testcase classname="javaslang.collection.ListTest" name="shouldDropUntilNoneOnNil" time="0"/>
  <testcase classname="javaslang.collection.ListTest" name="shouldComputeProductOfBigInteger" time="0"/>
  <testcase classname="javaslang.collection.ListTest" name="shouldComputeProductOfByte" time="0"/>
  <testcase classname="javaslang.collection.ListTest" name="shouldComputeProductOfLong" time="0"/>
  <testcase classname="javaslang.collection.ListTest" name="shouldDropUntilAllIfPredicateIsFalse" time="0"/>
  <testcase classname="javaslang.collection.ListTest" name="shouldFillTheSeqCallingTheSupplierInTheRightOrder" time="0"/>
  <testcase classname="javaslang.collection.ListTest" name="shouldPartitionNil" time="0"/>
  <testcase classname="javaslang.collection.ListTest" name="shouldCountWhenNoneSatisfiesThePredicate" time="0"/>
  <testcase classname="javaslang.collection.ListTest" name="shouldWriteToPrintWriter" time="0"/>
  <testcase classname="javaslang.collection.ListTest" name="shouldThrowWhenSlidingNilByNegativeSize" time="0.002"/>
  <testcase classname="javaslang.collection.ListTest" name="shouldDropAllIfCountExceedsSize" time="0"/>
  <testcase classname="javaslang.collection.ListTest" name="shouldSlideNonNilBySize1" time="0"/>
  <testcase classname="javaslang.collection.ListTest" name="shouldSlideNonNilBySize2" time="0"/>
  <testcase classname="javaslang.collection.ListTest" name="shouldMkStringWithDelimiterAndPrefixAndSuffixNil" time="0"/>
  <testcase classname="javaslang.collection.ListTest" name="shouldGetOptionNonEmpty" time="0"/>
  <testcase classname="javaslang.collection.ListTest" name="shouldBeAwareOfPropertyThatHoldsForAll" time="0"/>
  <testcase classname="javaslang.collection.ListTest" name="shouldCorresponds" time="0"/>
  <testcase classname="javaslang.collection.ListTest" name="shouldThrowIfEmpty" time="0"/>
  <testcase classname="javaslang.collection.ListTest" name="shouldCalculateValIfEmpty" time="0"/>
  <testcase classname="javaslang.collection.ListTest" name="shouldBeAwareOfExistingElement" time="0"/>
  <testcase classname="javaslang.collection.ListTest" name="shouldConvertToMap" time="0"/>
  <testcase classname="javaslang.collection.ListTest" name="shouldConvertToSet" time="0"/>
  <testcase classname="javaslang.collection.ListTest" name="shouldNotThrowIfNonEmpty" time="0"/>
  <testcase classname="javaslang.collection.ListTest" name="shouldCalculateValIfDefined" time="0"/>
  <testcase classname="javaslang.collection.ListTest" name="shouldConvertToOption" time="0"/>
  <testcase classname="javaslang.collection.ListTest" name="shouldConvertToCharSeq" time="0"/>
  <testcase classname="javaslang.collection.ListTest" name="shouldBeAwareOfNonExistingElement" time="0"/>
  <testcase classname="javaslang.collection.ListTest" name="shouldConvertEmptyToTry" time="0"/>
  <testcase classname="javaslang.collection.ListTest" name="shouldConvertToStream" time="0"/>
  <testcase classname="javaslang.collection.ListTest" name="shouldCalculateIsDefined" time="0"/>
  <testcase classname="javaslang.collection.ListTest" name="shouldConvertToVector" time="0"/>
  <testcase classname="javaslang.collection.ListTest" name="shouldConvertNonEmptyValueToMatchMonad" time="0"/>
  <testcase classname="javaslang.collection.ListTest" name="shouldConvertToEitherRightFromValue" time="0"/>
  <testcase classname="javaslang.collection.ListTest" name="shouldConvertToJavaList" time="0"/>
  <testcase classname="javaslang.collection.ListTest" name="shouldCalculateSupplierIfDefined" time="0"/>
  <testcase classname="javaslang.collection.ListTest" name="shouldFilterNotEmptyTraversable" time="0"/>
  <testcase classname="javaslang.collection.ListTest" name="shouldConvertToEitherLeftFromValue" time="0"/>
  <testcase classname="javaslang.collection.ListTest" name="shouldPeekNil" time="0"/>
  <testcase classname="javaslang.collection.ListTest" name="shouldFoldNil" time="0"/>
  <testcase classname="javaslang.collection.ListTest" name="shouldBeAwareOfPropertyThatNotHoldsForAll" time="0"/>
  <testcase classname="javaslang.collection.ListTest" name="shouldGetNonEmpty" time="0"/>
  <testcase classname="javaslang.collection.ListTest" name="shouldFilterNonEmptyTraversable" time="0"/>
  <testcase classname="javaslang.collection.ListTest" name="shouldFilterNonEmptyTraversableAllMatch" time="0"/>
  <testcase classname="javaslang.collection.ListTest" name="shouldCalculateIsEmpty" time="0"/>
  <testcase classname="javaslang.collection.ListTest" name="shouldThrowWhenFoldNullOperator" time="0"/>
  <testcase classname="javaslang.collection.ListTest" name="shouldPeekNonNilPerformingAnAction" time="0"/>
  <testcase classname="javaslang.collection.ListTest" name="shouldFilterNotNonEmptyTraversable" time="0"/>
  <testcase classname="javaslang.collection.ListTest" name="shouldConvertToArray" time="0"/>
  <testcase classname="javaslang.collection.ListTest" name="shouldConvertToQueue" time="0"/>
  <testcase classname="javaslang.collection.ListTest" name="shouldConvertToStack" time="0"/>
  <testcase classname="javaslang.collection.ListTest" name="shouldntCorrespondsNonNilNil" time="0"/>
  <testcase classname="javaslang.collection.ListTest" name="shouldCalculateOrElseGet" time="0"/>
  <testcase classname="javaslang.collection.ListTest" name="shouldReturnUnderlyingValueWhenCallingOrElseTryOnNonEmptyValue" time="0"/>
  <testcase classname="javaslang.collection.ListTest" name="shouldCalculateSupplierIfEmpty" time="0"/>
  <testcase classname="javaslang.collection.ListTest" name="shouldConvertToJavaMap" time="0"/>
  <testcase classname="javaslang.collection.ListTest" name="shouldConvertToJavaSet" time="0"/>
  <testcase classname="javaslang.collection.ListTest" name="shouldConvertToLazy" time="0"/>
  <testcase classname="javaslang.collection.ListTest" name="shouldConvertToList" time="0.001"/>
  <testcase classname="javaslang.collection.ListTest" name="shouldConvertToJavaArray" time="0"/>
  <testcase classname="javaslang.collection.ListTest" name="shouldFilterNotNonEmptyTraversableAllMatch" time="0"/>
  <testcase classname="javaslang.collection.ListTest" name="shouldFoldSingleElement" time="0"/>
  <testcase classname="javaslang.collection.ListTest" name="shouldConvertToEitherRightFromValueSupplier" time="0"/>
  <testcase classname="javaslang.collection.ListTest" name="shouldntCorrespondsNilNonNil" time="0"/>
  <testcase classname="javaslang.collection.ListTest" name="shouldGetEmpty" time="0"/>
  <testcase classname="javaslang.collection.ListTest" name="shouldFilterEmptyTraversable" time="0"/>
  <testcase classname="javaslang.collection.ListTest" name="shouldThrowWhenCallingOrElseTryOnEmptyValueAndTryIsAFailure" time="0"/>
  <testcase classname="javaslang.collection.ListTest" name="shouldConvertNonEmptyToTryUsingExceptionSupplier" time="0"/>
  <testcase classname="javaslang.collection.ListTest" name="shouldntCorrespondsNilNil" time="0"/>
  <testcase classname="javaslang.collection.ListTest" name="shouldReturnAlternateValueWhenCallingOrElseTryOnEmptyValue" time="0"/>
  <testcase classname="javaslang.collection.ListTest" name="shouldConvertNonEmptyToTry" time="0"/>
  <testcase classname="javaslang.collection.ListTest" name="shouldConvertToJavaStream" time="0"/>
  <testcase classname="javaslang.collection.ListTest" name="shouldCalculateOrElse" time="0"/>
  <testcase classname="javaslang.collection.ListTest" name="shouldntCorrespondsDifferentLengths" time="0"/>
  <testcase classname="javaslang.collection.ListTest" name="shouldConvertEmptyToTryUsingExceptionSupplier" time="0"/>
  <testcase classname="javaslang.collection.ListTest" name="shouldPeekSingleValuePerformingAnAction" time="0"/>
  <testcase classname="javaslang.collection.ListTest" name="shouldConvertEmptyValueToMatchMonad" time="0"/>
  <testcase classname="javaslang.collection.ListTest" name="shouldPeekNonNilPerformingNoAction" time="0"/>
  <testcase classname="javaslang.collection.ListTest" name="shouldConvertToJavaOptional" time="0"/>
  <testcase classname="javaslang.collection.ListTest" name="shouldGetOptionEmpty" time="0"/>
  <testcase classname="javaslang.collection.ListTest" name="shouldConvertToEitherLeftFromValueSupplier" time="0"/>
</testsuite>