<?xml version="1.0" encoding="UTF-8"?>
<!-- Generated by org.testng.reporters.JUnitXMLReporter -->
<testsuite hostname="travis-job-6e7ff1af-1c83-4685-b9db-85af37f7b13e" name="Command line test a6275f5e-eee8-4cd4-b7e8-30e860afd388" tests="1" failures="0" timestamp="28 Jun 2019 20:48:58 GMT" time="0.001" errors="0">
  <testcase name="simpleTest" time="0.001" classname="quickdt.predictiveModels.featureEngineering.enrichStrategies.probabilityInjector.ProbabilityInjectingEnricherTest"/>
</testsuite> <!-- Command line test a6275f5e-eee8-4cd4-b7e8-30e860afd388 -->
