<?xml version="1.0" encoding="UTF-8" ?>
<testsuite tests="676" failures="0" name="javaslang.collection.StreamTest" time="0.231" errors="0" skipped="1">
  <properties>
[...]
</properties>
  <testcase classname="javaslang.collection.StreamTest" name="shouldGenerateInfiniteStreamBasedOnRepeatedElement" time="0.002"/>
  <testcase classname="javaslang.collection.StreamTest" name="shouldComputePermutationsOfNonEmptyStream" time="0.003"/>
  <testcase classname="javaslang.collection.StreamTest" name="shouldCycleEmptyStream" time="0"/>
  <testcase classname="javaslang.collection.StreamTest" name="shouldStringifyNil" time="0"/>
  <testcase classname="javaslang.collection.StreamTest" name="shouldRecurrentlyCalculateFibonacci" time="0.003"/>
  <testcase classname="javaslang.collection.StreamTest" name="shouldComputeKCombinationsOfNonEmptyStream" time="0.003"/>
  <testcase classname="javaslang.collection.StreamTest" name="shouldGenerateLongStream" time="0"/>
  <testcase classname="javaslang.collection.StreamTest" name="shouldStringifyNonNilAndNilTail" time="0"/>
  <testcase classname="javaslang.collection.StreamTest" name="shouldRecognizeInfiniteDoesContainSlice" time="0.001"/>
  <testcase classname="javaslang.collection.StreamTest" name="shouldStringifyNonNil" time="0"/>
  <testcase classname="javaslang.collection.StreamTest" name="shouldComputeCombinationsOfEmptyStream" time="0.009"/>
  <testcase classname="javaslang.collection.StreamTest" name="shouldGenerateInfiniteStreamBasedOnSupplierWithAccessToPreviousValue" time="0"/>
  <testcase classname="javaslang.collection.StreamTest" name="shouldGenerateInfiniteStreamBasedOnSupplier" time="0.001"/>
  <testcase classname="javaslang.collection.StreamTest" name="shouldGenerateTerminatingIntStream" time="0"/>
  <testcase classname="javaslang.collection.StreamTest" name="shouldLazyDropRight" time="0.002"/>
  <testcase classname="javaslang.collection.StreamTest" name="shouldNotSerializeEnclosingClassOfCons" time="0.002"/>
  <testcase classname="javaslang.collection.StreamTest" name="shouldComputePermutationsOfEmptyStream" time="0"/>
  <testcase classname="javaslang.collection.StreamTest" name="shouldCycleNonEmptyStream" time="0"/>
  <testcase classname="javaslang.collection.StreamTest" name="shouldComputeKCombinationsOfEmptyStream" time="0"/>
  <testcase classname="javaslang.collection.StreamTest" name="shouldNotDeserializeStreamWithSizeLessThanOne" time="0.001"/>
  <testcase classname="javaslang.collection.StreamTest" name="shouldNotEvaluateHeadOfTailWhenCallingIteratorHasNext" time="0.004"/>
  <testcase classname="javaslang.collection.StreamTest" name="shouldDoNothingOnNil" time="0.001"/>
  <testcase classname="javaslang.collection.StreamTest" name="shouldFlatMapInfiniteTraversable" time="0.01"/>
  <testcase classname="javaslang.collection.StreamTest" name="shouldEvaluateTailAtMostOnce" time="0.001"/>
  <testcase classname="javaslang.collection.StreamTest" name="shouldComputeCombinationsOfNonEmptyStream" time="0.001"/>
  <testcase classname="javaslang.collection.StreamTest" name="shouldRecurrentlyCalculateGeometricProgression" time="0.001"/>
  <testcase classname="javaslang.collection.StreamTest" name="shouldGenerateTerminatingLongStream" time="0"/>
  <testcase classname="javaslang.collection.StreamTest" name="shouldStringifyNonNilEvaluatingFirstTail" time="0"/>
  <testcase classname="javaslang.collection.StreamTest" name="shouldGenerateIntStream" time="0.001"/>
  <testcase classname="javaslang.collection.StreamTest" name="shouldRecurrentlyCalculatePrimes" time="0.005"/>
  <testcase classname="javaslang.collection.StreamTest" name="shouldNotProduceStackOverflow" time="0.006">
    <skipped/>
  </testcase>
  <testcase classname="javaslang.collection.StreamTest" name="shouldRecurrentlyCalculateArithmeticProgression" time="0"/>
  <testcase classname="javaslang.collection.StreamTest" name="shouldBuildStreamBasedOnHeadAndTailSupplierWithAccessToHead" time="0.001"/>
  <testcase classname="javaslang.collection.StreamTest" name="shouldRemoveFirstElementByPredicateBegin" time="0"/>
  <testcase classname="javaslang.collection.StreamTest" name="shouldThrowOnAppendAllOfNull" time="0"/>
  <testcase classname="javaslang.collection.StreamTest" name="shouldRemoveFirstElementByPredicateInner" time="0.001"/>
  <testcase classname="javaslang.collection.StreamTest" name="shouldTestIdexedSeqStartsWithNonIndexedSeq" time="0.001"/>
  <testcase classname="javaslang.collection.StreamTest" name="shouldFindIndexOfFirstSlice" time="0"/>
  <testcase classname="javaslang.collection.StreamTest" name="shouldSortNil" time="0"/>
  <testcase classname="javaslang.collection.StreamTest" name="shouldComputeSliceOnNonNilWhenBeginIndexExceedsLowerBound" time="0.001"/>
  <testcase classname="javaslang.collection.StreamTest" name="shouldStartsNilOfNonNilCalculate" time="0"/>
  <testcase classname="javaslang.collection.StreamTest" name="shouldSplitAtInclusivePredicateBegin" time="0"/>
  <testcase classname="javaslang.collection.StreamTest" name="shouldFailIndexWhereNullPredicateFrom" time="0"/>
  <testcase classname="javaslang.collection.StreamTest" name="shouldThrowWhenSlice2OnNil" time="0"/>
  <testcase classname="javaslang.collection.StreamTest" name="shouldFailLastIndexWhereNullPredicateFrom" time="0"/>
  <testcase classname="javaslang.collection.StreamTest" name="shouldRemoveAllElementsFromNil" time="0.001"/>
  <testcase classname="javaslang.collection.StreamTest" name="shouldSplitAtEnd" time="0"/>
  <testcase classname="javaslang.collection.StreamTest" name="shouldSplitAtNil" time="0"/>
  <testcase classname="javaslang.collection.StreamTest" name="shouldSplitAtPredicateNotFound" time="0.007"/>
  <testcase classname="javaslang.collection.StreamTest" name="shouldInsertAllBehindOfElement" time="0"/>
  <testcase classname="javaslang.collection.StreamTest" name="shouldIntersperseNil" time="0.001"/>
  <testcase classname="javaslang.collection.StreamTest" name="shouldPatchEmptyByEmpty" time="0"/>
  <testcase classname="javaslang.collection.StreamTest" name="shouldThrowWhenSetWithNegativeIndexOnNil" time="0"/>
  <testcase classname="javaslang.collection.StreamTest" name="shouldReturnNilOnSliceWhenIndicesBothAreUpperBound" time="0"/>
  <testcase classname="javaslang.collection.StreamTest" name="shouldPatchEmptyByNonEmpty" time="0"/>
  <testcase classname="javaslang.collection.StreamTest" name="shouldReturnSubSequenceWhenIndicesAreWithinRange" time="0"/>
  <testcase classname="javaslang.collection.StreamTest" name="shouldRemoveFirstElementByPredicateBeginM" time="0.001"/>
  <testcase classname="javaslang.collection.StreamTest" name="shouldThrowWhenInsertOnNonNilAllWithNegativeIndex" time="0"/>
  <testcase classname="javaslang.collection.StreamTest" name="shouldGetLastElement" time="0"/>
  <testcase classname="javaslang.collection.StreamTest" name="shouldRecognizeNonNilDoesContainSlice" time="0"/>
  <testcase classname="javaslang.collection.StreamTest" name="shouldRemoveFirstElementByPredicateInnerM" time="0"/>
  <testcase classname="javaslang.collection.StreamTest" name="shouldGetFirstElement" time="0.001"/>
  <testcase classname="javaslang.collection.StreamTest" name="shouldPrependElementToNonNil" time="0"/>
  <testcase classname="javaslang.collection.StreamTest" name="shouldInserAlltIntoNil" time="0"/>
  <testcase classname="javaslang.collection.StreamTest" name="shouldStartsNonNilOfNonNilWithOffsetCalculate1" time="0"/>
  <testcase classname="javaslang.collection.StreamTest" name="shouldStartsNonNilOfNonNilWithOffsetCalculate2" time="0"/>
  <testcase classname="javaslang.collection.StreamTest" name="shouldStartsNonNilOfNonNilWithOffsetCalculate3" time="0"/>
  <testcase classname="javaslang.collection.StreamTest" name="shouldRemoveIndxOutOfBoundsLeft" time="0"/>
  <testcase classname="javaslang.collection.StreamTest" name="shouldSortByNilUsingComparatorAndFunction" time="0.002"/>
  <testcase classname="javaslang.collection.StreamTest" name="shouldThrowWhenSubSequenceOnNil" time="0.001"/>
  <testcase classname="javaslang.collection.StreamTest" name="shouldReturnNilWhenSubSequenceFrom0OnNil" time="0"/>
  <testcase classname="javaslang.collection.StreamTest" name="shouldComputeSliceOnNilWhenBeginIndexIsGreaterThanEndIndex" time="0"/>
  <testcase classname="javaslang.collection.StreamTest" name="shouldThrowWhenSetWithNegativeIndexOnNonNil" time="0"/>
  <testcase classname="javaslang.collection.StreamTest" name="shouldRemoveFirstElementByPredicateFromNil" time="0"/>
  <testcase classname="javaslang.collection.StreamTest" name="shouldSplitPredicateAtNil" time="0"/>
  <testcase classname="javaslang.collection.StreamTest" name="shouldCalculateCrossProductOfNonNilAndNonNil" time="0.001"/>
  <testcase classname="javaslang.collection.StreamTest" name="shouldThrowWhenCalculatingCrossProductAndThatIsNull" time="0"/>
  <testcase classname="javaslang.collection.StreamTest" name="shouldAppendNullElementToNil" time="0"/>
  <testcase classname="javaslang.collection.StreamTest" name="shouldCalculateLastIndexWhere" time="0.011"/>
  <testcase classname="javaslang.collection.StreamTest" name="shouldThrowWhenSetWithIndexExceedingByTwoOnNonNil" time="0"/>
  <testcase classname="javaslang.collection.StreamTest" name="shouldInsertAllInFrontOfElement" time="0"/>
  <testcase classname="javaslang.collection.StreamTest" name="shouldStartsNonNilOfNilWithOffsetCalculate" time="0"/>
  <testcase classname="javaslang.collection.StreamTest" name="shouldSplitAtPredicateBegin" time="0"/>
  <testcase classname="javaslang.collection.StreamTest" name="shouldFindIndexOfInnerSlice" time="0"/>
  <testcase classname="javaslang.collection.StreamTest" name="shouldSortByNilUsingFunction" time="0.001"/>
  <testcase classname="javaslang.collection.StreamTest" name="shouldThrowOnInsertAllWithNil" time="0"/>
  <testcase classname="javaslang.collection.StreamTest" name="shouldFindIndexOfFirstElement" time="0"/>
  <testcase classname="javaslang.collection.StreamTest" name="shouldCreateReverseIteratorOfSingle" time="0"/>
  <testcase classname="javaslang.collection.StreamTest" name="shouldThrowOnSubSequenceOnNonNilWhenBeginIndexExceedsLowerBound" time="0"/>
  <testcase classname="javaslang.collection.StreamTest" name="shouldSplitAtInclusivePredicateNotFound" time="0.001"/>
  <testcase classname="javaslang.collection.StreamTest" name="shouldReturnNilWhenSubSequenceBeginningWithSize" time="0"/>
  <testcase classname="javaslang.collection.StreamTest" name="shouldReturnNilWhenSubSequenceFrom0To0OnNil" time="0"/>
  <testcase classname="javaslang.collection.StreamTest" name="shouldNotFindIndexOfSliceWhenStartIsGreater" time="0"/>
  <testcase classname="javaslang.collection.StreamTest" name="shouldReturnSeqWithFirstElementWhenSliceFrom0To1OnNonNil" time="0"/>
  <testcase classname="javaslang.collection.StreamTest" name="shouldReturnSeqWithFirstElementWhenSubSequenceFrom0To1OnNonNil" time="0"/>
  <testcase classname="javaslang.collection.StreamTest" name="shouldPrependAllNonNilToNonNil" time="0"/>
  <testcase classname="javaslang.collection.StreamTest" name="shouldPrependAllNilToNonNil" time="0"/>
  <testcase classname="javaslang.collection.StreamTest" name="shouldRemoveFirstElementByPredicateNonExisting" time="0"/>
  <testcase classname="javaslang.collection.StreamTest" name="shouldAppendAllNonNilToNonNil" time="0"/>
  <testcase classname="javaslang.collection.StreamTest" name="shouldReturnNilWhenOnSubSequenceIndicesBothAreUpperBound" time="0"/>
  <testcase classname="javaslang.collection.StreamTest" name="shouldThrowWhenSubSequenceWithOutOfUpperBound" time="0.008"/>
  <testcase classname="javaslang.collection.StreamTest" name="shouldComputeSliceOnNilWhenBeginIndexExceedsLowerBound" time="0"/>
  <testcase classname="javaslang.collection.StreamTest" name="shouldReturnSubSequenceWhenIndexIsWithinRange" time="0"/>
  <testcase classname="javaslang.collection.StreamTest" name="shouldReturnNilWhenSubSequenceFrom0To0OnNonNil" time="0"/>
  <testcase classname="javaslang.collection.StreamTest" name="shouldSplitInclusivePredicateAtNil" time="0"/>
  <testcase classname="javaslang.collection.StreamTest" name="shouldRemoveLastElementByPredicateNonExisting" time="0.001"/>
  <testcase classname="javaslang.collection.StreamTest" name="shouldRemoveLastElementByPredicateInnerM" time="0"/>
  <testcase classname="javaslang.collection.StreamTest" name="shouldComputePermutationsOfNonEmptyList" time="0"/>
  <testcase classname="javaslang.collection.StreamTest" name="shouldSetFirstElement" time="0"/>
  <testcase classname="javaslang.collection.StreamTest" name="shouldThrowWhenInsertOnNilAllWithNegativeIndex" time="0"/>
  <testcase classname="javaslang.collection.StreamTest" name="shouldSplitPredicateAtNonNil" time="0"/>
  <testcase classname="javaslang.collection.StreamTest" name="shouldRemoveIndxOutOfBoundsRight" time="0.001"/>
  <testcase classname="javaslang.collection.StreamTest" name="shouldCalculateCrossProductOfNilAndNonNil" time="0"/>
  <testcase classname="javaslang.collection.StreamTest" name="shouldFullyIterateNonNilStartingAtIndex" time="0"/>
  <testcase classname="javaslang.collection.StreamTest" name="shouldThrowOnSubSequenceOnNilWhenBeginIndexExceedsLowerBound" time="0"/>
  <testcase classname="javaslang.collection.StreamTest" name="shouldInsertBehindOfElement" time="0.001"/>
  <testcase classname="javaslang.collection.StreamTest" name="shouldReturnNilWhenSliceFrom1To1OnNonNil" time="0"/>
  <testcase classname="javaslang.collection.StreamTest" name="shouldAppendAllNilToNonNil" time="0"/>
  <testcase classname="javaslang.collection.StreamTest" name="shouldThrowWhenSubSequence2OnNil" time="0"/>
  <testcase classname="javaslang.collection.StreamTest" name="shouldNotRemoveAllNonObjectsElementsFromNonNil" time="0.001"/>
  <testcase classname="javaslang.collection.StreamTest" name="shouldAppendElementToNil" time="0"/>
  <testcase classname="javaslang.collection.StreamTest" name="shouldInsertIntoNil" time="0"/>
  <testcase classname="javaslang.collection.StreamTest" name="shouldInsertIntoSeq" time="0"/>
  <testcase classname="javaslang.collection.StreamTest" name="shouldPadEmptyToNonEmpty" time="0"/>
  <testcase classname="javaslang.collection.StreamTest" name="shouldReturnIdentityWhenSubSequenceFrom0OnNonNil" time="0"/>
  <testcase classname="javaslang.collection.StreamTest" name="shouldReturnNilWhenSliceFrom0To0OnNil" time="0"/>
  <testcase classname="javaslang.collection.StreamTest" name="shouldComputePermutationsOfEmptyList" time="0"/>
  <testcase classname="javaslang.collection.StreamTest" name="shouldRemoveLastElementByPredicateBegin" time="0.001"/>
  <testcase classname="javaslang.collection.StreamTest" name="shouldThrowOnPrependAllOfNull" time="0"/>
  <testcase classname="javaslang.collection.StreamTest" name="shouldRemoveLastElementByPredicateInner" time="0"/>
  <testcase classname="javaslang.collection.StreamTest" name="shouldReverseNonNil" time="0"/>
  <testcase classname="javaslang.collection.StreamTest" name="shouldNotStartsNonNilOfNonNilWithOffsetEndCalculate" time="0"/>
  <testcase classname="javaslang.collection.StreamTest" name="shouldFindLastIndexOfSliceWithEnd" time="0.01"/>
  <testcase classname="javaslang.collection.StreamTest" name="shouldTestEndsWith" time="0"/>
  <testcase classname="javaslang.collection.StreamTest" name="shouldFindIndexOfInnerElement" time="0"/>
  <testcase classname="javaslang.collection.StreamTest" name="shouldAppendElementToNonNil" time="0"/>
  <testcase classname="javaslang.collection.StreamTest" name="shouldUseSeqAsPartialFunction" time="0.001"/>
  <testcase classname="javaslang.collection.StreamTest" name="shouldComputeCombinationsOfEmptyList" time="0"/>
  <testcase classname="javaslang.collection.StreamTest" name="shouldRemoveLastElementByPredicateEndM" time="0"/>
  <testcase classname="javaslang.collection.StreamTest" name="shouldReturnSliceWhenIndicesAreWithinRange" time="0"/>
  <testcase classname="javaslang.collection.StreamTest" name="shouldPadNonEmpty" time="0.001"/>
  <testcase classname="javaslang.collection.StreamTest" name="shouldInsertAllIntoSeq" time="0"/>
  <testcase classname="javaslang.collection.StreamTest" name="shouldSortNonNilUsingComparator" time="0.001"/>
  <testcase classname="javaslang.collection.StreamTest" name="shouldFindIndexOfLastElement" time="0"/>
  <testcase classname="javaslang.collection.StreamTest" name="shouldFindLastIndexOfElement" time="0"/>
  <testcase classname="javaslang.collection.StreamTest" name="shouldStartsNonNilOfNilCalculate" time="0"/>
  <testcase classname="javaslang.collection.StreamTest" name="shouldNotStartsNonNilOfNonNilWithNegativeOffsetCalculate" time="0"/>
  <testcase classname="javaslang.collection.StreamTest" name="shouldComputeSliceWhenEndIndexExceedsUpperBound" time="0"/>
  <testcase classname="javaslang.collection.StreamTest" name="shouldTestIdexedSeqEndsWithNonIndexedSeq" time="0"/>
  <testcase classname="javaslang.collection.StreamTest" name="shouldPatchNonEmptyByNonEmpty" time="0.005"/>
  <testcase classname="javaslang.collection.StreamTest" name="shouldRemoveLastElementByPredicateFromNil" time="0.001"/>
  <testcase classname="javaslang.collection.StreamTest" name="shouldRemoveAllExistingObjectsFromNonNil" time="0"/>
  <testcase classname="javaslang.collection.StreamTest" name="shouldInsertInFrontOfElement" time="0"/>
  <testcase classname="javaslang.collection.StreamTest" name="shouldRemoveNonExistingElement" time="0.001"/>
  <testcase classname="javaslang.collection.StreamTest" name="shouldStartsNilOfNilWithOffsetCalculate" time="0"/>
  <testcase classname="javaslang.collection.StreamTest" name="shouldRemoveFirstElementByPredicateEnd" time="0"/>
  <testcase classname="javaslang.collection.StreamTest" name="shouldPrependElementToNil" time="0"/>
  <testcase classname="javaslang.collection.StreamTest" name="shouldStartsNilOfNilCalculate" time="0"/>
  <testcase classname="javaslang.collection.StreamTest" name="shouldComputeKCombinationsOfNegativeK" time="0.001"/>
  <testcase classname="javaslang.collection.StreamTest" name="shouldRemoveIndxAtEnd" time="0"/>
  <testcase classname="javaslang.collection.StreamTest" name="shouldRemoveIndxAtNil" time="0"/>
  <testcase classname="javaslang.collection.StreamTest" name="shouldRemoveIndxAtBegin" time="0"/>
  <testcase classname="javaslang.collection.StreamTest" name="shouldCalculateCrossProductOfNil" time="0"/>
  <testcase classname="javaslang.collection.StreamTest" name="shouldCalculateCrossProductPower" time="0.001"/>
  <testcase classname="javaslang.collection.StreamTest" name="shouldCalculateCrossProductOfNonNil" time="0.001"/>
  <testcase classname="javaslang.collection.StreamTest" name="shouldNotFindLastIndexOfElementWhenEndIdLess" time="0"/>
  <testcase classname="javaslang.collection.StreamTest" name="shouldComputeKCombinationsOfEmptyList" time="0"/>
  <testcase classname="javaslang.collection.StreamTest" name="shouldRemoveFirstElement" time="0"/>
  <testcase classname="javaslang.collection.StreamTest" name="shouldFindIndexOfLastSlice" time="0"/>
  <testcase classname="javaslang.collection.StreamTest" name="shouldRemoveLastElementByPredicateEnd" time="0.001"/>
  <testcase classname="javaslang.collection.StreamTest" name="shouldComputeSliceWhenBeginIndexAndEndIndexAreBothOutOfBounds" time="0"/>
  <testcase classname="javaslang.collection.StreamTest" name="shouldSortNilUsingComparator" time="0"/>
  <testcase classname="javaslang.collection.StreamTest" name="shouldRemoveElementFromNil" time="0.001"/>
  <testcase classname="javaslang.collection.StreamTest" name="shouldThrowOnSubSequenceOnNonNilWhenBeginIndexIsGreaterThanEndIndex" time="0"/>
  <testcase classname="javaslang.collection.StreamTest" name="shouldThrowOnSubSequenceOnNilWhenBeginIndexIsGreaterThanEndIndex" time="0"/>
  <testcase classname="javaslang.collection.StreamTest" name="shouldNotFindIndexOfElementWhenStartIsGreater" time="0"/>
  <testcase classname="javaslang.collection.StreamTest" name="shouldSplitAtBegin" time="0"/>
  <testcase classname="javaslang.collection.StreamTest" name="shouldNotFindLastIndexOfElementWhenSeqIsEmpty" time="0"/>
  <testcase classname="javaslang.collection.StreamTest" name="shouldPrependAllNonNilToNil" time="0"/>
  <testcase classname="javaslang.collection.StreamTest" name="shouldFailIndexWhereNullPredicate" time="0"/>
  <testcase classname="javaslang.collection.StreamTest" name="shouldThrowWhenInsertOnNilWithNegativeIndex" time="0"/>
  <testcase classname="javaslang.collection.StreamTest" name="shouldSetLastElement" time="0"/>
  <testcase classname="javaslang.collection.StreamTest" name="shouldComputeCombinationsOfNonEmptyList" time="0"/>
  <testcase classname="javaslang.collection.StreamTest" name="shouldRecognizeNonNilDoesNotContainSlice" time="0"/>
  <testcase classname="javaslang.collection.StreamTest" name="shouldSplitAtNonNil" time="0"/>
  <testcase classname="javaslang.collection.StreamTest" name="shouldIntersperseSingleton" time="0"/>
  <testcase classname="javaslang.collection.StreamTest" name="shouldPrependAllNilToNil" time="0"/>
  <testcase classname="javaslang.collection.StreamTest" name="shouldFailLastIndexWhereNullPredicate" time="0"/>
  <testcase classname="javaslang.collection.StreamTest" name="shouldThrowWhenGetWithTooBigIndexOnNonNil" time="0"/>
  <testcase classname="javaslang.collection.StreamTest" name="shouldThrowOnSubSequenceWhenBeginIndexIsGreaterThanEndIndex" time="0"/>
  <testcase classname="javaslang.collection.StreamTest" name="shouldThrowOnInsertAllWhenExceedingUpperBound" time="0"/>
  <testcase classname="javaslang.collection.StreamTest" name="shouldThrowOnInsertWhenExceedingUpperBound" time="0"/>
  <testcase classname="javaslang.collection.StreamTest" name="shouldThrowOnSubSequenceWhenEndIndexExceedsUpperBound" time="0"/>
  <testcase classname="javaslang.collection.StreamTest" name="shouldCalculateSegmentLength" time="0.001"/>
  <testcase classname="javaslang.collection.StreamTest" name="shouldRemoveLastElement" time="0.001"/>
  <testcase classname="javaslang.collection.StreamTest" name="shouldSplitAtOutOfBounds" time="0"/>
  <testcase classname="javaslang.collection.StreamTest" name="shouldCalculatePrefixLength" time="0.001"/>
  <testcase classname="javaslang.collection.StreamTest" name="shouldNotFindIndexOfElementWhenSeqIsEmpty" time="0"/>
  <testcase classname="javaslang.collection.StreamTest" name="shouldReturnNilWhenSliceFrom0To0OnNonNil" time="0"/>
  <testcase classname="javaslang.collection.StreamTest" name="shouldThrowWhenSetOnNil" time="0"/>
  <testcase classname="javaslang.collection.StreamTest" name="shouldRecognizeNilNotContainsSlice" time="0"/>
  <testcase classname="javaslang.collection.StreamTest" name="shouldSplitAtPredicateEnd" time="0.001"/>
  <testcase classname="javaslang.collection.StreamTest" name="shouldNotFindLastIndexOfSliceWhenEndIdLess" time="0"/>
  <testcase classname="javaslang.collection.StreamTest" name="shouldPadNonEmptyZeroLen" time="0"/>
  <testcase classname="javaslang.collection.StreamTest" name="shouldAppendAllNonNilToNil" time="0"/>
  <testcase classname="javaslang.collection.StreamTest" name="shouldSplitAtInclusivePredicateEnd" time="0.001"/>
  <testcase classname="javaslang.collection.StreamTest" name="shouldSplitInclusivePredicateAtNonNil" time="0"/>
  <testcase classname="javaslang.collection.StreamTest" name="shouldRemoveAllObjectsFromNil" time="0.001"/>
  <testcase classname="javaslang.collection.StreamTest" name="shouldCreateReverseIteratorOfEmpty" time="0"/>
  <testcase classname="javaslang.collection.StreamTest" name="shouldNotFindLastIndexOfSliceWhenSeqIsEmpty" time="0"/>
  <testcase classname="javaslang.collection.StreamTest" name="shouldNotFindIndexOfSliceWhenSeqIsEmpty" time="0"/>
  <testcase classname="javaslang.collection.StreamTest" name="shouldReturnNilWhenSubSequenceFrom1OnSeqOf1" time="0"/>
  <testcase classname="javaslang.collection.StreamTest" name="shouldThrowWhenNilIteratorStartingAtIndex" time="0"/>
  <testcase classname="javaslang.collection.StreamTest" name="shouldCalculateCrossProductOfNonNilAndNil" time="0.001"/>
  <testcase classname="javaslang.collection.StreamTest" name="shouldThrowSegmentLengthNullPredicate" time="0"/>
  <testcase classname="javaslang.collection.StreamTest" name="shouldCalculateIndexWhere" time="0.006"/>
  <testcase classname="javaslang.collection.StreamTest" name="shouldStartsNonNilOfNonNilWithOffsetAtStartCalculate" time="0"/>
  <testcase classname="javaslang.collection.StreamTest" name="shouldFindLastIndexOfElementWithEnd" time="0"/>
  <testcase classname="javaslang.collection.StreamTest" name="shouldRemoveInnerElement" time="0"/>
  <testcase classname="javaslang.collection.StreamTest" name="shouldThrowWhenGetWithNegativeIndexOnNil" time="0"/>
  <testcase classname="javaslang.collection.StreamTest" name="shouldComputeKCombinationsOfNonEmptyList" time="0"/>
  <testcase classname="javaslang.collection.StreamTest" name="shouldThrowWhenGetWithNegativeIndexOnNonNil" time="0"/>
  <testcase classname="javaslang.collection.StreamTest" name="shouldFindLastIndexOfSlice" time="0"/>
  <testcase classname="javaslang.collection.StreamTest" name="shouldStartsNilOfNonNilWithOffsetCalculate" time="0"/>
  <testcase classname="javaslang.collection.StreamTest" name="shouldIntersperseMultipleElements" time="0"/>
  <testcase classname="javaslang.collection.StreamTest" name="shouldCalculateCrossProductOfNilAndNil" time="0"/>
  <testcase classname="javaslang.collection.StreamTest" name="shouldComputeSliceOnNonNilWhenBeginIndexIsGreaterThanEndIndex" time="0"/>
  <testcase classname="javaslang.collection.StreamTest" name="shouldThrowWhenSetWithIndexExceedingByOneOnNonNil" time="0"/>
  <testcase classname="javaslang.collection.StreamTest" name="shouldNotRemoveAllNonExistingElementsFromNonNil" time="0"/>
  <testcase classname="javaslang.collection.StreamTest" name="shouldAppendAllNilToNil" time="0"/>
  <testcase classname="javaslang.collection.StreamTest" name="shouldThrowWhenGetOnNil" time="0"/>
  <testcase classname="javaslang.collection.StreamTest" name="shouldCreateReverseIteratorOfNonEmpty" time="0"/>
  <testcase classname="javaslang.collection.StreamTest" name="shouldSortNonNil" time="0"/>
  <testcase classname="javaslang.collection.StreamTest" name="shouldSortByNonNilUsingComparatorAndFunction" time="0"/>
  <testcase classname="javaslang.collection.StreamTest" name="shouldThrowPrefixLengthNullPredicate" time="0"/>
  <testcase classname="javaslang.collection.StreamTest" name="shouldReturnNilWhenSubSequenceFrom1To1OnNonNil" time="0"/>
  <testcase classname="javaslang.collection.StreamTest" name="shouldReverseNil" time="0"/>
  <testcase classname="javaslang.collection.StreamTest" name="shouldComputeSliceWhenBeginIndexIsGreaterThanEndIndex" time="0"/>
  <testcase classname="javaslang.collection.StreamTest" name="shouldRemoveAllExistingElementsFromNonNil" time="0"/>
  <testcase classname="javaslang.collection.StreamTest" name="shouldThrowWhenInsertOnNonNilWithNegativeIndex" time="0"/>
  <testcase classname="javaslang.collection.StreamTest" name="shouldRemoveIndxAtNonNil" time="0"/>
  <testcase classname="javaslang.collection.StreamTest" name="shouldPatchNonEmptyByEmpty" time="0"/>
  <testcase classname="javaslang.collection.StreamTest" name="shouldNotStartsNonNilOfNonNilWithOffsetEqualLengthCalculate" time="0"/>
  <testcase classname="javaslang.collection.StreamTest" name="shouldIterateFirstElementOfNonNilStartingAtIndex" time="0"/>
  <testcase classname="javaslang.collection.StreamTest" name="shouldPadEmptyToEmpty" time="0"/>
  <testcase classname="javaslang.collection.StreamTest" name="shouldStartsNonNilOfNonNilCalculate" time="0"/>
  <testcase classname="javaslang.collection.StreamTest" name="shouldThrowWhenSubSequenceWithOutOfLowerBound" time="0"/>
  <testcase classname="javaslang.collection.StreamTest" name="shouldSortByNonNilUsingFunction" time="0"/>
  <testcase classname="javaslang.collection.StreamTest" name="shouldCreateRangeClosedByWhereFromAndToEqualMAX_VALUE" time="0"/>
  <testcase classname="javaslang.collection.StreamTest" name="shouldProhibitDoubleRangeByStepEqualNaN" time="0"/>
  <testcase classname="javaslang.collection.StreamTest" name="shouldCreateRangeClosedByWhereFromIsLessThanToAndStepCorrectDirection" time="0.01"/>
  <testcase classname="javaslang.collection.StreamTest" name="shouldCreateRangeClosedWhereFromIsLessThanTo" time="0.001"/>
  <testcase classname="javaslang.collection.StreamTest" name="shouldCreateRangeClosedByWhereFromEqualsTo" time="0.008"/>
  <testcase classname="javaslang.collection.StreamTest" name="shouldCreateRangeClosedWhereFromIsGreaterThanTo" time="0"/>
  <testcase classname="javaslang.collection.StreamTest" name="shouldCreateRangeClosedByWhereFromAndToEqualMIN_VALUE" time="0"/>
  <testcase classname="javaslang.collection.StreamTest" name="shouldCreateRangeWhereFromIsLessThanTo" time="0"/>
  <testcase classname="javaslang.collection.StreamTest" name="shouldCreateRangeByWhereFromEqualsTo" time="0"/>
  <testcase classname="javaslang.collection.StreamTest" name="shouldProhibitDoubleRangeClosedByFromEqualNaN" time="0.001"/>
  <testcase classname="javaslang.collection.StreamTest" name="shouldProhibitLongRangeClosedByStepZero" time="0"/>
  <testcase classname="javaslang.collection.StreamTest" name="shouldProhibitIntRangeClosedByStepZero" time="0"/>
  <testcase classname="javaslang.collection.StreamTest" name="shouldProhibitDoubleRangeClosedByToEqualsNaN" time="0"/>
  <testcase classname="javaslang.collection.StreamTest" name="shouldProhibitDoubleRangeByFromEqualNaN" time="0"/>
  <testcase classname="javaslang.collection.StreamTest" name="shouldCreateRangeByWhereFromAndToEqualMAX_VALUE" time="0"/>
  <testcase classname="javaslang.collection.StreamTest" name="shouldCreateRangeClosedWhereFromAndToEqualMAX_VALUE" time="0.001"/>
  <testcase classname="javaslang.collection.StreamTest" name="shouldProhibitDoubleRangeByStepZero" time="0"/>
  <testcase classname="javaslang.collection.StreamTest" name="shouldProhibitIntRangeByStepZero" time="0"/>
  <testcase classname="javaslang.collection.StreamTest" name="shouldCreateRangeWhereFromEqualsTo" time="0"/>
  <testcase classname="javaslang.collection.StreamTest" name="shouldProhibitDoubleRangeByToEqualsNaN" time="0"/>
  <testcase classname="javaslang.collection.StreamTest" name="shouldCreateRangeWhereFromIsGreaterThanTo" time="0"/>
  <testcase classname="javaslang.collection.StreamTest" name="shouldProhibitCharRangeByStepZero" time="0"/>
  <testcase classname="javaslang.collection.StreamTest" name="shouldProhibitLongRangeByStepZero" time="0"/>
  <testcase classname="javaslang.collection.StreamTest" name="shouldCreateRangeByWhereFromIsGreaterThanToAndStepWrongDirection" time="0"/>
  <testcase classname="javaslang.collection.StreamTest" name="shouldProhibitDoubleRangeClosedByStepZero" time="0"/>
  <testcase classname="javaslang.collection.StreamTest" name="shouldCreateDoubleRangeClosedByFromInfinity" time="0"/>
  <testcase classname="javaslang.collection.StreamTest" name="shouldCreateRangeByWhereFromAndToEqualMIN_VALUE" time="0"/>
  <testcase classname="javaslang.collection.StreamTest" name="shouldCreateRangeClosedWhereFromAndToEqualMIN_VALUE" time="0"/>
  <testcase classname="javaslang.collection.StreamTest" name="shouldCreateDoubleRangeByFromInfinity" time="0.002"/>
  <testcase classname="javaslang.collection.StreamTest" name="shouldCreateRangeClosedByWhereFromIsGreaterThanToAndStepWrongDirection" time="0"/>
  <testcase classname="javaslang.collection.StreamTest" name="shouldCreateRangeClosedWhereFromEqualsTo" time="0"/>
  <testcase classname="javaslang.collection.StreamTest" name="shouldProhibitCharRangeClosedByStepZero" time="0"/>
  <testcase classname="javaslang.collection.StreamTest" name="shouldCreateRangeByWhereFromIsLessThanToAndStepCorrectDirection" time="0"/>
  <testcase classname="javaslang.collection.StreamTest" name="shouldCreateRangeWhereFromAndToEqualMAX_VALUE" time="0.001"/>
  <testcase classname="javaslang.collection.StreamTest" name="shouldCreateDoubleRangeClosedByFromMaxToInfinity" time="0"/>
  <testcase classname="javaslang.collection.StreamTest" name="shouldCreateRangeByWithBigStep" time="0"/>
  <testcase classname="javaslang.collection.StreamTest" name="shouldCreateDoubleRangeByFromMaxToInfinity" time="0"/>
  <testcase classname="javaslang.collection.StreamTest" name="shouldCreateRangeWhereFromAndToEqualMIN_VALUE" time="0"/>
  <testcase classname="javaslang.collection.StreamTest" name="shouldProhibitDoubleRangeClosedByStepEqualNaN" time="0"/>
  <testcase classname="javaslang.collection.StreamTest" name="shouldThrowWhenTailOnNil" time="0.001"/>
  <testcase classname="javaslang.collection.StreamTest" name="shouldZipAllNils" time="0"/>
  <testcase classname="javaslang.collection.StreamTest" name="shouldDropUntilNoneIfPredicateIsTrue" time="0"/>
  <testcase classname="javaslang.collection.StreamTest" name="shouldThrowWhenMaxByFunctionOfNil" time="0"/>
  <testcase classname="javaslang.collection.StreamTest" name="shouldSplitNonNil" time="0"/>
  <testcase classname="javaslang.collection.StreamTest" name="shouldComputeAverageOfFloat" time="0"/>
  <testcase classname="javaslang.collection.StreamTest" name="shouldComputeAverageOfShort" time="0"/>
  <testcase classname="javaslang.collection.StreamTest" name="shouldCreateListOfPrimitiveIntArray" time="0"/>
  <testcase classname="javaslang.collection.StreamTest" name="shouldThrowWhenMaxByOfNil" time="0"/>
  <testcase classname="javaslang.collection.StreamTest" name="shouldSpanNil" time="0"/>
  <testcase classname="javaslang.collection.StreamTest" name="shouldReplaceAllElementsOfNonNilUsingCurrNonExistingNew" time="0.001"/>
  <testcase classname="javaslang.collection.StreamTest" name="shouldReduceRightNonNil" time="0.001"/>
  <testcase classname="javaslang.collection.StreamTest" name="shouldSlide4ElementsBySize5AndStep3" time="0"/>
  <testcase classname="javaslang.collection.StreamTest" name="shouldFindFirstOfNonNil" time="0"/>
  <testcase classname="javaslang.collection.StreamTest" name="shouldScanWithNonComparable" time="0"/>
  <testcase classname="javaslang.collection.StreamTest" name="shouldScanRightNonEmpty" time="0.001"/>
  <testcase classname="javaslang.collection.StreamTest" name="shouldSerializeDeserializeNonNil" time="0.001"/>
  <testcase classname="javaslang.collection.StreamTest" name="shouldTabulateTheSeqWith0Elements" time="0"/>
  <testcase classname="javaslang.collection.StreamTest" name="shouldScanLeftWithNonComparable" time="0"/>
  <testcase classname="javaslang.collection.StreamTest" name="shouldCreateListOfPrimitiveCharArray" time="0"/>
  <testcase classname="javaslang.collection.StreamTest" name="shouldDropWhileAllIfPredicateIsTrue" time="0.001"/>
  <testcase classname="javaslang.collection.StreamTest" name="shouldComputeSumOfBigDecimal" time="0"/>
  <testcase classname="javaslang.collection.StreamTest" name="shouldCreateListOfPrimitiveDoubleArray" time="0"/>
  <testcase classname="javaslang.collection.StreamTest" name="shouldComputeMaxOfByte" time="0"/>
  <testcase classname="javaslang.collection.StreamTest" name="shouldComputeMaxOfChar" time="0"/>
  <testcase classname="javaslang.collection.StreamTest" name="shouldComputeMaxOfLong" time="0"/>
  <testcase classname="javaslang.collection.StreamTest" name="shouldComputeMaxOfBoolean" time="0"/>
  <testcase classname="javaslang.collection.StreamTest" name="shouldHaveSizedSpliterator" time="0"/>
  <testcase classname="javaslang.collection.StreamTest" name="shouldDropRightAllIfCountExceedsSize" time="0"/>
  <testcase classname="javaslang.collection.StreamTest" name="shouldCountWhenSomeSatisfyThePredicate" time="0"/>
  <testcase classname="javaslang.collection.StreamTest" name="shouldMkStringNonNil" time="0"/>
  <testcase classname="javaslang.collection.StreamTest" name="shouldHaveImmutableSpliterator" time="0"/>
  <testcase classname="javaslang.collection.StreamTest" name="shouldThrowWhenGroupedWithSizeZero" time="0"/>
  <testcase classname="javaslang.collection.StreamTest" name="shouldRecognizeNil" time="0"/>
  <testcase classname="javaslang.collection.StreamTest" name="shouldFullyIterateNonNil" time="0"/>
  <testcase classname="javaslang.collection.StreamTest" name="shouldComputeMaxOfInt" time="0.001"/>
  <testcase classname="javaslang.collection.StreamTest" name="shouldThrowWhenSlidingNonNilByNegativeSize" time="0"/>
  <testcase classname="javaslang.collection.StreamTest" name="shouldComputeLengthOfNonNil" time="0"/>
  <testcase classname="javaslang.collection.StreamTest" name="shouldZipNilWithIndex" time="0"/>
  <testcase classname="javaslang.collection.StreamTest" name="shouldThrowWhenFoldRightNullOperator" time="0"/>
  <testcase classname="javaslang.collection.StreamTest" name="shouldThrowWhenMinByWithNullComparator" time="0"/>
  <testcase classname="javaslang.collection.StreamTest" name="shouldScanRightWithNonComparable" time="0"/>
  <testcase classname="javaslang.collection.StreamTest" name="shouldCalculateDifferentHashCodesForDifferentTraversables" time="0"/>
  <testcase classname="javaslang.collection.StreamTest" name="shouldCountWhenAllSatisfyThePredicate" time="0"/>
  <testcase classname="javaslang.collection.StreamTest" name="shouldReturnSomeHeadWhenCallingHeadOptionOnNonNil" time="0"/>
  <testcase classname="javaslang.collection.StreamTest" name="shouldTabulateTheSeqCallingTheFunctionInTheRightOrder" time="0"/>
  <testcase classname="javaslang.collection.StreamTest" name="shouldNonNilNotEqualsNull" time="0"/>
  <testcase classname="javaslang.collection.StreamTest" name="shouldClearNonNil" time="0"/>
  <testcase classname="javaslang.collection.StreamTest" name="shouldComputeSumOfBigInteger" time="0"/>
  <testcase classname="javaslang.collection.StreamTest" name="shouldTakeRightAllIfCountExceedsSize" time="0"/>
  <testcase classname="javaslang.collection.StreamTest" name="shouldReduceRightOptionNonNil" time="0.001"/>
  <testcase classname="javaslang.collection.StreamTest" name="shouldTakeRightAsExpectedIfCountIsLessThanSize" time="0"/>
  <testcase classname="javaslang.collection.StreamTest" name="shouldConvertNonNilToArrayList" time="0"/>
  <testcase classname="javaslang.collection.StreamTest" name="shouldReturnHeadOfNonNil" time="0"/>
  <testcase classname="javaslang.collection.StreamTest" name="shouldThrowWhenFoldLeftNullOperator" time="0"/>
  <testcase classname="javaslang.collection.StreamTest" name="shouldCreateListOfPrimitiveBooleanArray" time="0"/>
  <testcase classname="javaslang.collection.StreamTest" name="shouldGroupedTraversableWithRemainder" time="0.001"/>
  <testcase classname="javaslang.collection.StreamTest" name="shouldUnzip3NonNil" time="0.001"/>
  <testcase classname="javaslang.collection.StreamTest" name="shouldDropNoneIfCountIsNegative" time="0"/>
  <testcase classname="javaslang.collection.StreamTest" name="shouldCalculateHashCodeOfNil" time="0"/>
  <testcase classname="javaslang.collection.StreamTest" name="shouldGroupedWhenTraversableLengthIsSmallerThanBlockSize" time="0"/>
  <testcase classname="javaslang.collection.StreamTest" name="shouldReturnNoneWhenComputingMaxOfNil" time="0"/>
  <testcase classname="javaslang.collection.StreamTest" name="shouldComputeMinOfBoolean" time="0"/>
  <testcase classname="javaslang.collection.StreamTest" name="shouldNilGroupBy" time="0.001"/>
  <testcase classname="javaslang.collection.StreamTest" name="shouldNotHasNextWhenNilIterator" time="0"/>
  <testcase classname="javaslang.collection.StreamTest" name="shouldBeAwareOfExistingUniqueElement" time="0"/>
  <testcase classname="javaslang.collection.StreamTest" name="shouldConvertNilToHashMap" time="0"/>
  <testcase classname="javaslang.collection.StreamTest" name="shouldConvertNilToHashSet" time="0"/>
  <testcase classname="javaslang.collection.StreamTest" name="shouldRecognizeNonEqualityOfTraversablesOfSameSize" time="0"/>
  <testcase classname="javaslang.collection.StreamTest" name="shouldFoldRightNil" time="0"/>
  <testcase classname="javaslang.collection.StreamTest" name="shouldCreateListOfPrimitiveByteArray" time="0.001"/>
  <testcase classname="javaslang.collection.StreamTest" name="shouldReplaceAllElementsOfNilUsingCurrNew" time="0"/>
  <testcase classname="javaslang.collection.StreamTest" name="shouldPartitionIntsInOddAndEvenHavingOddAndEvenNumbers" time="0"/>
  <testcase classname="javaslang.collection.StreamTest" name="shouldDropAsExpectedIfCountIsLessThanSize" time="0"/>
  <testcase classname="javaslang.collection.StreamTest" name="shouldCalculateMinByOfInts" time="0"/>
  <testcase classname="javaslang.collection.StreamTest" name="shouldPartitionIntsInOddAndEvenHavingOnlyEvenNumbers" time="0"/>
  <testcase classname="javaslang.collection.StreamTest" name="shouldComputeMinOfByte" time="0"/>
  <testcase classname="javaslang.collection.StreamTest" name="shouldComputeMinOfChar" time="0"/>
  <testcase classname="javaslang.collection.StreamTest" name="shouldComputeMinOfLong" time="0.001"/>
  <testcase classname="javaslang.collection.StreamTest" name="shouldUnzipNil" time="0"/>
  <testcase classname="javaslang.collection.StreamTest" name="shouldReplaceElementOfNilUsingCurrNew" time="0"/>
  <testcase classname="javaslang.collection.StreamTest" name="shouldThrowWhenGroupedWithNegativeSize" time="0"/>
  <testcase classname="javaslang.collection.StreamTest" name="shouldWriteToStderr" time="0.001"/>
  <testcase classname="javaslang.collection.StreamTest" name="shouldWriteToStdout" time="0.001"/>
  <testcase classname="javaslang.collection.StreamTest" name="shouldSlide5ElementsBySize2AndStep3" time="0.001"/>
  <testcase classname="javaslang.collection.StreamTest" name="shouldSlide5ElementsBySize2AndStep4" time="0.002"/>
  <testcase classname="javaslang.collection.StreamTest" name="shouldSlide5ElementsBySize2AndStep5" time="0"/>
  <testcase classname="javaslang.collection.StreamTest" name="shouldMkStringWithDelimiterNil" time="0"/>
  <testcase classname="javaslang.collection.StreamTest" name="shouldZipAllNonEmptyAndNil" time="0"/>
  <testcase classname="javaslang.collection.StreamTest" name="shouldDropRightNoneIfCountIsNegative" time="0"/>
  <testcase classname="javaslang.collection.StreamTest" name="shouldConvertNonNilToJavaArray" time="0.001"/>
  <testcase classname="javaslang.collection.StreamTest" name="shouldThrowWhenReduceNullOperator" time="0"/>
  <testcase classname="javaslang.collection.StreamTest" name="shouldComputeMinOfBigDecimal" time="0"/>
  <testcase classname="javaslang.collection.StreamTest" name="shouldThrowOnNextWhenNilIterator" time="0"/>
  <testcase classname="javaslang.collection.StreamTest" name="shouldThrowWhenMaxByWithNullFunction" time="0"/>
  <testcase classname="javaslang.collection.StreamTest" name="shouldComputeDistinctByOfNonEmptyTraversableUsingKeyExtractor" time="0"/>
  <testcase classname="javaslang.collection.StreamTest" name="shouldDropRightNoneOnNil" time="0"/>
  <testcase classname="javaslang.collection.StreamTest" name="shouldPreserveSingletonInstanceOnDeserialization" time="0.002"/>
  <testcase classname="javaslang.collection.StreamTest" name="shouldFoldLeftNil" time="0"/>
  <testcase classname="javaslang.collection.StreamTest" name="shouldThrowWhenReduceLeftNullOperator" time="0.001"/>
  <testcase classname="javaslang.collection.StreamTest" name="shouldThrowWhenSlidingNilByPositiveStepAndNegativeSize" time="0"/>
  <testcase classname="javaslang.collection.StreamTest" name="shouldReplaceAllElementsOfNonNilUsingCurrNew" time="0"/>
  <testcase classname="javaslang.collection.StreamTest" name="shouldThrowWhenComputingSumOfStrings" time="0"/>
  <testcase classname="javaslang.collection.StreamTest" name="shouldZipNonNilsOfSameSize" time="0"/>
  <testcase classname="javaslang.collection.StreamTest" name="shouldTakeNoneOnNil" time="0"/>
  <testcase classname="javaslang.collection.StreamTest" name="shouldTakeRightNoneIfCountIsNegative" time="0"/>
  <testcase classname="javaslang.collection.StreamTest" name="shouldReturnSomethingOnHasDefiniteSize" time="0.001"/>
  <testcase classname="javaslang.collection.StreamTest" name="shouldFoldMapNonNil" time="0"/>
  <testcase classname="javaslang.collection.StreamTest" name="shouldSpanNonNil" time="0"/>
  <testcase classname="javaslang.collection.StreamTest" name="shouldReturnNoneWhenCallingHeadOptionOnNil" time="0"/>
  <testcase classname="javaslang.collection.StreamTest" name="shouldHandleStdoutIOException" time="0"/>
  <testcase classname="javaslang.collection.StreamTest" name="shouldGroupedTraversableWithEqualSizedBlocks" time="0.001"/>
  <testcase classname="javaslang.collection.StreamTest" name="shouldComputeAverageOfDouble" time="0"/>
  <testcase classname="javaslang.collection.StreamTest" name="shouldCreateNil" time="0"/>
  <testcase classname="javaslang.collection.StreamTest" name="shouldReturnSomeInitWhenCallingInitOptionOnNonNil" time="0.001"/>
  <testcase classname="javaslang.collection.StreamTest" name="shouldSlideNilBySizeAndStep" time="0"/>
  <testcase classname="javaslang.collection.StreamTest" name="shouldComputeMinOfDouble" time="0"/>
  <testcase classname="javaslang.collection.StreamTest" name="shouldComputeSumOfByte" time="0"/>
  <testcase classname="javaslang.collection.StreamTest" name="shouldComputeSumOfLong" time="0.001"/>
  <testcase classname="javaslang.collection.StreamTest" name="shouldReturnSomeTailWhenCallingTailOptionOnNonNil" time="0"/>
  <testcase classname="javaslang.collection.StreamTest" name="shouldCalculateInverseMinByFunctionOfInts" time="0"/>
  <testcase classname="javaslang.collection.StreamTest" name="shouldComputeMinOfBigInteger" time="0"/>
  <testcase classname="javaslang.collection.StreamTest" name="shouldThrowWhenReduceOptionNil" time="0"/>
  <testcase classname="javaslang.collection.StreamTest" name="shouldClearNil" time="0"/>
  <testcase classname="javaslang.collection.StreamTest" name="shouldEmptyNotEqualsDifferentType" time="0"/>
  <testcase classname="javaslang.collection.StreamTest" name="shouldReturnLastOfNonNil" time="0.001"/>
  <testcase classname="javaslang.collection.StreamTest" name="shouldCalculateInverseMaxByFunctionOfInts" time="0"/>
  <testcase classname="javaslang.collection.StreamTest" name="shouldCreateListOfIterable" time="0"/>
  <testcase classname="javaslang.collection.StreamTest" name="shouldZipNils" time="0"/>
  <testcase classname="javaslang.collection.StreamTest" name="shouldTakeWhileNoneOnNil" time="0"/>
  <testcase classname="javaslang.collection.StreamTest" name="shouldCalculateMaxByOfInts" time="0"/>
  <testcase classname="javaslang.collection.StreamTest" name="shouldThrowIfZipWithThatIsNull" time="0"/>
  <testcase classname="javaslang.collection.StreamTest" name="shouldThrowWhenMaxByWithNullComparator" time="0.001"/>
  <testcase classname="javaslang.collection.StreamTest" name="shouldComputeDistinctByOfEmptyTraversableUsingKeyExtractor" time="0"/>
  <testcase classname="javaslang.collection.StreamTest" name="shouldMkStringWithDelimiterNonNil" time="0.001"/>
  <testcase classname="javaslang.collection.StreamTest" name="shouldZipAllEmptyAndNonNil" time="0"/>
  <testcase classname="javaslang.collection.StreamTest" name="shouldBeAwareOfExistingNonUniqueElement" time="0"/>
  <testcase classname="javaslang.collection.StreamTest" name="shouldGroupedNil" time="0"/>
  <testcase classname="javaslang.collection.StreamTest" name="shouldDropRightAsExpectedIfCountIsLessThanSize" time="0"/>
  <testcase classname="javaslang.collection.StreamTest" name="shouldNonNilGroupByEqual" time="0"/>
  <testcase classname="javaslang.collection.StreamTest" name="shouldTabulateTheSeqWith0ElementsWhenNIsNegative" time="0"/>
  <testcase classname="javaslang.collection.StreamTest" name="shouldHandlePrintStreamIOException" time="0"/>
  <testcase classname="javaslang.collection.StreamTest" name="shouldReturnSizeWhenSpliterator" time="0"/>
  <testcase classname="javaslang.collection.StreamTest" name="shouldMkStringWithDelimiterAndPrefixAndSuffixNonNil" time="0"/>
  <testcase classname="javaslang.collection.StreamTest" name="shouldFillTheSeqWith0Elements" time="0"/>
  <testcase classname="javaslang.collection.StreamTest" name="shouldTakeUntilAllOnFalseCondition" time="0.001"/>
  <testcase classname="javaslang.collection.StreamTest" name="shouldReplaceElementOfNonNilUsingCurrNewWhenOneOccurrenceExists" time="0.001"/>
  <testcase classname="javaslang.collection.StreamTest" name="shouldThrowWhenLastOnNil" time="0"/>
  <testcase classname="javaslang.collection.StreamTest" name="shouldRecognizeNonNil" time="0"/>
  <testcase classname="javaslang.collection.StreamTest" name="shouldReturnTailOfNonNil" time="0"/>
  <testcase classname="javaslang.collection.StreamTest" name="shouldThrowWhenReduceNil" time="0"/>
  <testcase classname="javaslang.collection.StreamTest" name="shouldReduceLeftNonNil" time="0"/>
  <testcase classname="javaslang.collection.StreamTest" name="shouldMkStringNil" time="0"/>
  <testcase classname="javaslang.collection.StreamTest" name="shouldRecognizeEqualityOfNonNils" time="0"/>
  <testcase classname="javaslang.collection.StreamTest" name="shouldRetainAllElementsFromNil" time="0"/>
  <testcase classname="javaslang.collection.StreamTest" name="shouldScanLeftEmpty" time="0"/>
  <testcase classname="javaslang.collection.StreamTest" name="shouldTakeUntilAsExpected" time="0"/>
  <testcase classname="javaslang.collection.StreamTest" name="shouldThrowWhenReduceRightNullOperator" time="0"/>
  <testcase classname="javaslang.collection.StreamTest" name="shouldReturnNoneWhenCallingLastOptionOnNil" time="0"/>
  <testcase classname="javaslang.collection.StreamTest" name="shouldTakeUntilNoneOnNil" time="0"/>
  <testcase classname="javaslang.collection.StreamTest" name="shouldComputeMinOfFloat" time="0"/>
  <testcase classname="javaslang.collection.StreamTest" name="shouldComputeProductOfDouble" time="0"/>
  <testcase classname="javaslang.collection.StreamTest" name="shouldComputeMinOfShort" time="0.001"/>
  <testcase classname="javaslang.collection.StreamTest" name="shouldComputeProductOfFloat" time="0"/>
  <testcase classname="javaslang.collection.StreamTest" name="shouldRecognizeNonNilDoesContainElement" time="0"/>
  <testcase classname="javaslang.collection.StreamTest" name="shouldCreateListOfPrimitiveShortArray" time="0"/>
  <testcase classname="javaslang.collection.StreamTest" name="shouldThrowWhenMinByWithNullFunction" time="0"/>
  <testcase classname="javaslang.collection.StreamTest" name="shouldComputeProductOfShort" time="0"/>
  <testcase classname="javaslang.collection.StreamTest" name="shouldCalculateMinByFunctionOfInts" time="0"/>
  <testcase classname="javaslang.collection.StreamTest" name="shouldUnzipNonNil" time="0"/>
  <testcase classname="javaslang.collection.StreamTest" name="shouldZipAllNonNilsIfThisIsSmaller" time="0.001"/>
  <testcase classname="javaslang.collection.StreamTest" name="shouldCalculateMaxByFunctionOfInts" time="0"/>
  <testcase classname="javaslang.collection.StreamTest" name="ofAllShouldReturnTheSingletonEmpty" time="0"/>
  <testcase classname="javaslang.collection.StreamTest" name="shouldCreateSeqOfSeqUsingCons" time="0"/>
  <testcase classname="javaslang.collection.StreamTest" name="shouldRecognizeNonEqualityOfTraversablesOfDifferentSize" time="0"/>
  <testcase classname="javaslang.collection.StreamTest" name="ofShouldReturnTheSingletonEmpty" time="0"/>
  <testcase classname="javaslang.collection.StreamTest" name="shouldReturnSomethingOnIsTraversableAgain" time="0"/>
  <testcase classname="javaslang.collection.StreamTest" name="shouldComputeMaxOfDouble" time="0"/>
  <testcase classname="javaslang.collection.StreamTest" name="shouldComputeDistinctOfNonEmptyTraversable" time="0"/>
  <testcase classname="javaslang.collection.StreamTest" name="shouldTakeWhileAllOnTrueCondition" time="0"/>
  <testcase classname="javaslang.collection.StreamTest" name="shouldDropWhileCorrect" time="0"/>
  <testcase classname="javaslang.collection.StreamTest" name="shouldCreateInstanceOfElements" time="0"/>
  <testcase classname="javaslang.collection.StreamTest" name="shouldSlideNilBySize" time="0"/>
  <testcase classname="javaslang.collection.StreamTest" name="shouldComputeMaxOfBigDecimal" time="0"/>
  <testcase classname="javaslang.collection.StreamTest" name="shouldComputeProductOfInt" time="0"/>
  <testcase classname="javaslang.collection.StreamTest" name="shouldComputeProductOfNil" time="0"/>
  <testcase classname="javaslang.collection.StreamTest" name="shouldScanNonEmpty" time="0"/>
  <testcase classname="javaslang.collection.StreamTest" name="shouldTakeAllIfCountExceedsSize" time="0"/>
  <testcase classname="javaslang.collection.StreamTest" name="shouldTakeUntilAllOnTrueCondition" time="0"/>
  <testcase classname="javaslang.collection.StreamTest" name="shouldUnzip3Nil" time="0"/>
  <testcase classname="javaslang.collection.StreamTest" name="shouldThrowWhenMinByOfNil" time="0"/>
  <testcase classname="javaslang.collection.StreamTest" name="shouldComputeDistinctByOfNonEmptyTraversableUsingComparator" time="0"/>
  <testcase classname="javaslang.collection.StreamTest" name="shouldDropUntilCorrect" time="0"/>
  <testcase classname="javaslang.collection.StreamTest" name="shouldParallelStreamAndCollectNonNil" time="0"/>
  <testcase classname="javaslang.collection.StreamTest" name="shouldCalculateInverseMinByOfInts" time="0"/>
  <testcase classname="javaslang.collection.StreamTest" name="shouldComputeAverageOfByte" time="0"/>
  <testcase classname="javaslang.collection.StreamTest" name="shouldComputeAverageOfLong" time="0"/>
  <testcase classname="javaslang.collection.StreamTest" name="shouldReturnNoneWhenCallingInitOptionOnNil" time="0"/>
  <testcase classname="javaslang.collection.StreamTest" name="shouldZipNonNilsIfThisIsSmaller" time="0"/>
  <testcase classname="javaslang.collection.StreamTest" name="shouldComputeAverageOfBigDecimal" time="0.001"/>
  <testcase classname="javaslang.collection.StreamTest" name="shouldCallMinFunctionOncePerElement" time="0"/>
  <testcase classname="javaslang.collection.StreamTest" name="shouldComputeSumOfInt" time="0"/>
  <testcase classname="javaslang.collection.StreamTest" name="shouldComputeSumOfNil" time="0"/>
  <testcase classname="javaslang.collection.StreamTest" name="shouldZipNonEmptyAndNil" time="0"/>
  <testcase classname="javaslang.collection.StreamTest" name="shouldReturnNoneWhenComputingAverageOfNil" time="0"/>
  <testcase classname="javaslang.collection.StreamTest" name="shouldComputeAverageOfInt" time="0"/>
  <testcase classname="javaslang.collection.StreamTest" name="shouldComputeMaxOfStrings" time="0"/>
  <testcase classname="javaslang.collection.StreamTest" name="shouldCallMaxFunctionOncePerElement" time="0"/>
  <testcase classname="javaslang.collection.StreamTest" name="shouldThrowWhenPartitionNilAndPredicateIsNull" time="0"/>
  <testcase classname="javaslang.collection.StreamTest" name="shouldFindLastOfNil" time="0"/>
  <testcase classname="javaslang.collection.StreamTest" name="shouldConvertNonNilToHashMap" time="0"/>
  <testcase classname="javaslang.collection.StreamTest" name="shouldConvertNonNilToHashSet" time="0"/>
  <testcase classname="javaslang.collection.StreamTest" name="shouldStreamAndCollectNil" time="0"/>
  <testcase classname="javaslang.collection.StreamTest" name="shouldComputeMaxOfBigInteger" time="0"/>
  <testcase classname="javaslang.collection.StreamTest" name="shouldReduceLeftOptionNonNil" time="0"/>
  <testcase classname="javaslang.collection.StreamTest" name="shouldComputeDistinctOfEmptyTraversable" time="0"/>
  <testcase classname="javaslang.collection.StreamTest" name="shouldThrowWhenReduceOptionNullOperator" time="0"/>
  <testcase classname="javaslang.collection.StreamTest" name="shouldEqualSameTraversableInstance" time="0"/>
  <testcase classname="javaslang.collection.StreamTest" name="shouldTakeWhileAsExpected" time="0"/>
  <testcase classname="javaslang.collection.StreamTest" name="shouldThrowWhenReduceLeftOptionNullOperator" time="0"/>
  <testcase classname="javaslang.collection.StreamTest" name="shouldTabulateTheSeq" time="0"/>
  <testcase classname="javaslang.collection.StreamTest" name="shouldThrowWhenReduceLeftOptionNil" time="0"/>
  <testcase classname="javaslang.collection.StreamTest" name="shouldHandleStderrIOException" time="0.001"/>
  <testcase classname="javaslang.collection.StreamTest" name="shouldComputeMinOfInt" time="0"/>
  <testcase classname="javaslang.collection.StreamTest" name="shouldComputeAverageOfBigInteger" time="0"/>
  <testcase classname="javaslang.collection.StreamTest" name="shouldThrowWhenMinByFunctionOfNil" time="0"/>
  <testcase classname="javaslang.collection.StreamTest" name="shouldReplaceElementOfNonNilUsingCurrNewWhenNoOccurrenceExists" time="0"/>
  <testcase classname="javaslang.collection.StreamTest" name="shouldSerializeDeserializeNil" time="0.001"/>
  <testcase classname="javaslang.collection.StreamTest" name="shouldThrowWhenSlidingNilByNegativeStepAndPositiveSize" time="0"/>
  <testcase classname="javaslang.collection.StreamTest" name="shouldThrowWhenSlidingNilByZeroSize" time="0"/>
  <testcase classname="javaslang.collection.StreamTest" name="shouldComputeDistinctByOfEmptyTraversableUsingComparator" time="0"/>
  <testcase classname="javaslang.collection.StreamTest" name="shouldCreateListOfPrimitiveLongArray" time="0"/>
  <testcase classname="javaslang.collection.StreamTest" name="shouldTakeWhileAllOnFalseCondition" time="0.001"/>
  <testcase classname="javaslang.collection.StreamTest" name="shouldNonNilGroupByIdentity" time="0"/>
  <testcase classname="javaslang.collection.StreamTest" name="shouldReduceOptionNonNil" time="0"/>
  <testcase classname="javaslang.collection.StreamTest" name="shouldScanLeftNonEmpty" time="0"/>
  <testcase classname="javaslang.collection.StreamTest" name="shouldComputeMinOfStrings" time="0"/>
  <testcase classname="javaslang.collection.StreamTest" name="shouldGetInitOfNonNil" time="0.001"/>
  <testcase classname="javaslang.collection.StreamTest" name="shouldThrowWhenReduceRightNil" time="0"/>
  <testcase classname="javaslang.collection.StreamTest" name="shouldRecognizeNonNilDoesNotContainElement" time="0"/>
  <testcase classname="javaslang.collection.StreamTest" name="shouldZipEmptyAndNonNil" time="0"/>
  <testcase classname="javaslang.collection.StreamTest" name="shouldRecognizeNonNilNotContainsAllOverlappingElements" time="0"/>
  <testcase classname="javaslang.collection.StreamTest" name="shouldCalculateInverseMaxByOfInts" time="0"/>
  <testcase classname="javaslang.collection.StreamTest" name="shouldReturnNoneWhenCallingTailOptionOnNil" time="0"/>
  <testcase classname="javaslang.collection.StreamTest" name="shouldCalculateHashCodeOfNonNil" time="0"/>
  <testcase classname="javaslang.collection.StreamTest" name="shouldComputeSumOfDouble" time="0"/>
  <testcase classname="javaslang.collection.StreamTest" name="shouldRecognizeEqualityOfNils" time="0"/>
  <testcase classname="javaslang.collection.StreamTest" name="shouldFillTheSeqWith0ElementsWhenNIsNegative" time="0"/>
  <testcase classname="javaslang.collection.StreamTest" name="shouldThrowWhenSlidingNilByNegativeStepAndNegativeSize" time="0.014"/>
  <testcase classname="javaslang.collection.StreamTest" name="shouldZipAllNonNilsOfSameSize" time="0"/>
  <testcase classname="javaslang.collection.StreamTest" name="shouldThrowWhenComputingAverageOfStrings" time="0"/>
  <testcase classname="javaslang.collection.StreamTest" name="shouldFoldMapFailNullMapper" time="0"/>
  <testcase classname="javaslang.collection.StreamTest" name="shouldSplitNil" time="0"/>
  <testcase classname="javaslang.collection.StreamTest" name="shouldRetainAllElementsFromNonNil" time="0.001"/>
  <testcase classname="javaslang.collection.StreamTest" name="shouldFoldMapFailNullMonoid" time="0"/>
  <testcase classname="javaslang.collection.StreamTest" name="shouldTakeNoneIfCountIsNegative" time="0"/>
  <testcase classname="javaslang.collection.StreamTest" name="shouldReturnNoneWhenComputingMinOfNil" time="0"/>
  <testcase classname="javaslang.collection.StreamTest" name="shouldFoldMapNil" time="0"/>
  <testcase classname="javaslang.collection.StreamTest" name="shouldReturnSomeLastWhenCallingLastOptionOnNonNil" time="0"/>
  <testcase classname="javaslang.collection.StreamTest" name="shouldComputeSumOfFloat" time="0.001"/>
  <testcase classname="javaslang.collection.StreamTest" name="shouldHaveOrderedSpliterator" time="0"/>
  <testcase classname="javaslang.collection.StreamTest" name="shouldComputeSumOfShort" time="0"/>
  <testcase classname="javaslang.collection.StreamTest" name="shouldDropNoneOnNil" time="0"/>
  <testcase classname="javaslang.collection.StreamTest" name="shouldRecognizeNilContainsNoElement" time="0"/>
  <testcase classname="javaslang.collection.StreamTest" name="shouldFoldRightNonNil" time="0"/>
  <testcase classname="javaslang.collection.StreamTest" name="shouldNotRetainAllNonExistingElementsFromNonNil" time="0"/>
  <testcase classname="javaslang.collection.StreamTest" name="shouldZipNonNilWithIndex" time="0"/>
  <testcase classname="javaslang.collection.StreamTest" name="shouldTakeAsExpectedIfCountIsLessThanSize" time="0"/>
  <testcase classname="javaslang.collection.StreamTest" name="shouldNilNotEqualsNull" time="0"/>
  <testcase classname="javaslang.collection.StreamTest" name="shouldRecognizeNilNotContainsAllElements" time="0"/>
  <testcase classname="javaslang.collection.StreamTest" name="shouldScanEmpty" time="0"/>
  <testcase classname="javaslang.collection.StreamTest" name="shouldConvertNilToArrayList" time="0"/>
  <testcase classname="javaslang.collection.StreamTest" name="shouldStreamAndCollectNonNil" time="0.001"/>
  <testcase classname="javaslang.collection.StreamTest" name="shouldZipAllNonNilsIfThatIsSmaller" time="0"/>
  <testcase classname="javaslang.collection.StreamTest" name="shouldReplaceFirstOccurrenceOfNonNilUsingCurrNewWhenMultipleOccurrencesExist" time="0"/>
  <testcase classname="javaslang.collection.StreamTest" name="shouldThrowWhenReduceRightOptionNil" time="0"/>
  <testcase classname="javaslang.collection.StreamTest" name="shouldComputeLengthOfNil" time="0"/>
  <testcase classname="javaslang.collection.StreamTest" name="shouldTakeRightNoneOnNil" time="0"/>
  <testcase classname="javaslang.collection.StreamTest" name="shouldBeAwareOfNonExistingUniqueElement" time="0"/>
  <testcase classname="javaslang.collection.StreamTest" name="shouldComputeProductOfBigDecimal" time="0"/>
  <testcase classname="javaslang.collection.StreamTest" name="shouldReduceNonNil" time="0"/>
  <testcase classname="javaslang.collection.StreamTest" name="shouldDropWhileNoneOnNil" time="0"/>
  <testcase classname="javaslang.collection.StreamTest" name="shouldParallelStreamAndCollectNil" time="0"/>
  <testcase classname="javaslang.collection.StreamTest" name="shouldThrowWhenSlidingNonNilByZeroSize" time="0"/>
  <testcase classname="javaslang.collection.StreamTest" name="shouldHandlePrintWriterIOException" time="0"/>
  <testcase classname="javaslang.collection.StreamTest" name="shouldZipNonNilsIfThatIsSmaller" time="0.001"/>
  <testcase classname="javaslang.collection.StreamTest" name="shouldThrowIfZipAllWithThatIsNull" time="0"/>
  <testcase classname="javaslang.collection.StreamTest" name="shouldThrowWhenReduceRightOptionNullOperator" time="0"/>
  <testcase classname="javaslang.collection.StreamTest" name="shouldNonEmptyNotEqualsDifferentType" time="0"/>
  <testcase classname="javaslang.collection.StreamTest" name="shouldRetainAllExistingElementsFromNonNil" time="0"/>
  <testcase classname="javaslang.collection.StreamTest" name="shouldCreateListOfPrimitiveFloatArray" time="0"/>
  <testcase classname="javaslang.collection.StreamTest" name="shouldFindFirstOfNil" time="0"/>
  <testcase classname="javaslang.collection.StreamTest" name="shouldPartitionIntsInOddAndEvenHavingOnlyOddNumbers" time="0"/>
  <testcase classname="javaslang.collection.StreamTest" name="shouldThrowWhenReduceLeftNil" time="0.001"/>
  <testcase classname="javaslang.collection.StreamTest" name="shouldIterateFirstElementOfNonNil" time="0"/>
  <testcase classname="javaslang.collection.StreamTest" name="shouldCountWhenIsEmpty" time="0"/>
  <testcase classname="javaslang.collection.StreamTest" name="shouldComputeMaxOfFloat" time="0"/>
  <testcase classname="javaslang.collection.StreamTest" name="shouldComputeMaxOfShort" time="0"/>
  <testcase classname="javaslang.collection.StreamTest" name="shouldThrowWhenInitOfNil" time="0"/>
  <testcase classname="javaslang.collection.StreamTest" name="shouldScanRightEmpty" time="0"/>
  <testcase classname="javaslang.collection.StreamTest" name="shouldDropWhileNoneIfPredicateIsFalse" time="0"/>
  <testcase classname="javaslang.collection.StreamTest" name="shouldRecognizeNonNilContainsAllOnSelf" time="0"/>
  <testcase classname="javaslang.collection.StreamTest" name="shouldThrowWhenComputingProductOfStrings" time="0"/>
  <testcase classname="javaslang.collection.StreamTest" name="shouldThrowWhenHeadOnNil" time="0"/>
  <testcase classname="javaslang.collection.StreamTest" name="shouldWriteToPrintStream" time="0"/>
  <testcase classname="javaslang.collection.StreamTest" name="shouldConvertNilToJavaArray" time="0.001"/>
  <testcase classname="javaslang.collection.StreamTest" name="shouldFindLastOfNonNil" time="0"/>
  <testcase classname="javaslang.collection.StreamTest" name="shouldFoldLeftNonNil" time="0"/>
  <testcase classname="javaslang.collection.StreamTest" name="shouldFoldMultipleElements" time="0"/>
  <testcase classname="javaslang.collection.StreamTest" name="shouldDropUntilNoneOnNil" time="0"/>
  <testcase classname="javaslang.collection.StreamTest" name="shouldComputeProductOfBigInteger" time="0"/>
  <testcase classname="javaslang.collection.StreamTest" name="shouldComputeProductOfByte" time="0"/>
  <testcase classname="javaslang.collection.StreamTest" name="shouldComputeProductOfLong" time="0"/>
  <testcase classname="javaslang.collection.StreamTest" name="shouldDropUntilAllIfPredicateIsFalse" time="0"/>
  <testcase classname="javaslang.collection.StreamTest" name="shouldFillTheSeqCallingTheSupplierInTheRightOrder" time="0"/>
  <testcase classname="javaslang.collection.StreamTest" name="shouldPartitionNil" time="0"/>
  <testcase classname="javaslang.collection.StreamTest" name="shouldCountWhenNoneSatisfiesThePredicate" time="0"/>
  <testcase classname="javaslang.collection.StreamTest" name="shouldWriteToPrintWriter" time="0"/>
  <testcase classname="javaslang.collection.StreamTest" name="shouldThrowWhenSlidingNilByNegativeSize" time="0"/>
  <testcase classname="javaslang.collection.StreamTest" name="shouldDropAllIfCountExceedsSize" time="0"/>
  <testcase classname="javaslang.collection.StreamTest" name="shouldSlideNonNilBySize1" time="0"/>
  <testcase classname="javaslang.collection.StreamTest" name="shouldSlideNonNilBySize2" time="0"/>
  <testcase classname="javaslang.collection.StreamTest" name="shouldMkStringWithDelimiterAndPrefixAndSuffixNil" time="0"/>
  <testcase classname="javaslang.collection.StreamTest" name="shouldGetOptionNonEmpty" time="0"/>
  <testcase classname="javaslang.collection.StreamTest" name="shouldBeAwareOfPropertyThatHoldsForAll" time="0"/>
  <testcase classname="javaslang.collection.StreamTest" name="shouldCorresponds" time="0"/>
  <testcase classname="javaslang.collection.StreamTest" name="shouldThrowIfEmpty" time="0"/>
  <testcase classname="javaslang.collection.StreamTest" name="shouldCalculateValIfEmpty" time="0"/>
  <testcase classname="javaslang.collection.StreamTest" name="shouldBeAwareOfExistingElement" time="0"/>
  <testcase classname="javaslang.collection.StreamTest" name="shouldConvertToMap" time="0"/>
  <testcase classname="javaslang.collection.StreamTest" name="shouldConvertToSet" time="0.001"/>
  <testcase classname="javaslang.collection.StreamTest" name="shouldNotThrowIfNonEmpty" time="0"/>
  <testcase classname="javaslang.collection.StreamTest" name="shouldCalculateValIfDefined" time="0"/>
  <testcase classname="javaslang.collection.StreamTest" name="shouldConvertToOption" time="0"/>
  <testcase classname="javaslang.collection.StreamTest" name="shouldConvertToCharSeq" time="0"/>
  <testcase classname="javaslang.collection.StreamTest" name="shouldBeAwareOfNonExistingElement" time="0"/>
  <testcase classname="javaslang.collection.StreamTest" name="shouldConvertEmptyToTry" time="0"/>
  <testcase classname="javaslang.collection.StreamTest" name="shouldConvertToStream" time="0"/>
  <testcase classname="javaslang.collection.StreamTest" name="shouldCalculateIsDefined" time="0"/>
  <testcase classname="javaslang.collection.StreamTest" name="shouldConvertToVector" time="0"/>
  <testcase classname="javaslang.collection.StreamTest" name="shouldConvertNonEmptyValueToMatchMonad" time="0"/>
  <testcase classname="javaslang.collection.StreamTest" name="shouldConvertToEitherRightFromValue" time="0"/>
  <testcase classname="javaslang.collection.StreamTest" name="shouldConvertToJavaList" time="0"/>
  <testcase classname="javaslang.collection.StreamTest" name="shouldCalculateSupplierIfDefined" time="0"/>
  <testcase classname="javaslang.collection.StreamTest" name="shouldFilterNotEmptyTraversable" time="0"/>
  <testcase classname="javaslang.collection.StreamTest" name="shouldConvertToEitherLeftFromValue" time="0"/>
  <testcase classname="javaslang.collection.StreamTest" name="shouldPeekNil" time="0"/>
  <testcase classname="javaslang.collection.StreamTest" name="shouldFoldNil" time="0"/>
  <testcase classname="javaslang.collection.StreamTest" name="shouldBeAwareOfPropertyThatNotHoldsForAll" time="0"/>
  <testcase classname="javaslang.collection.StreamTest" name="shouldGetNonEmpty" time="0"/>
  <testcase classname="javaslang.collection.StreamTest" name="shouldFilterNonEmptyTraversable" time="0"/>
  <testcase classname="javaslang.collection.StreamTest" name="shouldFilterNonEmptyTraversableAllMatch" time="0"/>
  <testcase classname="javaslang.collection.StreamTest" name="shouldCalculateIsEmpty" time="0"/>
  <testcase classname="javaslang.collection.StreamTest" name="shouldThrowWhenFoldNullOperator" time="0"/>
  <testcase classname="javaslang.collection.StreamTest" name="shouldPeekNonNilPerformingAnAction" time="0.001"/>
  <testcase classname="javaslang.collection.StreamTest" name="shouldFilterNotNonEmptyTraversable" time="0"/>
  <testcase classname="javaslang.collection.StreamTest" name="shouldConvertToArray" time="0"/>
  <testcase classname="javaslang.collection.StreamTest" name="shouldConvertToQueue" time="0"/>
  <testcase classname="javaslang.collection.StreamTest" name="shouldConvertToStack" time="0"/>
  <testcase classname="javaslang.collection.StreamTest" name="shouldntCorrespondsNonNilNil" time="0"/>
  <testcase classname="javaslang.collection.StreamTest" name="shouldCalculateOrElseGet" time="0"/>
  <testcase classname="javaslang.collection.StreamTest" name="shouldReturnUnderlyingValueWhenCallingOrElseTryOnNonEmptyValue" time="0"/>
  <testcase classname="javaslang.collection.StreamTest" name="shouldCalculateSupplierIfEmpty" time="0"/>
  <testcase classname="javaslang.collection.StreamTest" name="shouldConvertToJavaMap" time="0"/>
  <testcase classname="javaslang.collection.StreamTest" name="shouldConvertToJavaSet" time="0"/>
  <testcase classname="javaslang.collection.StreamTest" name="shouldConvertToLazy" time="0"/>
  <testcase classname="javaslang.collection.StreamTest" name="shouldConvertToList" time="0"/>
  <testcase classname="javaslang.collection.StreamTest" name="shouldConvertToJavaArray" time="0"/>
  <testcase classname="javaslang.collection.StreamTest" name="shouldFilterNotNonEmptyTraversableAllMatch" time="0.001"/>
  <testcase classname="javaslang.collection.StreamTest" name="shouldFoldSingleElement" time="0"/>
  <testcase classname="javaslang.collection.StreamTest" name="shouldConvertToEitherRightFromValueSupplier" time="0"/>
  <testcase classname="javaslang.collection.StreamTest" name="shouldntCorrespondsNilNonNil" time="0"/>
  <testcase classname="javaslang.collection.StreamTest" name="shouldGetEmpty" time="0"/>
  <testcase classname="javaslang.collection.StreamTest" name="shouldFilterEmptyTraversable" time="0"/>
  <testcase classname="javaslang.collection.StreamTest" name="shouldThrowWhenCallingOrElseTryOnEmptyValueAndTryIsAFailure" time="0"/>
  <testcase classname="javaslang.collection.StreamTest" name="shouldConvertNonEmptyToTryUsingExceptionSupplier" time="0"/>
  <testcase classname="javaslang.collection.StreamTest" name="shouldntCorrespondsNilNil" time="0"/>
  <testcase classname="javaslang.collection.StreamTest" name="shouldReturnAlternateValueWhenCallingOrElseTryOnEmptyValue" time="0"/>
  <testcase classname="javaslang.collection.StreamTest" name="shouldConvertNonEmptyToTry" time="0"/>
  <testcase classname="javaslang.collection.StreamTest" name="shouldConvertToJavaStream" time="0.006"/>
  <testcase classname="javaslang.collection.StreamTest" name="shouldCalculateOrElse" time="0"/>
  <testcase classname="javaslang.collection.StreamTest" name="shouldntCorrespondsDifferentLengths" time="0"/>
  <testcase classname="javaslang.collection.StreamTest" name="shouldConvertEmptyToTryUsingExceptionSupplier" time="0"/>
  <testcase classname="javaslang.collection.StreamTest" name="shouldPeekSingleValuePerformingAnAction" time="0"/>
  <testcase classname="javaslang.collection.StreamTest" name="shouldConvertEmptyValueToMatchMonad" time="0"/>
  <testcase classname="javaslang.collection.StreamTest" name="shouldPeekNonNilPerformingNoAction" time="0"/>
  <testcase classname="javaslang.collection.StreamTest" name="shouldConvertToJavaOptional" time="0"/>
  <testcase classname="javaslang.collection.StreamTest" name="shouldGetOptionEmpty" time="0"/>
  <testcase classname="javaslang.collection.StreamTest" name="shouldConvertToEitherLeftFromValueSupplier" time="0"/>
</testsuite>