<?xml version="1.0" encoding="UTF-8" ?>
<testsuite tests="107" failures="0" name="javaslang.control.TryTest" time="0.1" errors="0" skipped="0">
  <properties>
[...]
</properties>
  <testcase classname="javaslang.control.TryTest" name="shouldComposeSuccessWithAndThenWhenSucceeding" time="0.003"/>
  <testcase classname="javaslang.control.TryTest" name="shouldMapOnFailure" time="0.01"/>
  <testcase classname="javaslang.control.TryTest" name="shouldCreateFailureWhenCallingTryRunRunnable" time="0.005"/>
  <testcase classname="javaslang.control.TryTest" name="shouldNotHoldPropertyForAllOfFailure" time="0"/>
  <testcase classname="javaslang.control.TryTest" name="shouldSerializeDeserializeSuccess" time="0.001"/>
  <testcase classname="javaslang.control.TryTest" name="shouldPeekSuccessAndThrow" time="0.001"/>
  <testcase classname="javaslang.control.TryTest" name="shouldChainSuccessWithMapTry" time="0.01"/>
  <testcase classname="javaslang.control.TryTest" name="shouldConvertSuccessToJavaOptional" time="0"/>
  <testcase classname="javaslang.control.TryTest" name="shouldNotHoldPropertyExistsOfFailure" time="0"/>
  <testcase classname="javaslang.control.TryTest" name="shouldFlatMapOnSuccess" time="0.001"/>
  <testcase classname="javaslang.control.TryTest" name="shouldCreateFailureWhenCallingTryOfSupplier" time="0"/>
  <testcase classname="javaslang.control.TryTest" name="shouldNotEqualFailureIfObjectIsOfDifferentType" time="0"/>
  <testcase classname="javaslang.control.TryTest" name="shouldFilterMatchingPredicateOnFailure" time="0.001"/>
  <testcase classname="javaslang.control.TryTest" name="shouldFlatMapOnIterable" time="0"/>
  <testcase classname="javaslang.control.TryTest" name="shouldPeekFailure" time="0.001"/>
  <testcase classname="javaslang.control.TryTest" name="shouldChainFailureWithMapTry" time="0.002"/>
  <testcase classname="javaslang.control.TryTest" name="shouldDetectNonFatalException" time="0"/>
  <testcase classname="javaslang.control.TryTest" name="shouldDetectNonFailureOnSuccess" time="0"/>
  <testcase classname="javaslang.control.TryTest" name="shouldReturnToStringOnNonFatal" time="0"/>
  <testcase classname="javaslang.control.TryTest" name="shouldConvertFailureToEither" time="0"/>
  <testcase classname="javaslang.control.TryTest" name="shouldDetectFailureOnNonFatalException" time="0"/>
  <testcase classname="javaslang.control.TryTest" name="shouldSerializeDeserializeFailure" time="0.016"/>
  <testcase classname="javaslang.control.TryTest" name="shouldConvertFailureToOption" time="0"/>
  <testcase classname="javaslang.control.TryTest" name="shouldFlatMapOnFailure" time="0.001"/>
  <testcase classname="javaslang.control.TryTest" name="shouldEqualSuccess" time="0"/>
  <testcase classname="javaslang.control.TryTest" name="shouldDetectFatalException" time="0.004"/>
  <testcase classname="javaslang.control.TryTest" name="shouldConvertFailureToString" time="0"/>
  <testcase classname="javaslang.control.TryTest" name="shouldBeAwareOfPropertyThatNotHoldsForAllOfSuccess" time="0.001"/>
  <testcase classname="javaslang.control.TryTest" name="shouldConvertSuccessToEither" time="0"/>
  <testcase classname="javaslang.control.TryTest" name="shouldConvertFailureToJavaOptional" time="0"/>
  <testcase classname="javaslang.control.TryTest" name="shouldEqualSuccessIfObjectIsSame" time="0"/>
  <testcase classname="javaslang.control.TryTest" name="shouldBeAwareOfPropertyThatNotHoldsExistsOfSuccess" time="0.001"/>
  <testcase classname="javaslang.control.TryTest" name="shouldFlatMapWithExceptionOnSuccess" time="0"/>
  <testcase classname="javaslang.control.TryTest" name="shouldBeAwareOfPropertyThatHoldsForAllOfSuccess" time="0.001"/>
  <testcase classname="javaslang.control.TryTest" name="shouldHashSuccess" time="0"/>
  <testcase classname="javaslang.control.TryTest" name="shouldConvertSuccessToOption" time="0"/>
  <testcase classname="javaslang.control.TryTest" name="shouldCreateSuccessWhenCallingTryRunRunnable" time="0"/>
  <testcase classname="javaslang.control.TryTest" name="shouldFilterWithExceptionOnSuccess" time="0.001"/>
  <testcase classname="javaslang.control.TryTest" name="shouldNotEqualSuccessIfObjectIsNull" time="0"/>
  <testcase classname="javaslang.control.TryTest" name="shouldBeAwareOfPropertyThatHoldsExistsOfSuccess" time="0"/>
  <testcase classname="javaslang.control.TryTest" name="shouldConvertSuccessToString" time="0"/>
  <testcase classname="javaslang.control.TryTest" name="shouldFlatMapTryOnFailure" time="0.001"/>
  <testcase classname="javaslang.control.TryTest" name="shouldReturnEqualsOnFatal" time="0"/>
  <testcase classname="javaslang.control.TryTest" name="shouldRecoverWithThrowingOnFailure" time="0"/>
  <testcase classname="javaslang.control.TryTest" name="shouldCreateSuccessWhenCallingTryOfSupplier" time="0"/>
  <testcase classname="javaslang.control.TryTest" name="shouldFlatMapOnEmptyIterable" time="0.001"/>
  <testcase classname="javaslang.control.TryTest" name="shouldRecoverWithOnSuccess" time="0"/>
  <testcase classname="javaslang.control.TryTest" name="shouldEqualFailure" time="0"/>
  <testcase classname="javaslang.control.TryTest" name="shouldReturnHasCodeOnNonFatal" time="0"/>
  <testcase classname="javaslang.control.TryTest" name="shouldNotEqualSuccessIfObjectIsOfDifferentType" time="0"/>
  <testcase classname="javaslang.control.TryTest" name="shouldConvertListOfFailureToTryOfList" time="0"/>
  <testcase classname="javaslang.control.TryTest" name="shouldForEachOnSuccess" time="0.004"/>
  <testcase classname="javaslang.control.TryTest" name="shouldCreateIdentityCheckedFunction" time="0"/>
  <testcase classname="javaslang.control.TryTest" name="shouldChainConsumableFailureWithAndThen" time="0.002"/>
  <testcase classname="javaslang.control.TryTest" name="shouldMapWithExceptionOnSuccess" time="0"/>
  <testcase classname="javaslang.control.TryTest" name="shouldRunElseWhenOrElseRunOnFailure" time="0.001"/>
  <testcase classname="javaslang.control.TryTest" name="shouldFlatMapWithExceptionOnFailure" time="0"/>
  <testcase classname="javaslang.control.TryTest" name="shouldDetectSuccess" time="0"/>
  <testcase classname="javaslang.control.TryTest" name="shouldReturnElseWhenOrElseOnFailure" time="0"/>
  <testcase classname="javaslang.control.TryTest" name="shouldConvertListOfSuccessToTryOfList" time="0.001"/>
  <testcase classname="javaslang.control.TryTest" name="shouldHashFailure" time="0"/>
  <testcase classname="javaslang.control.TryTest" name="shouldFilterWithExceptionOnFailure" time="0.001"/>
  <testcase classname="javaslang.control.TryTest" name="shouldNotHoldPropertyExistsWhenPredicateThrows" time="0"/>
  <testcase classname="javaslang.control.TryTest" name="shouldEqualFailureIfObjectIsSame" time="0"/>
  <testcase classname="javaslang.control.TryTest" name="shouldReturnNewFailureWhenCallingOnFailureAndThrowingGivenFailure" time="0.001"/>
  <testcase classname="javaslang.control.TryTest" name="shouldChainConsumableSuccessWithAndThen" time="0"/>
  <testcase classname="javaslang.control.TryTest" name="shouldFilterNonMatchingPredicateOnSuccess" time="0.001"/>
  <testcase classname="javaslang.control.TryTest" name="shouldThrowWhenCallingGetCauseOnSuccess" time="0"/>
  <testcase classname="javaslang.control.TryTest" name="shouldReturnHashCodeOnFatal" time="0"/>
  <testcase classname="javaslang.control.TryTest" name="shouldDetectNonSuccessOnFailure" time="0"/>
  <testcase classname="javaslang.control.TryTest" name="shouldConvertListOfMixedTryToTryOfList" time="0"/>
  <testcase classname="javaslang.control.TryTest" name="shouldOrElseThrowOnSuccess" time="0"/>
  <testcase classname="javaslang.control.TryTest" name="shouldNotEqualFailureIfObjectIsNull" time="0"/>
  <testcase classname="javaslang.control.TryTest" name="shouldRecoverWithOnFailure" time="0.001"/>
  <testcase classname="javaslang.control.TryTest" name="shouldOrElseRunOnSuccess" time="0"/>
  <testcase classname="javaslang.control.TryTest" name="shouldPassThroughFatalException" time="0"/>
  <testcase classname="javaslang.control.TryTest" name="shouldForEachOnFailure" time="0.001"/>
  <testcase classname="javaslang.control.TryTest" name="shouldReturnIdentityWhenFilterTryOnFailure" time="0.004"/>
  <testcase classname="javaslang.control.TryTest" name="shouldComposeFailureWithAndThenWhenFailing" time="0.001"/>
  <testcase classname="javaslang.control.TryTest" name="shouldMapWithExceptionOnFailure" time="0"/>
  <testcase classname="javaslang.control.TryTest" name="shouldCreateFailureOnNonFatalException" time="0"/>
  <testcase classname="javaslang.control.TryTest" name="shouldDetectSuccessOfRunnable" time="0.003"/>
  <testcase classname="javaslang.control.TryTest" name="shouldThrowWhenGetOnFailure" time="0"/>
  <testcase classname="javaslang.control.TryTest" name="shouldOrElseGetOnSuccess" time="0.001"/>
  <testcase classname="javaslang.control.TryTest" name="shouldReturnElseWhenOrElseGetOnFailure" time="0"/>
  <testcase classname="javaslang.control.TryTest" name="shouldEnsureThatIdentityCheckedFunctionReturnsIdentity" time="0"/>
  <testcase classname="javaslang.control.TryTest" name="shouldDetectFailureOfRunnable" time="0"/>
  <testcase classname="javaslang.control.TryTest" name="shouldReturnIteratorOfSuccess" time="0"/>
  <testcase classname="javaslang.control.TryTest" name="shouldFilterNonMatchingPredicateOnFailure" time="0.001"/>
  <testcase classname="javaslang.control.TryTest" name="shouldRecoverOnSuccess" time="0.007"/>
  <testcase classname="javaslang.control.TryTest" name="shouldReturnAndNotThrowOnNonFatal" time="0"/>
  <testcase classname="javaslang.control.TryTest" name="shouldGetOnSuccess" time="0"/>
  <testcase classname="javaslang.control.TryTest" name="shouldConsumeThrowableWhenCallingOnFailureGivenFailure" time="0.001"/>
  <testcase classname="javaslang.control.TryTest" name="shouldThrowWhenCallingFailedOnSuccess" time="0"/>
  <testcase classname="javaslang.control.TryTest" name="shouldNotHoldPropertyForAllWhenPredicateThrows" time="0.001"/>
  <testcase classname="javaslang.control.TryTest" name="shouldThrowOtherWhenOrElseThrowOnFailure" time="0"/>
  <testcase classname="javaslang.control.TryTest" name="shouldMapOnSuccess" time="0.001"/>
  <testcase classname="javaslang.control.TryTest" name="shouldOrElseOnSuccess" time="0"/>
  <testcase classname="javaslang.control.TryTest" name="shouldFilterTryMatchingPredicateOnSuccess" time="0.001"/>
  <testcase classname="javaslang.control.TryTest" name="shouldSubsequentlyHandOverCause" time="0.002"/>
  <testcase classname="javaslang.control.TryTest" name="shouldNotConsumeThrowableWhenCallingOnFailureGivenSuccess" time="0.001"/>
  <testcase classname="javaslang.control.TryTest" name="shouldReturnToStringOnFatal" time="0"/>
  <testcase classname="javaslang.control.TryTest" name="shouldFilterMatchingPredicateOnSuccess" time="0"/>
  <testcase classname="javaslang.control.TryTest" name="shouldPeekSuccess" time="0.001"/>
  <testcase classname="javaslang.control.TryTest" name="shouldReturnIteratorOfFailure" time="0"/>
  <testcase classname="javaslang.control.TryTest" name="shouldRecoverOnFailure" time="0"/>
  <testcase classname="javaslang.control.TryTest" name="shouldComposeSuccessWithAndThenWhenFailing" time="0"/>
</testsuite>