<?xml version="1.0" encoding="UTF-8" ?>
<testsuite tests="437" failures="0" name="javaslang.collection.TreeSetTest" time="0.098" errors="0" skipped="0">
  <properties>
[...]
</properties>
  <testcase classname="javaslang.collection.TreeSetTest" name="shouldKeepComparator" time="0.001"/>
  <testcase classname="javaslang.collection.TreeSetTest" name="shouldPreserveSingletonInstanceOnDeserialization" time="0"/>
  <testcase classname="javaslang.collection.TreeSetTest" name="shouldReturnComparator" time="0.001"/>
  <testcase classname="javaslang.collection.TreeSetTest" name="shouldRemoveElement" time="0"/>
  <testcase classname="javaslang.collection.TreeSetTest" name="shouldCalculateDifference" time="0.009"/>
  <testcase classname="javaslang.collection.TreeSetTest" name="shouldCalculateIntersect" time="0"/>
  <testcase classname="javaslang.collection.TreeSetTest" name="shouldBeAwareOfExistingNonUniqueElement" time="0"/>
  <testcase classname="javaslang.collection.TreeSetTest" name="shouldMapDistinctElementsToOneElement" time="0"/>
  <testcase classname="javaslang.collection.TreeSetTest" name="shouldRemoveAllElements" time="0.001"/>
  <testcase classname="javaslang.collection.TreeSetTest" name="shouldReplaceFirstOccurrenceOfNonNilUsingCurrNewWhenMultipleOccurrencesExist" time="0"/>
  <testcase classname="javaslang.collection.TreeSetTest" name="shouldAddAllOfIterable" time="0"/>
  <testcase classname="javaslang.collection.TreeSetTest" name="shouldCalculateUnion" time="0.001"/>
  <testcase classname="javaslang.collection.TreeSetTest" name="shouldCreateRangeClosedByWhereFromAndToEqualMAX_VALUE" time="0.002"/>
  <testcase classname="javaslang.collection.TreeSetTest" name="shouldProhibitDoubleRangeByStepEqualNaN" time="0"/>
  <testcase classname="javaslang.collection.TreeSetTest" name="shouldCreateRangeClosedByWhereFromIsLessThanToAndStepCorrectDirection" time="0.003"/>
  <testcase classname="javaslang.collection.TreeSetTest" name="shouldCreateRangeClosedWhereFromIsLessThanTo" time="0.003"/>
  <testcase classname="javaslang.collection.TreeSetTest" name="shouldCreateRangeClosedByWhereFromEqualsTo" time="0"/>
  <testcase classname="javaslang.collection.TreeSetTest" name="shouldCreateRangeClosedWhereFromIsGreaterThanTo" time="0"/>
  <testcase classname="javaslang.collection.TreeSetTest" name="shouldCreateRangeClosedByWhereFromAndToEqualMIN_VALUE" time="0"/>
  <testcase classname="javaslang.collection.TreeSetTest" name="shouldCreateRangeWhereFromIsLessThanTo" time="0"/>
  <testcase classname="javaslang.collection.TreeSetTest" name="shouldCreateRangeByWhereFromEqualsTo" time="0"/>
  <testcase classname="javaslang.collection.TreeSetTest" name="shouldProhibitDoubleRangeClosedByFromEqualNaN" time="0"/>
  <testcase classname="javaslang.collection.TreeSetTest" name="shouldProhibitLongRangeClosedByStepZero" time="0"/>
  <testcase classname="javaslang.collection.TreeSetTest" name="shouldProhibitIntRangeClosedByStepZero" time="0"/>
  <testcase classname="javaslang.collection.TreeSetTest" name="shouldProhibitDoubleRangeClosedByToEqualsNaN" time="0"/>
  <testcase classname="javaslang.collection.TreeSetTest" name="shouldProhibitDoubleRangeByFromEqualNaN" time="0.001"/>
  <testcase classname="javaslang.collection.TreeSetTest" name="shouldCreateRangeByWhereFromAndToEqualMAX_VALUE" time="0"/>
  <testcase classname="javaslang.collection.TreeSetTest" name="shouldCreateRangeClosedWhereFromAndToEqualMAX_VALUE" time="0"/>
  <testcase classname="javaslang.collection.TreeSetTest" name="shouldProhibitDoubleRangeByStepZero" time="0"/>
  <testcase classname="javaslang.collection.TreeSetTest" name="shouldProhibitIntRangeByStepZero" time="0"/>
  <testcase classname="javaslang.collection.TreeSetTest" name="shouldCreateRangeWhereFromEqualsTo" time="0"/>
  <testcase classname="javaslang.collection.TreeSetTest" name="shouldProhibitDoubleRangeByToEqualsNaN" time="0"/>
  <testcase classname="javaslang.collection.TreeSetTest" name="shouldCreateRangeWhereFromIsGreaterThanTo" time="0"/>
  <testcase classname="javaslang.collection.TreeSetTest" name="shouldProhibitCharRangeByStepZero" time="0.001"/>
  <testcase classname="javaslang.collection.TreeSetTest" name="shouldProhibitLongRangeByStepZero" time="0"/>
  <testcase classname="javaslang.collection.TreeSetTest" name="shouldCreateRangeByWhereFromIsGreaterThanToAndStepWrongDirection" time="0"/>
  <testcase classname="javaslang.collection.TreeSetTest" name="shouldProhibitDoubleRangeClosedByStepZero" time="0"/>
  <testcase classname="javaslang.collection.TreeSetTest" name="shouldCreateDoubleRangeClosedByFromInfinity" time="0"/>
  <testcase classname="javaslang.collection.TreeSetTest" name="shouldCreateRangeByWhereFromAndToEqualMIN_VALUE" time="0"/>
  <testcase classname="javaslang.collection.TreeSetTest" name="shouldCreateRangeClosedWhereFromAndToEqualMIN_VALUE" time="0"/>
  <testcase classname="javaslang.collection.TreeSetTest" name="shouldCreateDoubleRangeByFromInfinity" time="0.001"/>
  <testcase classname="javaslang.collection.TreeSetTest" name="shouldCreateRangeClosedByWhereFromIsGreaterThanToAndStepWrongDirection" time="0"/>
  <testcase classname="javaslang.collection.TreeSetTest" name="shouldCreateRangeClosedWhereFromEqualsTo" time="0"/>
  <testcase classname="javaslang.collection.TreeSetTest" name="shouldProhibitCharRangeClosedByStepZero" time="0"/>
  <testcase classname="javaslang.collection.TreeSetTest" name="shouldCreateRangeByWhereFromIsLessThanToAndStepCorrectDirection" time="0.001"/>
  <testcase classname="javaslang.collection.TreeSetTest" name="shouldCreateRangeWhereFromAndToEqualMAX_VALUE" time="0"/>
  <testcase classname="javaslang.collection.TreeSetTest" name="shouldCreateDoubleRangeClosedByFromMaxToInfinity" time="0"/>
  <testcase classname="javaslang.collection.TreeSetTest" name="shouldCreateRangeByWithBigStep" time="0.004"/>
  <testcase classname="javaslang.collection.TreeSetTest" name="shouldCreateDoubleRangeByFromMaxToInfinity" time="0"/>
  <testcase classname="javaslang.collection.TreeSetTest" name="shouldCreateRangeWhereFromAndToEqualMIN_VALUE" time="0"/>
  <testcase classname="javaslang.collection.TreeSetTest" name="shouldProhibitDoubleRangeClosedByStepEqualNaN" time="0"/>
  <testcase classname="javaslang.collection.TreeSetTest" name="shouldThrowWhenTailOnNil" time="0"/>
  <testcase classname="javaslang.collection.TreeSetTest" name="shouldZipAllNils" time="0.001"/>
  <testcase classname="javaslang.collection.TreeSetTest" name="shouldDropUntilNoneIfPredicateIsTrue" time="0"/>
  <testcase classname="javaslang.collection.TreeSetTest" name="shouldThrowWhenMaxByFunctionOfNil" time="0"/>
  <testcase classname="javaslang.collection.TreeSetTest" name="shouldSplitNonNil" time="0.001"/>
  <testcase classname="javaslang.collection.TreeSetTest" name="shouldComputeAverageOfFloat" time="0"/>
  <testcase classname="javaslang.collection.TreeSetTest" name="shouldComputeAverageOfShort" time="0"/>
  <testcase classname="javaslang.collection.TreeSetTest" name="shouldCreateListOfPrimitiveIntArray" time="0"/>
  <testcase classname="javaslang.collection.TreeSetTest" name="shouldThrowWhenMaxByOfNil" time="0"/>
  <testcase classname="javaslang.collection.TreeSetTest" name="shouldSpanNil" time="0.001"/>
  <testcase classname="javaslang.collection.TreeSetTest" name="shouldReplaceAllElementsOfNonNilUsingCurrNonExistingNew" time="0"/>
  <testcase classname="javaslang.collection.TreeSetTest" name="shouldReduceRightNonNil" time="0"/>
  <testcase classname="javaslang.collection.TreeSetTest" name="shouldSlide4ElementsBySize5AndStep3" time="0.001"/>
  <testcase classname="javaslang.collection.TreeSetTest" name="shouldFindFirstOfNonNil" time="0"/>
  <testcase classname="javaslang.collection.TreeSetTest" name="shouldScanWithNonComparable" time="0.001"/>
  <testcase classname="javaslang.collection.TreeSetTest" name="shouldScanRightNonEmpty" time="0"/>
  <testcase classname="javaslang.collection.TreeSetTest" name="shouldSerializeDeserializeNonNil" time="0.007"/>
  <testcase classname="javaslang.collection.TreeSetTest" name="shouldTabulateTheSeqWith0Elements" time="0.001"/>
  <testcase classname="javaslang.collection.TreeSetTest" name="shouldScanLeftWithNonComparable" time="0.001"/>
  <testcase classname="javaslang.collection.TreeSetTest" name="shouldCreateListOfPrimitiveCharArray" time="0"/>
  <testcase classname="javaslang.collection.TreeSetTest" name="shouldDropWhileAllIfPredicateIsTrue" time="0"/>
  <testcase classname="javaslang.collection.TreeSetTest" name="shouldComputeSumOfBigDecimal" time="0.001"/>
  <testcase classname="javaslang.collection.TreeSetTest" name="shouldCreateListOfPrimitiveDoubleArray" time="0"/>
  <testcase classname="javaslang.collection.TreeSetTest" name="shouldComputeMaxOfByte" time="0"/>
  <testcase classname="javaslang.collection.TreeSetTest" name="shouldComputeMaxOfChar" time="0"/>
  <testcase classname="javaslang.collection.TreeSetTest" name="shouldComputeMaxOfLong" time="0"/>
  <testcase classname="javaslang.collection.TreeSetTest" name="shouldComputeMaxOfBoolean" time="0"/>
  <testcase classname="javaslang.collection.TreeSetTest" name="shouldHaveSizedSpliterator" time="0"/>
  <testcase classname="javaslang.collection.TreeSetTest" name="shouldDropRightAllIfCountExceedsSize" time="0"/>
  <testcase classname="javaslang.collection.TreeSetTest" name="shouldCountWhenSomeSatisfyThePredicate" time="0"/>
  <testcase classname="javaslang.collection.TreeSetTest" name="shouldMkStringNonNil" time="0"/>
  <testcase classname="javaslang.collection.TreeSetTest" name="shouldHaveImmutableSpliterator" time="0"/>
  <testcase classname="javaslang.collection.TreeSetTest" name="shouldThrowWhenGroupedWithSizeZero" time="0"/>
  <testcase classname="javaslang.collection.TreeSetTest" name="shouldRecognizeNil" time="0"/>
  <testcase classname="javaslang.collection.TreeSetTest" name="shouldFullyIterateNonNil" time="0"/>
  <testcase classname="javaslang.collection.TreeSetTest" name="shouldComputeMaxOfInt" time="0"/>
  <testcase classname="javaslang.collection.TreeSetTest" name="shouldThrowWhenSlidingNonNilByNegativeSize" time="0"/>
  <testcase classname="javaslang.collection.TreeSetTest" name="shouldComputeLengthOfNonNil" time="0"/>
  <testcase classname="javaslang.collection.TreeSetTest" name="shouldZipNilWithIndex" time="0.001"/>
  <testcase classname="javaslang.collection.TreeSetTest" name="shouldThrowWhenFoldRightNullOperator" time="0"/>
  <testcase classname="javaslang.collection.TreeSetTest" name="shouldThrowWhenMinByWithNullComparator" time="0"/>
  <testcase classname="javaslang.collection.TreeSetTest" name="shouldScanRightWithNonComparable" time="0.001"/>
  <testcase classname="javaslang.collection.TreeSetTest" name="shouldCalculateDifferentHashCodesForDifferentTraversables" time="0"/>
  <testcase classname="javaslang.collection.TreeSetTest" name="shouldCountWhenAllSatisfyThePredicate" time="0"/>
  <testcase classname="javaslang.collection.TreeSetTest" name="shouldReturnSomeHeadWhenCallingHeadOptionOnNonNil" time="0"/>
  <testcase classname="javaslang.collection.TreeSetTest" name="shouldTabulateTheSeqCallingTheFunctionInTheRightOrder" time="0"/>
  <testcase classname="javaslang.collection.TreeSetTest" name="shouldNonNilNotEqualsNull" time="0.001"/>
  <testcase classname="javaslang.collection.TreeSetTest" name="shouldClearNonNil" time="0"/>
  <testcase classname="javaslang.collection.TreeSetTest" name="shouldComputeSumOfBigInteger" time="0"/>
  <testcase classname="javaslang.collection.TreeSetTest" name="shouldTakeRightAllIfCountExceedsSize" time="0"/>
  <testcase classname="javaslang.collection.TreeSetTest" name="shouldReduceRightOptionNonNil" time="0"/>
  <testcase classname="javaslang.collection.TreeSetTest" name="shouldTakeRightAsExpectedIfCountIsLessThanSize" time="0.001"/>
  <testcase classname="javaslang.collection.TreeSetTest" name="shouldConvertNonNilToArrayList" time="0"/>
  <testcase classname="javaslang.collection.TreeSetTest" name="shouldReturnHeadOfNonNil" time="0"/>
  <testcase classname="javaslang.collection.TreeSetTest" name="shouldThrowWhenFoldLeftNullOperator" time="0"/>
  <testcase classname="javaslang.collection.TreeSetTest" name="shouldCreateListOfPrimitiveBooleanArray" time="0"/>
  <testcase classname="javaslang.collection.TreeSetTest" name="shouldGroupedTraversableWithRemainder" time="0.001"/>
  <testcase classname="javaslang.collection.TreeSetTest" name="shouldUnzip3NonNil" time="0.001"/>
  <testcase classname="javaslang.collection.TreeSetTest" name="shouldDropNoneIfCountIsNegative" time="0"/>
  <testcase classname="javaslang.collection.TreeSetTest" name="shouldCalculateHashCodeOfNil" time="0"/>
  <testcase classname="javaslang.collection.TreeSetTest" name="shouldGroupedWhenTraversableLengthIsSmallerThanBlockSize" time="0"/>
  <testcase classname="javaslang.collection.TreeSetTest" name="shouldReturnNoneWhenComputingMaxOfNil" time="0"/>
  <testcase classname="javaslang.collection.TreeSetTest" name="shouldComputeMinOfBoolean" time="0"/>
  <testcase classname="javaslang.collection.TreeSetTest" name="shouldNilGroupBy" time="0"/>
  <testcase classname="javaslang.collection.TreeSetTest" name="shouldNotHasNextWhenNilIterator" time="0"/>
  <testcase classname="javaslang.collection.TreeSetTest" name="shouldBeAwareOfExistingUniqueElement" time="0"/>
  <testcase classname="javaslang.collection.TreeSetTest" name="shouldConvertNilToHashMap" time="0.001"/>
  <testcase classname="javaslang.collection.TreeSetTest" name="shouldConvertNilToHashSet" time="0"/>
  <testcase classname="javaslang.collection.TreeSetTest" name="shouldRecognizeNonEqualityOfTraversablesOfSameSize" time="0"/>
  <testcase classname="javaslang.collection.TreeSetTest" name="shouldFoldRightNil" time="0"/>
  <testcase classname="javaslang.collection.TreeSetTest" name="shouldCreateListOfPrimitiveByteArray" time="0"/>
  <testcase classname="javaslang.collection.TreeSetTest" name="shouldReplaceAllElementsOfNilUsingCurrNew" time="0"/>
  <testcase classname="javaslang.collection.TreeSetTest" name="shouldPartitionIntsInOddAndEvenHavingOddAndEvenNumbers" time="0.001"/>
  <testcase classname="javaslang.collection.TreeSetTest" name="shouldDropAsExpectedIfCountIsLessThanSize" time="0"/>
  <testcase classname="javaslang.collection.TreeSetTest" name="shouldCalculateMinByOfInts" time="0"/>
  <testcase classname="javaslang.collection.TreeSetTest" name="shouldPartitionIntsInOddAndEvenHavingOnlyEvenNumbers" time="0"/>
  <testcase classname="javaslang.collection.TreeSetTest" name="shouldComputeMinOfByte" time="0"/>
  <testcase classname="javaslang.collection.TreeSetTest" name="shouldComputeMinOfChar" time="0.001"/>
  <testcase classname="javaslang.collection.TreeSetTest" name="shouldComputeMinOfLong" time="0"/>
  <testcase classname="javaslang.collection.TreeSetTest" name="shouldUnzipNil" time="0"/>
  <testcase classname="javaslang.collection.TreeSetTest" name="shouldReplaceElementOfNilUsingCurrNew" time="0"/>
  <testcase classname="javaslang.collection.TreeSetTest" name="shouldThrowWhenGroupedWithNegativeSize" time="0"/>
  <testcase classname="javaslang.collection.TreeSetTest" name="shouldWriteToStderr" time="0.001"/>
  <testcase classname="javaslang.collection.TreeSetTest" name="shouldWriteToStdout" time="0"/>
  <testcase classname="javaslang.collection.TreeSetTest" name="shouldSlide5ElementsBySize2AndStep3" time="0.001"/>
  <testcase classname="javaslang.collection.TreeSetTest" name="shouldSlide5ElementsBySize2AndStep4" time="0"/>
  <testcase classname="javaslang.collection.TreeSetTest" name="shouldSlide5ElementsBySize2AndStep5" time="0"/>
  <testcase classname="javaslang.collection.TreeSetTest" name="shouldMkStringWithDelimiterNil" time="0"/>
  <testcase classname="javaslang.collection.TreeSetTest" name="shouldZipAllNonEmptyAndNil" time="0"/>
  <testcase classname="javaslang.collection.TreeSetTest" name="shouldDropRightNoneIfCountIsNegative" time="0"/>
  <testcase classname="javaslang.collection.TreeSetTest" name="shouldConvertNonNilToJavaArray" time="0"/>
  <testcase classname="javaslang.collection.TreeSetTest" name="shouldThrowWhenReduceNullOperator" time="0"/>
  <testcase classname="javaslang.collection.TreeSetTest" name="shouldComputeMinOfBigDecimal" time="0"/>
  <testcase classname="javaslang.collection.TreeSetTest" name="shouldThrowOnNextWhenNilIterator" time="0"/>
  <testcase classname="javaslang.collection.TreeSetTest" name="shouldThrowWhenMaxByWithNullFunction" time="0"/>
  <testcase classname="javaslang.collection.TreeSetTest" name="shouldComputeDistinctByOfNonEmptyTraversableUsingKeyExtractor" time="0"/>
  <testcase classname="javaslang.collection.TreeSetTest" name="shouldDropRightNoneOnNil" time="0"/>
  <testcase classname="javaslang.collection.TreeSetTest" name="shouldFoldLeftNil" time="0.001"/>
  <testcase classname="javaslang.collection.TreeSetTest" name="shouldThrowWhenReduceLeftNullOperator" time="0"/>
  <testcase classname="javaslang.collection.TreeSetTest" name="shouldThrowWhenSlidingNilByPositiveStepAndNegativeSize" time="0"/>
  <testcase classname="javaslang.collection.TreeSetTest" name="shouldReplaceAllElementsOfNonNilUsingCurrNew" time="0"/>
  <testcase classname="javaslang.collection.TreeSetTest" name="shouldThrowWhenComputingSumOfStrings" time="0"/>
  <testcase classname="javaslang.collection.TreeSetTest" name="shouldZipNonNilsOfSameSize" time="0.001"/>
  <testcase classname="javaslang.collection.TreeSetTest" name="shouldTakeNoneOnNil" time="0"/>
  <testcase classname="javaslang.collection.TreeSetTest" name="shouldTakeRightNoneIfCountIsNegative" time="0"/>
  <testcase classname="javaslang.collection.TreeSetTest" name="shouldReturnSomethingOnHasDefiniteSize" time="0"/>
  <testcase classname="javaslang.collection.TreeSetTest" name="shouldFoldMapNonNil" time="0"/>
  <testcase classname="javaslang.collection.TreeSetTest" name="shouldSpanNonNil" time="0"/>
  <testcase classname="javaslang.collection.TreeSetTest" name="shouldReturnNoneWhenCallingHeadOptionOnNil" time="0.001"/>
  <testcase classname="javaslang.collection.TreeSetTest" name="shouldHandleStdoutIOException" time="0"/>
  <testcase classname="javaslang.collection.TreeSetTest" name="shouldGroupedTraversableWithEqualSizedBlocks" time="0"/>
  <testcase classname="javaslang.collection.TreeSetTest" name="shouldComputeAverageOfDouble" time="0"/>
  <testcase classname="javaslang.collection.TreeSetTest" name="shouldCreateNil" time="0"/>
  <testcase classname="javaslang.collection.TreeSetTest" name="shouldReturnSomeInitWhenCallingInitOptionOnNonNil" time="0"/>
  <testcase classname="javaslang.collection.TreeSetTest" name="shouldSlideNilBySizeAndStep" time="0"/>
  <testcase classname="javaslang.collection.TreeSetTest" name="shouldComputeMinOfDouble" time="0"/>
  <testcase classname="javaslang.collection.TreeSetTest" name="shouldComputeSumOfByte" time="0"/>
  <testcase classname="javaslang.collection.TreeSetTest" name="shouldComputeSumOfLong" time="0"/>
  <testcase classname="javaslang.collection.TreeSetTest" name="shouldReturnSomeTailWhenCallingTailOptionOnNonNil" time="0"/>
  <testcase classname="javaslang.collection.TreeSetTest" name="shouldCalculateInverseMinByFunctionOfInts" time="0"/>
  <testcase classname="javaslang.collection.TreeSetTest" name="shouldComputeMinOfBigInteger" time="0"/>
  <testcase classname="javaslang.collection.TreeSetTest" name="shouldThrowWhenReduceOptionNil" time="0"/>
  <testcase classname="javaslang.collection.TreeSetTest" name="shouldClearNil" time="0"/>
  <testcase classname="javaslang.collection.TreeSetTest" name="shouldEmptyNotEqualsDifferentType" time="0"/>
  <testcase classname="javaslang.collection.TreeSetTest" name="shouldReturnLastOfNonNil" time="0"/>
  <testcase classname="javaslang.collection.TreeSetTest" name="shouldCalculateInverseMaxByFunctionOfInts" time="0"/>
  <testcase classname="javaslang.collection.TreeSetTest" name="shouldCreateListOfIterable" time="0"/>
  <testcase classname="javaslang.collection.TreeSetTest" name="shouldZipNils" time="0"/>
  <testcase classname="javaslang.collection.TreeSetTest" name="shouldTakeWhileNoneOnNil" time="0"/>
  <testcase classname="javaslang.collection.TreeSetTest" name="shouldCalculateMaxByOfInts" time="0"/>
  <testcase classname="javaslang.collection.TreeSetTest" name="shouldThrowIfZipWithThatIsNull" time="0"/>
  <testcase classname="javaslang.collection.TreeSetTest" name="shouldThrowWhenMaxByWithNullComparator" time="0"/>
  <testcase classname="javaslang.collection.TreeSetTest" name="shouldComputeDistinctByOfEmptyTraversableUsingKeyExtractor" time="0"/>
  <testcase classname="javaslang.collection.TreeSetTest" name="shouldMkStringWithDelimiterNonNil" time="0.001"/>
  <testcase classname="javaslang.collection.TreeSetTest" name="shouldZipAllEmptyAndNonNil" time="0"/>
  <testcase classname="javaslang.collection.TreeSetTest" name="shouldGroupedNil" time="0"/>
  <testcase classname="javaslang.collection.TreeSetTest" name="shouldDropRightAsExpectedIfCountIsLessThanSize" time="0"/>
  <testcase classname="javaslang.collection.TreeSetTest" name="shouldNonNilGroupByEqual" time="0"/>
  <testcase classname="javaslang.collection.TreeSetTest" name="shouldTabulateTheSeqWith0ElementsWhenNIsNegative" time="0"/>
  <testcase classname="javaslang.collection.TreeSetTest" name="shouldHandlePrintStreamIOException" time="0.001"/>
  <testcase classname="javaslang.collection.TreeSetTest" name="shouldReturnSizeWhenSpliterator" time="0"/>
  <testcase classname="javaslang.collection.TreeSetTest" name="shouldMkStringWithDelimiterAndPrefixAndSuffixNonNil" time="0.001"/>
  <testcase classname="javaslang.collection.TreeSetTest" name="shouldFillTheSeqWith0Elements" time="0"/>
  <testcase classname="javaslang.collection.TreeSetTest" name="shouldTakeUntilAllOnFalseCondition" time="0.002"/>
  <testcase classname="javaslang.collection.TreeSetTest" name="shouldReplaceElementOfNonNilUsingCurrNewWhenOneOccurrenceExists" time="0"/>
  <testcase classname="javaslang.collection.TreeSetTest" name="shouldThrowWhenLastOnNil" time="0"/>
  <testcase classname="javaslang.collection.TreeSetTest" name="shouldRecognizeNonNil" time="0"/>
  <testcase classname="javaslang.collection.TreeSetTest" name="shouldReturnTailOfNonNil" time="0"/>
  <testcase classname="javaslang.collection.TreeSetTest" name="shouldThrowWhenReduceNil" time="0"/>
  <testcase classname="javaslang.collection.TreeSetTest" name="shouldReduceLeftNonNil" time="0"/>
  <testcase classname="javaslang.collection.TreeSetTest" name="shouldMkStringNil" time="0.001"/>
  <testcase classname="javaslang.collection.TreeSetTest" name="shouldRecognizeEqualityOfNonNils" time="0"/>
  <testcase classname="javaslang.collection.TreeSetTest" name="shouldRetainAllElementsFromNil" time="0"/>
  <testcase classname="javaslang.collection.TreeSetTest" name="shouldScanLeftEmpty" time="0"/>
  <testcase classname="javaslang.collection.TreeSetTest" name="shouldTakeUntilAsExpected" time="0"/>
  <testcase classname="javaslang.collection.TreeSetTest" name="shouldThrowWhenReduceRightNullOperator" time="0.001"/>
  <testcase classname="javaslang.collection.TreeSetTest" name="shouldReturnNoneWhenCallingLastOptionOnNil" time="0"/>
  <testcase classname="javaslang.collection.TreeSetTest" name="shouldTakeUntilNoneOnNil" time="0"/>
  <testcase classname="javaslang.collection.TreeSetTest" name="shouldComputeMinOfFloat" time="0"/>
  <testcase classname="javaslang.collection.TreeSetTest" name="shouldComputeProductOfDouble" time="0"/>
  <testcase classname="javaslang.collection.TreeSetTest" name="shouldComputeMinOfShort" time="0"/>
  <testcase classname="javaslang.collection.TreeSetTest" name="shouldComputeProductOfFloat" time="0"/>
  <testcase classname="javaslang.collection.TreeSetTest" name="shouldRecognizeNonNilDoesContainElement" time="0"/>
  <testcase classname="javaslang.collection.TreeSetTest" name="shouldCreateListOfPrimitiveShortArray" time="0.001"/>
  <testcase classname="javaslang.collection.TreeSetTest" name="shouldThrowWhenMinByWithNullFunction" time="0"/>
  <testcase classname="javaslang.collection.TreeSetTest" name="shouldComputeProductOfShort" time="0"/>
  <testcase classname="javaslang.collection.TreeSetTest" name="shouldCalculateMinByFunctionOfInts" time="0"/>
  <testcase classname="javaslang.collection.TreeSetTest" name="shouldUnzipNonNil" time="0"/>
  <testcase classname="javaslang.collection.TreeSetTest" name="shouldZipAllNonNilsIfThisIsSmaller" time="0"/>
  <testcase classname="javaslang.collection.TreeSetTest" name="shouldCalculateMaxByFunctionOfInts" time="0"/>
  <testcase classname="javaslang.collection.TreeSetTest" name="ofAllShouldReturnTheSingletonEmpty" time="0"/>
  <testcase classname="javaslang.collection.TreeSetTest" name="shouldCreateSeqOfSeqUsingCons" time="0.001"/>
  <testcase classname="javaslang.collection.TreeSetTest" name="shouldRecognizeNonEqualityOfTraversablesOfDifferentSize" time="0"/>
  <testcase classname="javaslang.collection.TreeSetTest" name="ofShouldReturnTheSingletonEmpty" time="0"/>
  <testcase classname="javaslang.collection.TreeSetTest" name="shouldReturnSomethingOnIsTraversableAgain" time="0"/>
  <testcase classname="javaslang.collection.TreeSetTest" name="shouldComputeMaxOfDouble" time="0"/>
  <testcase classname="javaslang.collection.TreeSetTest" name="shouldComputeDistinctOfNonEmptyTraversable" time="0"/>
  <testcase classname="javaslang.collection.TreeSetTest" name="shouldTakeWhileAllOnTrueCondition" time="0"/>
  <testcase classname="javaslang.collection.TreeSetTest" name="shouldDropWhileCorrect" time="0"/>
  <testcase classname="javaslang.collection.TreeSetTest" name="shouldCreateInstanceOfElements" time="0"/>
  <testcase classname="javaslang.collection.TreeSetTest" name="shouldSlideNilBySize" time="0"/>
  <testcase classname="javaslang.collection.TreeSetTest" name="shouldComputeMaxOfBigDecimal" time="0.001"/>
  <testcase classname="javaslang.collection.TreeSetTest" name="shouldComputeProductOfInt" time="0"/>
  <testcase classname="javaslang.collection.TreeSetTest" name="shouldComputeProductOfNil" time="0"/>
  <testcase classname="javaslang.collection.TreeSetTest" name="shouldScanNonEmpty" time="0"/>
  <testcase classname="javaslang.collection.TreeSetTest" name="shouldTakeAllIfCountExceedsSize" time="0.001"/>
  <testcase classname="javaslang.collection.TreeSetTest" name="shouldTakeUntilAllOnTrueCondition" time="0"/>
  <testcase classname="javaslang.collection.TreeSetTest" name="shouldUnzip3Nil" time="0"/>
  <testcase classname="javaslang.collection.TreeSetTest" name="shouldThrowWhenMinByOfNil" time="0"/>
  <testcase classname="javaslang.collection.TreeSetTest" name="shouldComputeDistinctByOfNonEmptyTraversableUsingComparator" time="0"/>
  <testcase classname="javaslang.collection.TreeSetTest" name="shouldDropUntilCorrect" time="0"/>
  <testcase classname="javaslang.collection.TreeSetTest" name="shouldParallelStreamAndCollectNonNil" time="0.001"/>
  <testcase classname="javaslang.collection.TreeSetTest" name="shouldCalculateInverseMinByOfInts" time="0"/>
  <testcase classname="javaslang.collection.TreeSetTest" name="shouldComputeAverageOfByte" time="0.001"/>
  <testcase classname="javaslang.collection.TreeSetTest" name="shouldComputeAverageOfLong" time="0"/>
  <testcase classname="javaslang.collection.TreeSetTest" name="shouldReturnNoneWhenCallingInitOptionOnNil" time="0"/>
  <testcase classname="javaslang.collection.TreeSetTest" name="shouldZipNonNilsIfThisIsSmaller" time="0"/>
  <testcase classname="javaslang.collection.TreeSetTest" name="shouldComputeAverageOfBigDecimal" time="0"/>
  <testcase classname="javaslang.collection.TreeSetTest" name="shouldCallMinFunctionOncePerElement" time="0.001"/>
  <testcase classname="javaslang.collection.TreeSetTest" name="shouldComputeSumOfInt" time="0"/>
  <testcase classname="javaslang.collection.TreeSetTest" name="shouldComputeSumOfNil" time="0"/>
  <testcase classname="javaslang.collection.TreeSetTest" name="shouldZipNonEmptyAndNil" time="0"/>
  <testcase classname="javaslang.collection.TreeSetTest" name="shouldReturnNoneWhenComputingAverageOfNil" time="0"/>
  <testcase classname="javaslang.collection.TreeSetTest" name="shouldComputeAverageOfInt" time="0"/>
  <testcase classname="javaslang.collection.TreeSetTest" name="shouldComputeMaxOfStrings" time="0"/>
  <testcase classname="javaslang.collection.TreeSetTest" name="shouldCallMaxFunctionOncePerElement" time="0"/>
  <testcase classname="javaslang.collection.TreeSetTest" name="shouldThrowWhenPartitionNilAndPredicateIsNull" time="0"/>
  <testcase classname="javaslang.collection.TreeSetTest" name="shouldFindLastOfNil" time="0"/>
  <testcase classname="javaslang.collection.TreeSetTest" name="shouldConvertNonNilToHashMap" time="0.001"/>
  <testcase classname="javaslang.collection.TreeSetTest" name="shouldConvertNonNilToHashSet" time="0"/>
  <testcase classname="javaslang.collection.TreeSetTest" name="shouldStreamAndCollectNil" time="0"/>
  <testcase classname="javaslang.collection.TreeSetTest" name="shouldComputeMaxOfBigInteger" time="0"/>
  <testcase classname="javaslang.collection.TreeSetTest" name="shouldReduceLeftOptionNonNil" time="0"/>
  <testcase classname="javaslang.collection.TreeSetTest" name="shouldComputeDistinctOfEmptyTraversable" time="0"/>
  <testcase classname="javaslang.collection.TreeSetTest" name="shouldThrowWhenReduceOptionNullOperator" time="0"/>
  <testcase classname="javaslang.collection.TreeSetTest" name="shouldEqualSameTraversableInstance" time="0"/>
  <testcase classname="javaslang.collection.TreeSetTest" name="shouldTakeWhileAsExpected" time="0"/>
  <testcase classname="javaslang.collection.TreeSetTest" name="shouldThrowWhenReduceLeftOptionNullOperator" time="0.001"/>
  <testcase classname="javaslang.collection.TreeSetTest" name="shouldTabulateTheSeq" time="0"/>
  <testcase classname="javaslang.collection.TreeSetTest" name="shouldThrowWhenReduceLeftOptionNil" time="0"/>
  <testcase classname="javaslang.collection.TreeSetTest" name="shouldHandleStderrIOException" time="0"/>
  <testcase classname="javaslang.collection.TreeSetTest" name="shouldComputeMinOfInt" time="0"/>
  <testcase classname="javaslang.collection.TreeSetTest" name="shouldComputeAverageOfBigInteger" time="0"/>
  <testcase classname="javaslang.collection.TreeSetTest" name="shouldThrowWhenMinByFunctionOfNil" time="0"/>
  <testcase classname="javaslang.collection.TreeSetTest" name="shouldReplaceElementOfNonNilUsingCurrNewWhenNoOccurrenceExists" time="0"/>
  <testcase classname="javaslang.collection.TreeSetTest" name="shouldSerializeDeserializeNil" time="0.007"/>
  <testcase classname="javaslang.collection.TreeSetTest" name="shouldThrowWhenSlidingNilByNegativeStepAndPositiveSize" time="0"/>
  <testcase classname="javaslang.collection.TreeSetTest" name="shouldThrowWhenSlidingNilByZeroSize" time="0"/>
  <testcase classname="javaslang.collection.TreeSetTest" name="shouldComputeDistinctByOfEmptyTraversableUsingComparator" time="0.001"/>
  <testcase classname="javaslang.collection.TreeSetTest" name="shouldCreateListOfPrimitiveLongArray" time="0"/>
  <testcase classname="javaslang.collection.TreeSetTest" name="shouldTakeWhileAllOnFalseCondition" time="0"/>
  <testcase classname="javaslang.collection.TreeSetTest" name="shouldNonNilGroupByIdentity" time="0"/>
  <testcase classname="javaslang.collection.TreeSetTest" name="shouldReduceOptionNonNil" time="0"/>
  <testcase classname="javaslang.collection.TreeSetTest" name="shouldScanLeftNonEmpty" time="0"/>
  <testcase classname="javaslang.collection.TreeSetTest" name="shouldComputeMinOfStrings" time="0"/>
  <testcase classname="javaslang.collection.TreeSetTest" name="shouldGetInitOfNonNil" time="0"/>
  <testcase classname="javaslang.collection.TreeSetTest" name="shouldThrowWhenReduceRightNil" time="0.001"/>
  <testcase classname="javaslang.collection.TreeSetTest" name="shouldRecognizeNonNilDoesNotContainElement" time="0"/>
  <testcase classname="javaslang.collection.TreeSetTest" name="shouldZipEmptyAndNonNil" time="0"/>
  <testcase classname="javaslang.collection.TreeSetTest" name="shouldRecognizeNonNilNotContainsAllOverlappingElements" time="0"/>
  <testcase classname="javaslang.collection.TreeSetTest" name="shouldCalculateInverseMaxByOfInts" time="0"/>
  <testcase classname="javaslang.collection.TreeSetTest" name="shouldReturnNoneWhenCallingTailOptionOnNil" time="0"/>
  <testcase classname="javaslang.collection.TreeSetTest" name="shouldCalculateHashCodeOfNonNil" time="0"/>
  <testcase classname="javaslang.collection.TreeSetTest" name="shouldComputeSumOfDouble" time="0"/>
  <testcase classname="javaslang.collection.TreeSetTest" name="shouldRecognizeEqualityOfNils" time="0.001"/>
  <testcase classname="javaslang.collection.TreeSetTest" name="shouldFillTheSeqWith0ElementsWhenNIsNegative" time="0"/>
  <testcase classname="javaslang.collection.TreeSetTest" name="shouldThrowWhenSlidingNilByNegativeStepAndNegativeSize" time="0"/>
  <testcase classname="javaslang.collection.TreeSetTest" name="shouldZipAllNonNilsOfSameSize" time="0"/>
  <testcase classname="javaslang.collection.TreeSetTest" name="shouldThrowWhenComputingAverageOfStrings" time="0"/>
  <testcase classname="javaslang.collection.TreeSetTest" name="shouldFoldMapFailNullMapper" time="0"/>
  <testcase classname="javaslang.collection.TreeSetTest" name="shouldSplitNil" time="0"/>
  <testcase classname="javaslang.collection.TreeSetTest" name="shouldRetainAllElementsFromNonNil" time="0"/>
  <testcase classname="javaslang.collection.TreeSetTest" name="shouldFoldMapFailNullMonoid" time="0.001"/>
  <testcase classname="javaslang.collection.TreeSetTest" name="shouldTakeNoneIfCountIsNegative" time="0"/>
  <testcase classname="javaslang.collection.TreeSetTest" name="shouldReturnNoneWhenComputingMinOfNil" time="0"/>
  <testcase classname="javaslang.collection.TreeSetTest" name="shouldFoldMapNil" time="0"/>
  <testcase classname="javaslang.collection.TreeSetTest" name="shouldReturnSomeLastWhenCallingLastOptionOnNonNil" time="0"/>
  <testcase classname="javaslang.collection.TreeSetTest" name="shouldComputeSumOfFloat" time="0"/>
  <testcase classname="javaslang.collection.TreeSetTest" name="shouldHaveOrderedSpliterator" time="0"/>
  <testcase classname="javaslang.collection.TreeSetTest" name="shouldComputeSumOfShort" time="0"/>
  <testcase classname="javaslang.collection.TreeSetTest" name="shouldDropNoneOnNil" time="0"/>
  <testcase classname="javaslang.collection.TreeSetTest" name="shouldRecognizeNilContainsNoElement" time="0.001"/>
  <testcase classname="javaslang.collection.TreeSetTest" name="shouldFoldRightNonNil" time="0"/>
  <testcase classname="javaslang.collection.TreeSetTest" name="shouldNotRetainAllNonExistingElementsFromNonNil" time="0"/>
  <testcase classname="javaslang.collection.TreeSetTest" name="shouldZipNonNilWithIndex" time="0"/>
  <testcase classname="javaslang.collection.TreeSetTest" name="shouldTakeAsExpectedIfCountIsLessThanSize" time="0"/>
  <testcase classname="javaslang.collection.TreeSetTest" name="shouldNilNotEqualsNull" time="0"/>
  <testcase classname="javaslang.collection.TreeSetTest" name="shouldRecognizeNilNotContainsAllElements" time="0"/>
  <testcase classname="javaslang.collection.TreeSetTest" name="shouldScanEmpty" time="0.001"/>
  <testcase classname="javaslang.collection.TreeSetTest" name="shouldConvertNilToArrayList" time="0"/>
  <testcase classname="javaslang.collection.TreeSetTest" name="shouldStreamAndCollectNonNil" time="0"/>
  <testcase classname="javaslang.collection.TreeSetTest" name="shouldZipAllNonNilsIfThatIsSmaller" time="0"/>
  <testcase classname="javaslang.collection.TreeSetTest" name="shouldThrowWhenReduceRightOptionNil" time="0"/>
  <testcase classname="javaslang.collection.TreeSetTest" name="shouldComputeLengthOfNil" time="0"/>
  <testcase classname="javaslang.collection.TreeSetTest" name="shouldTakeRightNoneOnNil" time="0"/>
  <testcase classname="javaslang.collection.TreeSetTest" name="shouldBeAwareOfNonExistingUniqueElement" time="0"/>
  <testcase classname="javaslang.collection.TreeSetTest" name="shouldComputeProductOfBigDecimal" time="0.001"/>
  <testcase classname="javaslang.collection.TreeSetTest" name="shouldReduceNonNil" time="0"/>
  <testcase classname="javaslang.collection.TreeSetTest" name="shouldDropWhileNoneOnNil" time="0"/>
  <testcase classname="javaslang.collection.TreeSetTest" name="shouldParallelStreamAndCollectNil" time="0"/>
  <testcase classname="javaslang.collection.TreeSetTest" name="shouldThrowWhenSlidingNonNilByZeroSize" time="0"/>
  <testcase classname="javaslang.collection.TreeSetTest" name="shouldHandlePrintWriterIOException" time="0"/>
  <testcase classname="javaslang.collection.TreeSetTest" name="shouldZipNonNilsIfThatIsSmaller" time="0.001"/>
  <testcase classname="javaslang.collection.TreeSetTest" name="shouldThrowIfZipAllWithThatIsNull" time="0"/>
  <testcase classname="javaslang.collection.TreeSetTest" name="shouldThrowWhenReduceRightOptionNullOperator" time="0"/>
  <testcase classname="javaslang.collection.TreeSetTest" name="shouldNonEmptyNotEqualsDifferentType" time="0"/>
  <testcase classname="javaslang.collection.TreeSetTest" name="shouldRetainAllExistingElementsFromNonNil" time="0"/>
  <testcase classname="javaslang.collection.TreeSetTest" name="shouldCreateListOfPrimitiveFloatArray" time="0.001"/>
  <testcase classname="javaslang.collection.TreeSetTest" name="shouldFindFirstOfNil" time="0"/>
  <testcase classname="javaslang.collection.TreeSetTest" name="shouldPartitionIntsInOddAndEvenHavingOnlyOddNumbers" time="0"/>
  <testcase classname="javaslang.collection.TreeSetTest" name="shouldThrowWhenReduceLeftNil" time="0"/>
  <testcase classname="javaslang.collection.TreeSetTest" name="shouldIterateFirstElementOfNonNil" time="0"/>
  <testcase classname="javaslang.collection.TreeSetTest" name="shouldCountWhenIsEmpty" time="0"/>
  <testcase classname="javaslang.collection.TreeSetTest" name="shouldComputeMaxOfFloat" time="0"/>
  <testcase classname="javaslang.collection.TreeSetTest" name="shouldComputeMaxOfShort" time="0"/>
  <testcase classname="javaslang.collection.TreeSetTest" name="shouldThrowWhenInitOfNil" time="0"/>
  <testcase classname="javaslang.collection.TreeSetTest" name="shouldScanRightEmpty" time="0"/>
  <testcase classname="javaslang.collection.TreeSetTest" name="shouldDropWhileNoneIfPredicateIsFalse" time="0"/>
  <testcase classname="javaslang.collection.TreeSetTest" name="shouldRecognizeNonNilContainsAllOnSelf" time="0"/>
  <testcase classname="javaslang.collection.TreeSetTest" name="shouldThrowWhenComputingProductOfStrings" time="0"/>
  <testcase classname="javaslang.collection.TreeSetTest" name="shouldThrowWhenHeadOnNil" time="0"/>
  <testcase classname="javaslang.collection.TreeSetTest" name="shouldWriteToPrintStream" time="0"/>
  <testcase classname="javaslang.collection.TreeSetTest" name="shouldConvertNilToJavaArray" time="0"/>
  <testcase classname="javaslang.collection.TreeSetTest" name="shouldFindLastOfNonNil" time="0"/>
  <testcase classname="javaslang.collection.TreeSetTest" name="shouldFoldLeftNonNil" time="0.001"/>
  <testcase classname="javaslang.collection.TreeSetTest" name="shouldFoldMultipleElements" time="0"/>
  <testcase classname="javaslang.collection.TreeSetTest" name="shouldDropUntilNoneOnNil" time="0"/>
  <testcase classname="javaslang.collection.TreeSetTest" name="shouldComputeProductOfBigInteger" time="0"/>
  <testcase classname="javaslang.collection.TreeSetTest" name="shouldComputeProductOfByte" time="0"/>
  <testcase classname="javaslang.collection.TreeSetTest" name="shouldComputeProductOfLong" time="0"/>
  <testcase classname="javaslang.collection.TreeSetTest" name="shouldDropUntilAllIfPredicateIsFalse" time="0"/>
  <testcase classname="javaslang.collection.TreeSetTest" name="shouldFillTheSeqCallingTheSupplierInTheRightOrder" time="0.001"/>
  <testcase classname="javaslang.collection.TreeSetTest" name="shouldPartitionNil" time="0"/>
  <testcase classname="javaslang.collection.TreeSetTest" name="shouldCountWhenNoneSatisfiesThePredicate" time="0"/>
  <testcase classname="javaslang.collection.TreeSetTest" name="shouldWriteToPrintWriter" time="0"/>
  <testcase classname="javaslang.collection.TreeSetTest" name="shouldThrowWhenSlidingNilByNegativeSize" time="0"/>
  <testcase classname="javaslang.collection.TreeSetTest" name="shouldDropAllIfCountExceedsSize" time="0"/>
  <testcase classname="javaslang.collection.TreeSetTest" name="shouldSlideNonNilBySize1" time="0"/>
  <testcase classname="javaslang.collection.TreeSetTest" name="shouldSlideNonNilBySize2" time="0.001"/>
  <testcase classname="javaslang.collection.TreeSetTest" name="shouldMkStringWithDelimiterAndPrefixAndSuffixNil" time="0"/>
  <testcase classname="javaslang.collection.TreeSetTest" name="shouldGetOptionNonEmpty" time="0"/>
  <testcase classname="javaslang.collection.TreeSetTest" name="shouldBeAwareOfPropertyThatHoldsForAll" time="0"/>
  <testcase classname="javaslang.collection.TreeSetTest" name="shouldCorresponds" time="0"/>
  <testcase classname="javaslang.collection.TreeSetTest" name="shouldThrowIfEmpty" time="0"/>
  <testcase classname="javaslang.collection.TreeSetTest" name="shouldCalculateValIfEmpty" time="0"/>
  <testcase classname="javaslang.collection.TreeSetTest" name="shouldBeAwareOfExistingElement" time="0"/>
  <testcase classname="javaslang.collection.TreeSetTest" name="shouldConvertToMap" time="0.001"/>
  <testcase classname="javaslang.collection.TreeSetTest" name="shouldConvertToSet" time="0"/>
  <testcase classname="javaslang.collection.TreeSetTest" name="shouldNotThrowIfNonEmpty" time="0"/>
  <testcase classname="javaslang.collection.TreeSetTest" name="shouldCalculateValIfDefined" time="0"/>
  <testcase classname="javaslang.collection.TreeSetTest" name="shouldConvertToOption" time="0"/>
  <testcase classname="javaslang.collection.TreeSetTest" name="shouldConvertToCharSeq" time="0"/>
  <testcase classname="javaslang.collection.TreeSetTest" name="shouldBeAwareOfNonExistingElement" time="0"/>
  <testcase classname="javaslang.collection.TreeSetTest" name="shouldConvertEmptyToTry" time="0"/>
  <testcase classname="javaslang.collection.TreeSetTest" name="shouldConvertToStream" time="0"/>
  <testcase classname="javaslang.collection.TreeSetTest" name="shouldCalculateIsDefined" time="0"/>
  <testcase classname="javaslang.collection.TreeSetTest" name="shouldConvertToVector" time="0"/>
  <testcase classname="javaslang.collection.TreeSetTest" name="shouldConvertNonEmptyValueToMatchMonad" time="0"/>
  <testcase classname="javaslang.collection.TreeSetTest" name="shouldConvertToEitherRightFromValue" time="0.001"/>
  <testcase classname="javaslang.collection.TreeSetTest" name="shouldConvertToJavaList" time="0"/>
  <testcase classname="javaslang.collection.TreeSetTest" name="shouldCalculateSupplierIfDefined" time="0"/>
  <testcase classname="javaslang.collection.TreeSetTest" name="shouldFilterNotEmptyTraversable" time="0"/>
  <testcase classname="javaslang.collection.TreeSetTest" name="shouldConvertToEitherLeftFromValue" time="0"/>
  <testcase classname="javaslang.collection.TreeSetTest" name="shouldPeekNil" time="0"/>
  <testcase classname="javaslang.collection.TreeSetTest" name="shouldFoldNil" time="0"/>
  <testcase classname="javaslang.collection.TreeSetTest" name="shouldBeAwareOfPropertyThatNotHoldsForAll" time="0"/>
  <testcase classname="javaslang.collection.TreeSetTest" name="shouldGetNonEmpty" time="0"/>
  <testcase classname="javaslang.collection.TreeSetTest" name="shouldFilterNonEmptyTraversable" time="0"/>
  <testcase classname="javaslang.collection.TreeSetTest" name="shouldFilterNonEmptyTraversableAllMatch" time="0"/>
  <testcase classname="javaslang.collection.TreeSetTest" name="shouldCalculateIsEmpty" time="0"/>
  <testcase classname="javaslang.collection.TreeSetTest" name="shouldThrowWhenFoldNullOperator" time="0"/>
  <testcase classname="javaslang.collection.TreeSetTest" name="shouldPeekNonNilPerformingAnAction" time="0"/>
  <testcase classname="javaslang.collection.TreeSetTest" name="shouldFilterNotNonEmptyTraversable" time="0"/>
  <testcase classname="javaslang.collection.TreeSetTest" name="shouldConvertToArray" time="0"/>
  <testcase classname="javaslang.collection.TreeSetTest" name="shouldConvertToQueue" time="0.001"/>
  <testcase classname="javaslang.collection.TreeSetTest" name="shouldConvertToStack" time="0"/>
  <testcase classname="javaslang.collection.TreeSetTest" name="shouldntCorrespondsNonNilNil" time="0"/>
  <testcase classname="javaslang.collection.TreeSetTest" name="shouldCalculateOrElseGet" time="0"/>
  <testcase classname="javaslang.collection.TreeSetTest" name="shouldReturnUnderlyingValueWhenCallingOrElseTryOnNonEmptyValue" time="0"/>
  <testcase classname="javaslang.collection.TreeSetTest" name="shouldCalculateSupplierIfEmpty" time="0"/>
  <testcase classname="javaslang.collection.TreeSetTest" name="shouldConvertToJavaMap" time="0"/>
  <testcase classname="javaslang.collection.TreeSetTest" name="shouldConvertToJavaSet" time="0"/>
  <testcase classname="javaslang.collection.TreeSetTest" name="shouldConvertToLazy" time="0"/>
  <testcase classname="javaslang.collection.TreeSetTest" name="shouldConvertToList" time="0.001"/>
  <testcase classname="javaslang.collection.TreeSetTest" name="shouldConvertToJavaArray" time="0"/>
  <testcase classname="javaslang.collection.TreeSetTest" name="shouldFilterNotNonEmptyTraversableAllMatch" time="0"/>
  <testcase classname="javaslang.collection.TreeSetTest" name="shouldFoldSingleElement" time="0"/>
  <testcase classname="javaslang.collection.TreeSetTest" name="shouldConvertToEitherRightFromValueSupplier" time="0"/>
  <testcase classname="javaslang.collection.TreeSetTest" name="shouldntCorrespondsNilNonNil" time="0"/>
  <testcase classname="javaslang.collection.TreeSetTest" name="shouldGetEmpty" time="0"/>
  <testcase classname="javaslang.collection.TreeSetTest" name="shouldFilterEmptyTraversable" time="0"/>
  <testcase classname="javaslang.collection.TreeSetTest" name="shouldThrowWhenCallingOrElseTryOnEmptyValueAndTryIsAFailure" time="0"/>
  <testcase classname="javaslang.collection.TreeSetTest" name="shouldConvertNonEmptyToTryUsingExceptionSupplier" time="0"/>
  <testcase classname="javaslang.collection.TreeSetTest" name="shouldntCorrespondsNilNil" time="0"/>
  <testcase classname="javaslang.collection.TreeSetTest" name="shouldReturnAlternateValueWhenCallingOrElseTryOnEmptyValue" time="0"/>
  <testcase classname="javaslang.collection.TreeSetTest" name="shouldConvertNonEmptyToTry" time="0"/>
  <testcase classname="javaslang.collection.TreeSetTest" name="shouldConvertToJavaStream" time="0"/>
  <testcase classname="javaslang.collection.TreeSetTest" name="shouldCalculateOrElse" time="0"/>
  <testcase classname="javaslang.collection.TreeSetTest" name="shouldntCorrespondsDifferentLengths" time="0"/>
  <testcase classname="javaslang.collection.TreeSetTest" name="shouldConvertEmptyToTryUsingExceptionSupplier" time="0"/>
  <testcase classname="javaslang.collection.TreeSetTest" name="shouldPeekSingleValuePerformingAnAction" time="0"/>
  <testcase classname="javaslang.collection.TreeSetTest" name="shouldConvertEmptyValueToMatchMonad" time="0.001"/>
  <testcase classname="javaslang.collection.TreeSetTest" name="shouldPeekNonNilPerformingNoAction" time="0"/>
  <testcase classname="javaslang.collection.TreeSetTest" name="shouldConvertToJavaOptional" time="0"/>
  <testcase classname="javaslang.collection.TreeSetTest" name="shouldGetOptionEmpty" time="0"/>
  <testcase classname="javaslang.collection.TreeSetTest" name="shouldConvertToEitherLeftFromValueSupplier" time="0"/>
</testsuite>