<?xml version="1.0" encoding="UTF-8" ?>
<testsuite tests="120" failures="0" name="javaslang.control.EitherTest" time="0.128" errors="0" skipped="0">
  <properties>
[...]
</properties>
  <testcase classname="javaslang.control.EitherTest" name="shouldNotHoldPropertyForAllOfRightProjectionOfLeft" time="0.009"/>
  <testcase classname="javaslang.control.EitherTest" name="shouldThrowOnGetOnRightProjectionOfLeft" time="0.009"/>
  <testcase classname="javaslang.control.EitherTest" name="shouldPeekOnLeftProjectionOfRight" time="0.007"/>
  <testcase classname="javaslang.control.EitherTest" name="shouldReturnIteratorOfRightOfLeftProjection" time="0.004"/>
  <testcase classname="javaslang.control.EitherTest" name="shouldEqualRightProjectionOfLeft" time="0"/>
  <testcase classname="javaslang.control.EitherTest" name="shouldBeAwareOfPropertyThatNotHoldsExistsOfLeftProjectionOfLeft" time="0.002"/>
  <testcase classname="javaslang.control.EitherTest" name="shouldFilterSomeOnLeftProjectionOfLeftIfPredicateMatches" time="0.002"/>
  <testcase classname="javaslang.control.EitherTest" name="shouldReturnOtherWhenOrElseOnRightProjectionOfLeft" time="0"/>
  <testcase classname="javaslang.control.EitherTest" name="shouldReturnFalseWhenCallingIsLeftOnRight" time="0.002"/>
  <testcase classname="javaslang.control.EitherTest" name="shouldReturnTrueWhenCallingIsRightOnRight" time="0.002"/>
  <testcase classname="javaslang.control.EitherTest" name="shouldGetOnLeftProjectionOfLeft" time="0.001"/>
  <testcase classname="javaslang.control.EitherTest" name="shouldMapOnLeftProjectionOfLeft" time="0.001"/>
  <testcase classname="javaslang.control.EitherTest" name="shouldReturnOtherWhenOrElseGetGivenFunctionOnLeftProjectionOfRight" time="0.002"/>
  <testcase classname="javaslang.control.EitherTest" name="shouldReturnRightWhenOrElseRunOnRightProjectionOfRight" time="0.001"/>
  <testcase classname="javaslang.control.EitherTest" name="shouldNotEqualLeftProjectionOfLeftIfObjectIsNull" time="0.001"/>
  <testcase classname="javaslang.control.EitherTest" name="shouldNotHoldPropertyForAllOfLeftProjectionOfRight" time="0.001"/>
  <testcase classname="javaslang.control.EitherTest" name="shouldThrowOnGetOnLeftProjectionOfRight" time="0.001"/>
  <testcase classname="javaslang.control.EitherTest" name="shouldReturnTrueWhenCallingIsLeftOnLeft" time="0"/>
  <testcase classname="javaslang.control.EitherTest" name="shouldSwapLeft" time="0"/>
  <testcase classname="javaslang.control.EitherTest" name="shouldConvertRightToString" time="0"/>
  <testcase classname="javaslang.control.EitherTest" name="shouldFilterNoneOnLeftProjectionOfLeftIfPredicateNotMatches" time="0.003"/>
  <testcase classname="javaslang.control.EitherTest" name="shouldFlatMapLeftProjectionOfRightOnLeftProjectionOfLeft" time="0.003"/>
  <testcase classname="javaslang.control.EitherTest" name="shouldEqualLeftProjectionOfRight" time="0"/>
  <testcase classname="javaslang.control.EitherTest" name="shouldHashRightProjectionOfRight" time="0"/>
  <testcase classname="javaslang.control.EitherTest" name="shouldForEachOnLeftProjectionOfLeft" time="0.007"/>
  <testcase classname="javaslang.control.EitherTest" name="shouldReturnLeftWhenOrElseRunOnLeftProjectionOfLeft" time="0.004"/>
  <testcase classname="javaslang.control.EitherTest" name="shouldEqualRightProjectionOfRightIfObjectIsSame" time="0"/>
  <testcase classname="javaslang.control.EitherTest" name="shouldReturnOtherWhenOrElseOnLeftProjectionOfRight" time="0.001"/>
  <testcase classname="javaslang.control.EitherTest" name="shouldReturnLeftWhenOrElseOnLeftProjectionOfLeft" time="0"/>
  <testcase classname="javaslang.control.EitherTest" name="shouldEqualRight" time="0"/>
  <testcase classname="javaslang.control.EitherTest" name="shouldHashLeft" time="0"/>
  <testcase classname="javaslang.control.EitherTest" name="shouldNotEqualRightProjectionOfRightIfObjectIsNull" time="0"/>
  <testcase classname="javaslang.control.EitherTest" name="shouldEqualLeftProjectionOfRightIfObjectIsSame" time="0"/>
  <testcase classname="javaslang.control.EitherTest" name="shouldConvertLeftProjectionOfLeftToEither" time="0.001"/>
  <testcase classname="javaslang.control.EitherTest" name="shouldConvertRightProjectionOfLeftToEither" time="0"/>
  <testcase classname="javaslang.control.EitherTest" name="shouldBeAwareOfPropertyThatHoldsExistsOfRightProjectionOfRight" time="0.001"/>
  <testcase classname="javaslang.control.EitherTest" name="shouldGetOnRightProjectionOfRight" time="0"/>
  <testcase classname="javaslang.control.EitherTest" name="shouldFoldLeft" time="0.001"/>
  <testcase classname="javaslang.control.EitherTest" name="shouldReturnRightWhenOrElseGetGivenFunctionOnRightProjectionOfRight" time="0"/>
  <testcase classname="javaslang.control.EitherTest" name="shouldBeAwareOfPropertyThatNotHoldsForAllOfLeftProjectionOfLeft" time="0.001"/>
  <testcase classname="javaslang.control.EitherTest" name="shouldHashRight" time="0"/>
  <testcase classname="javaslang.control.EitherTest" name="shouldEqualLeftIfObjectIsSame" time="0.001"/>
  <testcase classname="javaslang.control.EitherTest" name="shouldReturnLeftWhenOrElseThrowWithFunctionOnLeftProjectionOfLeft" time="0"/>
  <testcase classname="javaslang.control.EitherTest" name="shouldForEachOnRightProjectionOfRight" time="0.001"/>
  <testcase classname="javaslang.control.EitherTest" name="shouldConvertLeftProjectionOfLeftToString" time="0"/>
  <testcase classname="javaslang.control.EitherTest" name="shouldFoldRight" time="0.001"/>
  <testcase classname="javaslang.control.EitherTest" name="shouldConvertRightProjectionOfLeftToString" time="0"/>
  <testcase classname="javaslang.control.EitherTest" name="shouldNotEqualRightProjectionOfLeftIfObjectIsOfDifferentType" time="0.005"/>
  <testcase classname="javaslang.control.EitherTest" name="shouldFilterNoneOnRightProjectionOfRightIfPredicateNotMatches" time="0.001"/>
  <testcase classname="javaslang.control.EitherTest" name="shouldFlatMapOnRightProjectionOfLeft" time="0.001"/>
  <testcase classname="javaslang.control.EitherTest" name="shouldConvertRightProjectionOfLeftToJavaOptional" time="0.004"/>
  <testcase classname="javaslang.control.EitherTest" name="shouldBeAwareOfPropertyThatHoldsForAllOfRightProjectionOfRight" time="0.001"/>
  <testcase classname="javaslang.control.EitherTest" name="shouldEqualLeft" time="0"/>
  <testcase classname="javaslang.control.EitherTest" name="shouldNotEqualRightIfObjectIsNull" time="0"/>
  <testcase classname="javaslang.control.EitherTest" name="shouldConvertLeftProjectionOfRightToNone" time="0"/>
  <testcase classname="javaslang.control.EitherTest" name="shouldFlatMapOnRightProjectionOfRight" time="0.001"/>
  <testcase classname="javaslang.control.EitherTest" name="shouldConvertRightProjectionOfRightToJavaOptional" time="0"/>
  <testcase classname="javaslang.control.EitherTest" name="shouldNotEqualLeftProjectionOfLeftIfObjectIsOfDifferentType" time="0.001"/>
  <testcase classname="javaslang.control.EitherTest" name="shouldPeekOnRightProjectionOfRight" time="0.005"/>
  <testcase classname="javaslang.control.EitherTest" name="shouldFilterNoneOnRightProjectionOfLeftIfPredicateNotMatches" time="0.003"/>
  <testcase classname="javaslang.control.EitherTest" name="shouldBimapRight" time="0.001"/>
  <testcase classname="javaslang.control.EitherTest" name="shouldEqualLeftProjectionOfLeft" time="0"/>
  <testcase classname="javaslang.control.EitherTest" name="shouldHashRightProjectionOfLeft" time="0"/>
  <testcase classname="javaslang.control.EitherTest" name="shouldNotEqualRightProjectionOfLeftIfObjectIsNull" time="0"/>
  <testcase classname="javaslang.control.EitherTest" name="shouldFlatMapOnLeftProjectionOfRight" time="0"/>
  <testcase classname="javaslang.control.EitherTest" name="shouldReturnFalseWhenCallingIsRightOnLeft" time="0.001"/>
  <testcase classname="javaslang.control.EitherTest" name="shouldFlatMapRightProjectionOfLeftOnRightProjectionOfRight" time="0.001"/>
  <testcase classname="javaslang.control.EitherTest" name="shouldReturnRightWhenOrElseThrowWithFunctionOnRightProjectionOfRight" time="0"/>
  <testcase classname="javaslang.control.EitherTest" name="shouldMapOnRightProjectionOfRight" time="0"/>
  <testcase classname="javaslang.control.EitherTest" name="shouldHashLeftProjectionOfLeft" time="0"/>
  <testcase classname="javaslang.control.EitherTest" name="shouldEqualRightProjectionOfRight" time="0"/>
  <testcase classname="javaslang.control.EitherTest" name="shouldNotEqualRightProjectionOfRightIfObjectIsOfDifferentType" time="0"/>
  <testcase classname="javaslang.control.EitherTest" name="shouldReturnOtherWhenOrElseRunOnRightProjectionOfLeft" time="0.001"/>
  <testcase classname="javaslang.control.EitherTest" name="shouldConvertRightProjectionOfLeftToNone" time="0.001"/>
  <testcase classname="javaslang.control.EitherTest" name="shouldReturnIteratorOfLeftOfRightProjection" time="0.001"/>
  <testcase classname="javaslang.control.EitherTest" name="shouldConvertLeftToString" time="0"/>
  <testcase classname="javaslang.control.EitherTest" name="shouldHashLeftProjectionOfRight" time="0.001"/>
  <testcase classname="javaslang.control.EitherTest" name="shouldEqualLeftProjectionOfLeftIfObjectIsSame" time="0.001"/>
  <testcase classname="javaslang.control.EitherTest" name="shouldBeAwareOfPropertyThatHoldsExistsOfLeftProjectionOfLeft" time="0.001"/>
  <testcase classname="javaslang.control.EitherTest" name="shouldForEachOnRightProjectionOfLeft" time="0.001"/>
  <testcase classname="javaslang.control.EitherTest" name="shouldThrowWhenOrElseThrowWithFunctionOnRightProjectionOfLeft" time="0.001"/>
  <testcase classname="javaslang.control.EitherTest" name="shouldNotHoldPropertyExistsOfRightProjectionOfLeft" time="0.001"/>
  <testcase classname="javaslang.control.EitherTest" name="shouldEqualRightIfObjectIsSame" time="0.001"/>
  <testcase classname="javaslang.control.EitherTest" name="shouldConvertLeftProjectionOfRightToEither" time="0"/>
  <testcase classname="javaslang.control.EitherTest" name="shouldConvertRightProjectionOfRightToEither" time="0"/>
  <testcase classname="javaslang.control.EitherTest" name="shouldReturnIteratorOfLeftOfLeftProjection" time="0"/>
  <testcase classname="javaslang.control.EitherTest" name="shouldFilterSomeOnRightProjectionOfRightIfPredicateMatches" time="0"/>
  <testcase classname="javaslang.control.EitherTest" name="shouldReturnOtherWhenOrElseRunOnLeftProjectionOfRight" time="0.001"/>
  <testcase classname="javaslang.control.EitherTest" name="shouldMapOnRightProjectionOfLeft" time="0.001"/>
  <testcase classname="javaslang.control.EitherTest" name="shouldConvertLeftProjectionOfRightToString" time="0"/>
  <testcase classname="javaslang.control.EitherTest" name="shouldForEachOnLeftProjectionOfRight" time="0.001"/>
  <testcase classname="javaslang.control.EitherTest" name="shouldReturnLeftWhenOrElseGetGivenFunctionOnLeftProjectionOfLeft" time="0.001"/>
  <testcase classname="javaslang.control.EitherTest" name="shouldThrowWhenOrElseThrowWithFunctionOnLeftProjectionOfRight" time="0.001"/>
  <testcase classname="javaslang.control.EitherTest" name="shouldNotHoldPropertyExistsOfLeftProjectionOfRight" time="0"/>
  <testcase classname="javaslang.control.EitherTest" name="shouldFilterSomeOnLeftProjectionOfRightIfPredicateMatches" time="0.002"/>
  <testcase classname="javaslang.control.EitherTest" name="shouldBeAwareOfPropertyThatNotHoldsExistsOfRightProjectionOfRight" time="0.001"/>
  <testcase classname="javaslang.control.EitherTest" name="shouldNotEqualLeftIfObjectIsOfDifferentType" time="0"/>
  <testcase classname="javaslang.control.EitherTest" name="shouldBimapLeft" time="0.002"/>
  <testcase classname="javaslang.control.EitherTest" name="shouldConvertRightProjectionOfRightToString" time="0"/>
  <testcase classname="javaslang.control.EitherTest" name="shouldConvertLeftProjectionOfRightToJavaOptional" time="0.001"/>
  <testcase classname="javaslang.control.EitherTest" name="shouldNotEqualLeftProjectionOfRightIfObjectIsOfDifferentType" time="0.001"/>
  <testcase classname="javaslang.control.EitherTest" name="shouldPeekOnLeftProjectionOfLeft" time="0.001"/>
  <testcase classname="javaslang.control.EitherTest" name="shouldFilterSomeOnRightProjectionOfLeftIfPredicateMatches" time="0.001"/>
  <testcase classname="javaslang.control.EitherTest" name="shouldReturnIteratorOfRightOfRightProjection" time="0"/>
  <testcase classname="javaslang.control.EitherTest" name="shouldReturnRightWhenOrElseOnRightProjectionOfRight" time="0.001"/>
  <testcase classname="javaslang.control.EitherTest" name="shouldEqualRightProjectionOfLeftIfObjectIsSame" time="0"/>
  <testcase classname="javaslang.control.EitherTest" name="shouldConvertRightProjectionOfRightToSome" time="0.001"/>
  <testcase classname="javaslang.control.EitherTest" name="shouldPeekOnRightProjectionOfLeft" time="0.001"/>
  <testcase classname="javaslang.control.EitherTest" name="shouldMapOnLeftProjectionOfRight" time="0.001"/>
  <testcase classname="javaslang.control.EitherTest" name="shouldConvertLeftProjectionOfLeftToSome" time="0"/>
  <testcase classname="javaslang.control.EitherTest" name="shouldNotEqualRightIfObjectIsOfDifferentType" time="0"/>
  <testcase classname="javaslang.control.EitherTest" name="shouldFlatMapOnLeftProjectionOfLeft" time="0.001"/>
  <testcase classname="javaslang.control.EitherTest" name="shouldNotEqualLeftProjectionOfRightIfObjectIsNull" time="0"/>
  <testcase classname="javaslang.control.EitherTest" name="shouldBeAwareOfPropertyThatHoldsForAllOfLeftProjectionOfLeft" time="0.001"/>
  <testcase classname="javaslang.control.EitherTest" name="shouldConvertLeftProjectionOfLeftToJavaOptional" time="0.001"/>
  <testcase classname="javaslang.control.EitherTest" name="shouldNotEqualLeftIfObjectIsNull" time="0"/>
  <testcase classname="javaslang.control.EitherTest" name="shouldSwapRight" time="0"/>
  <testcase classname="javaslang.control.EitherTest" name="shouldBeAwareOfPropertyThatNotHoldsForAllOfRightProjectionOfRight" time="0.001"/>
  <testcase classname="javaslang.control.EitherTest" name="shouldFilterNoneOnLeftProjectionOfRightIfPredicateNotMatches" time="0"/>
  <testcase classname="javaslang.control.EitherTest" name="shouldReturnOtherWhenOrElseGetGivenFunctionOnRightProjectionOfLeft" time="0.001"/>
</testsuite>