<?xml version="1.0" encoding="UTF-8"?>
<!-- Generated by org.testng.reporters.JUnitXMLReporter -->
<testsuite hostname="travis-job-3afffb0c-585b-47c0-9e4d-a216860e9e5e" name="Command line test d07b2faf-75e7-4e15-a13b-88ed46ec7135" tests="3" failures="0" timestamp="28 Jun 2019 20:51:10 GMT" time="0.005" errors="0">
  <testcase name="testAdd" time="0.0" classname="quickdt.ClassificationCounterTest"/>
  <testcase name="testMerge" time="0.0" classname="quickdt.ClassificationCounterTest"/>
  <testcase name="testSubtract" time="0.0" classname="quickdt.ClassificationCounterTest"/>
</testsuite> <!-- Command line test d07b2faf-75e7-4e15-a13b-88ed46ec7135 -->
